[2023-11-07T03:05:24.160+0000] {logging_mixin.py:151} INFO - Changing /opt/***/logs/dag_id=check_S3_minio_bucket_v01/run_id=manual__2023-11-07T03:05:19.964230+00:00/task_id=1st_task permission to 509
[2023-11-07T03:05:24.244+0000] {logging_mixin.py:151} INFO - Changing /opt/***/logs/dag_id=check_S3_minio_bucket_v01/run_id=manual__2023-11-07T03:05:19.964230+00:00/task_id=1st_task permission to 509
[2023-11-07T03:05:24.316+0000] {taskinstance.py:1159} INFO - Dependencies all met for dep_context=non-requeueable deps ti=<TaskInstance: check_S3_minio_bucket_v01.1st_task manual__2023-11-07T03:05:19.964230+00:00 [queued]>
[2023-11-07T03:05:24.347+0000] {taskinstance.py:1159} INFO - Dependencies all met for dep_context=requeueable deps ti=<TaskInstance: check_S3_minio_bucket_v01.1st_task manual__2023-11-07T03:05:19.964230+00:00 [queued]>
[2023-11-07T03:05:24.349+0000] {taskinstance.py:1361} INFO - Starting attempt 1 of 6
[2023-11-07T03:05:24.389+0000] {taskinstance.py:1382} INFO - Executing <Task(BashOperator): 1st_task> on 2023-11-07 03:05:19.964230+00:00
[2023-11-07T03:05:24.407+0000] {standard_task_runner.py:57} INFO - Started process 25100 to run task
[2023-11-07T03:05:24.414+0000] {standard_task_runner.py:84} INFO - Running: ['***', 'tasks', 'run', 'check_S3_minio_bucket_v01', '1st_task', 'manual__2023-11-07T03:05:19.964230+00:00', '--job-id', '326', '--raw', '--subdir', 'DAGS_FOLDER/check_S3_bucket.py', '--cfg-path', '/tmp/tmpb7o3gne4']
[2023-11-07T03:05:24.420+0000] {standard_task_runner.py:85} INFO - Job 326: Subtask 1st_task
[2023-11-07T03:05:24.519+0000] {logging_mixin.py:151} INFO - Changing /opt/***/logs/dag_id=check_S3_minio_bucket_v01/run_id=manual__2023-11-07T03:05:19.964230+00:00/task_id=1st_task permission to 509
[2023-11-07T03:05:24.530+0000] {task_command.py:416} INFO - Running <TaskInstance: check_S3_minio_bucket_v01.1st_task manual__2023-11-07T03:05:19.964230+00:00 [running]> on host c4630ce72677
[2023-11-07T03:05:24.694+0000] {taskinstance.py:1662} INFO - Exporting env vars: AIRFLOW_CTX_DAG_OWNER='Toema' AIRFLOW_CTX_DAG_ID='check_S3_minio_bucket_v01' AIRFLOW_CTX_TASK_ID='1st_task' AIRFLOW_CTX_EXECUTION_DATE='2023-11-07T03:05:19.964230+00:00' AIRFLOW_CTX_TRY_NUMBER='1' AIRFLOW_CTX_DAG_RUN_ID='manual__2023-11-07T03:05:19.964230+00:00'
[2023-11-07T03:05:24.700+0000] {subprocess.py:63} INFO - Tmp dir root location: /tmp
[2023-11-07T03:05:24.723+0000] {subprocess.py:75} INFO - Running command: ['/bin/bash', '-c', 'pip install minio ']
[2023-11-07T03:05:24.751+0000] {subprocess.py:86} INFO - Output:
[2023-11-07T03:05:29.657+0000] {subprocess.py:93} INFO - Defaulting to user installation because normal site-packages is not writeable
[2023-11-07T03:05:31.418+0000] {subprocess.py:93} INFO - Requirement already satisfied: minio in /home/***/.local/lib/python3.8/site-packages (7.1.17)
[2023-11-07T03:05:31.428+0000] {subprocess.py:93} INFO - Requirement already satisfied: urllib3 in /home/***/.local/lib/python3.8/site-packages (from minio) (1.26.17)
[2023-11-07T03:05:31.430+0000] {subprocess.py:93} INFO - Requirement already satisfied: certifi in /home/***/.local/lib/python3.8/site-packages (from minio) (2023.7.22)
[2023-11-07T03:05:47.428+0000] {subprocess.py:93} INFO - 
[2023-11-07T03:05:47.431+0000] {subprocess.py:93} INFO - [notice] A new release of pip is available: 23.0.1 -> 23.3.1
[2023-11-07T03:05:47.433+0000] {subprocess.py:93} INFO - [notice] To update, run: pip install --upgrade pip
[2023-11-07T03:05:48.374+0000] {subprocess.py:97} INFO - Command exited with return code 0
[2023-11-07T03:05:48.479+0000] {taskinstance.py:1400} INFO - Marking task as SUCCESS. dag_id=check_S3_minio_bucket_v01, task_id=1st_task, execution_date=20231107T030519, start_date=20231107T030524, end_date=20231107T030548
[2023-11-07T03:05:48.558+0000] {local_task_job_runner.py:228} INFO - Task exited with return code 0
[2023-11-07T03:05:48.664+0000] {taskinstance.py:2778} INFO - 1 downstream tasks scheduled from follow-on schedule check
