[2023-11-08T00:00:37.616+0000] {logging_mixin.py:151} INFO - Changing /opt/***/logs/dag_id=check_S3_minio_bucket_v01/run_id=scheduled__2023-11-07T00:00:00+00:00/task_id=2nd_task permission to 509
[2023-11-08T00:00:37.693+0000] {logging_mixin.py:151} INFO - Changing /opt/***/logs/dag_id=check_S3_minio_bucket_v01/run_id=scheduled__2023-11-07T00:00:00+00:00/task_id=2nd_task permission to 509
[2023-11-08T00:00:37.754+0000] {taskinstance.py:1159} INFO - Dependencies all met for dep_context=non-requeueable deps ti=<TaskInstance: check_S3_minio_bucket_v01.2nd_task scheduled__2023-11-07T00:00:00+00:00 [queued]>
[2023-11-08T00:00:37.781+0000] {taskinstance.py:1159} INFO - Dependencies all met for dep_context=requeueable deps ti=<TaskInstance: check_S3_minio_bucket_v01.2nd_task scheduled__2023-11-07T00:00:00+00:00 [queued]>
[2023-11-08T00:00:37.783+0000] {taskinstance.py:1361} INFO - Starting attempt 1 of 6
[2023-11-08T00:00:37.827+0000] {taskinstance.py:1382} INFO - Executing <Task(BashOperator): 2nd_task> on 2023-11-07 00:00:00+00:00
[2023-11-08T00:00:37.840+0000] {standard_task_runner.py:57} INFO - Started process 4685 to run task
[2023-11-08T00:00:37.846+0000] {standard_task_runner.py:84} INFO - Running: ['***', 'tasks', 'run', 'check_S3_minio_bucket_v01', '2nd_task', 'scheduled__2023-11-07T00:00:00+00:00', '--job-id', '384', '--raw', '--subdir', 'DAGS_FOLDER/check_S3_bucket.py', '--cfg-path', '/tmp/tmpt8xwye8r']
[2023-11-08T00:00:37.851+0000] {standard_task_runner.py:85} INFO - Job 384: Subtask 2nd_task
[2023-11-08T00:00:38.230+0000] {logging_mixin.py:151} INFO - Changing /opt/***/logs/dag_id=check_S3_minio_bucket_v01/run_id=scheduled__2023-11-07T00:00:00+00:00/task_id=2nd_task permission to 509
[2023-11-08T00:00:38.245+0000] {task_command.py:416} INFO - Running <TaskInstance: check_S3_minio_bucket_v01.2nd_task scheduled__2023-11-07T00:00:00+00:00 [running]> on host ab25723b72db
[2023-11-08T00:00:38.434+0000] {taskinstance.py:1662} INFO - Exporting env vars: AIRFLOW_CTX_DAG_OWNER='Toema' AIRFLOW_CTX_DAG_ID='check_S3_minio_bucket_v01' AIRFLOW_CTX_TASK_ID='2nd_task' AIRFLOW_CTX_EXECUTION_DATE='2023-11-07T00:00:00+00:00' AIRFLOW_CTX_TRY_NUMBER='1' AIRFLOW_CTX_DAG_RUN_ID='scheduled__2023-11-07T00:00:00+00:00'
[2023-11-08T00:00:38.437+0000] {subprocess.py:63} INFO - Tmp dir root location: /tmp
[2023-11-08T00:00:38.442+0000] {subprocess.py:75} INFO - Running command: ['/bin/bash', '-c', 'pip install urllib3']
[2023-11-08T00:00:38.474+0000] {subprocess.py:86} INFO - Output:
[2023-11-08T00:00:40.411+0000] {subprocess.py:93} INFO - Defaulting to user installation because normal site-packages is not writeable
[2023-11-08T00:00:40.761+0000] {subprocess.py:93} INFO - Requirement already satisfied: urllib3 in /home/***/.local/lib/python3.8/site-packages (1.26.17)
[2023-11-08T00:00:51.239+0000] {subprocess.py:93} INFO - 
[2023-11-08T00:00:51.240+0000] {subprocess.py:93} INFO - [notice] A new release of pip is available: 23.0.1 -> 23.3.1
[2023-11-08T00:00:51.242+0000] {subprocess.py:93} INFO - [notice] To update, run: pip install --upgrade pip
[2023-11-08T00:00:51.681+0000] {subprocess.py:97} INFO - Command exited with return code 0
[2023-11-08T00:00:51.726+0000] {taskinstance.py:1400} INFO - Marking task as SUCCESS. dag_id=check_S3_minio_bucket_v01, task_id=2nd_task, execution_date=20231107T000000, start_date=20231108T000037, end_date=20231108T000051
[2023-11-08T00:00:51.771+0000] {local_task_job_runner.py:228} INFO - Task exited with return code 0
[2023-11-08T00:00:51.798+0000] {taskinstance.py:2778} INFO - 1 downstream tasks scheduled from follow-on schedule check
