[2023-11-07T01:31:35.230+0000] {logging_mixin.py:151} INFO - Changing /opt/***/logs/dag_id=export_google_data_v02/run_id=manual__2023-11-07T01:31:27.646283+00:00/task_id=3rd_task permission to 509
[2023-11-07T01:31:35.287+0000] {logging_mixin.py:151} INFO - Changing /opt/***/logs/dag_id=export_google_data_v02/run_id=manual__2023-11-07T01:31:27.646283+00:00/task_id=3rd_task permission to 509
[2023-11-07T01:31:35.391+0000] {taskinstance.py:1159} INFO - Dependencies all met for dep_context=non-requeueable deps ti=<TaskInstance: export_google_data_v02.3rd_task manual__2023-11-07T01:31:27.646283+00:00 [queued]>
[2023-11-07T01:31:35.421+0000] {taskinstance.py:1159} INFO - Dependencies all met for dep_context=requeueable deps ti=<TaskInstance: export_google_data_v02.3rd_task manual__2023-11-07T01:31:27.646283+00:00 [queued]>
[2023-11-07T01:31:35.423+0000] {taskinstance.py:1361} INFO - Starting attempt 1 of 6
[2023-11-07T01:31:35.460+0000] {taskinstance.py:1382} INFO - Executing <Task(BashOperator): 3rd_task> on 2023-11-07 01:31:27.646283+00:00
[2023-11-07T01:31:35.475+0000] {standard_task_runner.py:57} INFO - Started process 11084 to run task
[2023-11-07T01:31:35.588+0000] {standard_task_runner.py:84} INFO - Running: ['***', 'tasks', 'run', 'export_google_data_v02', '3rd_task', 'manual__2023-11-07T01:31:27.646283+00:00', '--job-id', '284', '--raw', '--subdir', 'DAGS_FOLDER/export_data.py', '--cfg-path', '/tmp/tmpk32copvj']
[2023-11-07T01:31:35.683+0000] {standard_task_runner.py:85} INFO - Job 284: Subtask 3rd_task
[2023-11-07T01:31:39.951+0000] {logging_mixin.py:151} INFO - Changing /opt/***/logs/dag_id=export_google_data_v02/run_id=manual__2023-11-07T01:31:27.646283+00:00/task_id=3rd_task permission to 509
[2023-11-07T01:31:39.964+0000] {task_command.py:416} INFO - Running <TaskInstance: export_google_data_v02.3rd_task manual__2023-11-07T01:31:27.646283+00:00 [running]> on host c4630ce72677
[2023-11-07T01:31:40.552+0000] {taskinstance.py:1662} INFO - Exporting env vars: AIRFLOW_CTX_DAG_OWNER='Toema' AIRFLOW_CTX_DAG_ID='export_google_data_v02' AIRFLOW_CTX_TASK_ID='3rd_task' AIRFLOW_CTX_EXECUTION_DATE='2023-11-07T01:31:27.646283+00:00' AIRFLOW_CTX_TRY_NUMBER='1' AIRFLOW_CTX_DAG_RUN_ID='manual__2023-11-07T01:31:27.646283+00:00'
[2023-11-07T01:31:40.573+0000] {subprocess.py:63} INFO - Tmp dir root location: /tmp
[2023-11-07T01:31:40.587+0000] {subprocess.py:75} INFO - Running command: ['/bin/bash', '-c', 'python /opt/***/dags/src/scripts/export_data.py']
[2023-11-07T01:31:40.712+0000] {subprocess.py:86} INFO - Output:
[2023-11-07T01:31:50.013+0000] {subprocess.py:93} INFO - Traceback (most recent call last):
[2023-11-07T01:31:50.015+0000] {subprocess.py:93} INFO -   File "/opt/***/dags/src/scripts/export_data.py", line 41, in <module>
[2023-11-07T01:31:50.017+0000] {subprocess.py:93} INFO -     sources_all = config.read_config(
[2023-11-07T01:31:50.019+0000] {subprocess.py:93} INFO -   File "/opt/***/dags/src/scripts/../../src/pipeline/config.py", line 71, in read_config
[2023-11-07T01:31:50.021+0000] {subprocess.py:93} INFO -     sources_with_data = get_sources_with_data()
[2023-11-07T01:31:50.023+0000] {subprocess.py:93} INFO -   File "/opt/***/dags/src/scripts/../../src/pipeline/config.py", line 56, in get_sources_with_data
[2023-11-07T01:31:50.025+0000] {subprocess.py:93} INFO -     scraped_sources = [f.name for f in os.scandir(scraped_dir) if f.is_dir()]
[2023-11-07T01:31:50.027+0000] {subprocess.py:93} INFO -   File "/opt/***/dags/src/scripts/../../src/pipeline/config.py", line 56, in <listcomp>
[2023-11-07T01:31:50.029+0000] {subprocess.py:93} INFO -     scraped_sources = [f.name for f in os.scandir(scraped_dir) if f.is_dir()]
[2023-11-07T01:31:50.031+0000] {subprocess.py:93} INFO - OSError: [Errno 12] Cannot allocate memory: '/opt/***/dags/data/inputs/scraped'
[2023-11-07T01:31:50.275+0000] {subprocess.py:97} INFO - Command exited with return code 1
[2023-11-07T01:31:50.303+0000] {taskinstance.py:1937} ERROR - Task failed with exception
Traceback (most recent call last):
  File "/home/airflow/.local/lib/python3.8/site-packages/airflow/operators/bash.py", line 210, in execute
    raise AirflowException(
airflow.exceptions.AirflowException: Bash command failed. The command returned a non-zero exit code 1.
[2023-11-07T01:31:50.341+0000] {taskinstance.py:1400} INFO - Marking task as UP_FOR_RETRY. dag_id=export_google_data_v02, task_id=3rd_task, execution_date=20231107T013127, start_date=20231107T013135, end_date=20231107T013150
[2023-11-07T01:31:50.383+0000] {standard_task_runner.py:104} ERROR - Failed to execute job 284 for task 3rd_task (Bash command failed. The command returned a non-zero exit code 1.; 11084)
[2023-11-07T01:31:50.424+0000] {local_task_job_runner.py:228} INFO - Task exited with return code 1
[2023-11-07T01:31:50.482+0000] {taskinstance.py:2778} INFO - 0 downstream tasks scheduled from follow-on schedule check
