[2023-11-05T13:31:12.610+0000] {logging_mixin.py:151} INFO - Changing /opt/***/logs/dag_id=fetch_google_data_v01/run_id=manual__2023-11-04T23:49:55.656438+00:00/task_id=3rd_task permission to 509
[2023-11-05T13:31:12.665+0000] {logging_mixin.py:151} INFO - Changing /opt/***/logs/dag_id=fetch_google_data_v01/run_id=manual__2023-11-04T23:49:55.656438+00:00/task_id=3rd_task permission to 509
[2023-11-05T13:31:12.739+0000] {taskinstance.py:1159} INFO - Dependencies all met for dep_context=non-requeueable deps ti=<TaskInstance: fetch_google_data_v01.3rd_task manual__2023-11-04T23:49:55.656438+00:00 [queued]>
[2023-11-05T13:31:12.759+0000] {taskinstance.py:1159} INFO - Dependencies all met for dep_context=requeueable deps ti=<TaskInstance: fetch_google_data_v01.3rd_task manual__2023-11-04T23:49:55.656438+00:00 [queued]>
[2023-11-05T13:31:12.761+0000] {taskinstance.py:1361} INFO - Starting attempt 4 of 6
[2023-11-05T13:31:12.786+0000] {taskinstance.py:1382} INFO - Executing <Task(BashOperator): 3rd_task> on 2023-11-04 23:49:55.656438+00:00
[2023-11-05T13:31:12.794+0000] {standard_task_runner.py:57} INFO - Started process 33227 to run task
[2023-11-05T13:31:12.798+0000] {standard_task_runner.py:84} INFO - Running: ['***', 'tasks', 'run', 'fetch_google_data_v01', '3rd_task', 'manual__2023-11-04T23:49:55.656438+00:00', '--job-id', '166', '--raw', '--subdir', 'DAGS_FOLDER/fetch_data.py', '--cfg-path', '/tmp/tmpyspcfnez']
[2023-11-05T13:31:12.802+0000] {standard_task_runner.py:85} INFO - Job 166: Subtask 3rd_task
[2023-11-05T13:31:12.890+0000] {logging_mixin.py:151} INFO - Changing /opt/***/logs/dag_id=fetch_google_data_v01/run_id=manual__2023-11-04T23:49:55.656438+00:00/task_id=3rd_task permission to 509
[2023-11-05T13:31:12.900+0000] {task_command.py:416} INFO - Running <TaskInstance: fetch_google_data_v01.3rd_task manual__2023-11-04T23:49:55.656438+00:00 [running]> on host 264d7b91d87b
[2023-11-05T13:31:13.049+0000] {taskinstance.py:1662} INFO - Exporting env vars: AIRFLOW_CTX_DAG_OWNER='Toema' AIRFLOW_CTX_DAG_ID='fetch_google_data_v01' AIRFLOW_CTX_TASK_ID='3rd_task' AIRFLOW_CTX_EXECUTION_DATE='2023-11-04T23:49:55.656438+00:00' AIRFLOW_CTX_TRY_NUMBER='4' AIRFLOW_CTX_DAG_RUN_ID='manual__2023-11-04T23:49:55.656438+00:00'
[2023-11-05T13:31:13.051+0000] {subprocess.py:63} INFO - Tmp dir root location: /tmp
[2023-11-05T13:31:13.057+0000] {subprocess.py:75} INFO - Running command: ['/bin/bash', '-c', 'python /opt/***/dags/src/scripts/fetch_automatic_downloads.py']
[2023-11-05T13:31:13.075+0000] {subprocess.py:86} INFO - Output:
[2023-11-05T13:34:57.579+0000] {subprocess.py:93} INFO - Downloading data for:  italy_and_regions
[2023-11-05T13:34:57.581+0000] {subprocess.py:93} INFO - Source url:  https://raw.githubusercontent.com/pcm-dpc/COVID-19/master/dati-regioni/dpc-covid19-ita-regioni.csv
[2023-11-05T13:34:57.583+0000] {subprocess.py:93} INFO - 
[2023-11-05T13:34:57.585+0000] {subprocess.py:93} INFO - File written to:  /opt/***/dags/data/inputs/downloaded/italy_and_regions/2023-11-05/dpc-covid19-ita-regioni (1).csv
[2023-11-05T13:34:57.587+0000] {subprocess.py:93} INFO - Downloading data for:  nytimes
[2023-11-05T13:34:57.589+0000] {subprocess.py:93} INFO - Source url:  https://raw.githubusercontent.com/nytimes/covid-19-data/master/us-counties.csv
[2023-11-05T13:34:57.591+0000] {subprocess.py:93} INFO - 
[2023-11-05T13:34:57.593+0000] {subprocess.py:93} INFO - File written to:  /opt/***/dags/data/inputs/downloaded/nytimes/2023-11-05/us-counties (1).csv
[2023-11-05T13:34:57.595+0000] {subprocess.py:93} INFO - Downloading data for:  our_world_in_data
[2023-11-05T13:34:57.597+0000] {subprocess.py:93} INFO - Source url:  https://raw.githubusercontent.com/owid/covid-19-data/master/public/data/owid-covid-data.csv
[2023-11-05T13:34:57.598+0000] {subprocess.py:93} INFO - 
[2023-11-05T13:34:57.600+0000] {subprocess.py:93} INFO - File written to:  /opt/***/dags/data/inputs/downloaded/our_world_in_data/2023-11-05/full_data (1).csv
[2023-11-05T13:34:57.602+0000] {subprocess.py:93} INFO - Downloading data for:  oxford_policy
[2023-11-05T13:34:57.604+0000] {subprocess.py:93} INFO - Source url:  https://raw.githubusercontent.com/OxCGRT/covid-policy-tracker/master/data/OxCGRT_latest.csv
[2023-11-05T13:34:57.607+0000] {subprocess.py:93} INFO - Traceback (most recent call last):
[2023-11-05T13:34:57.609+0000] {subprocess.py:93} INFO -   File "/opt/***/dags/src/scripts/fetch_automatic_downloads.py", line 60, in <module>
[2023-11-05T13:34:57.611+0000] {subprocess.py:93} INFO -     output = wget.download(source_url, out_path)
[2023-11-05T13:34:57.613+0000] {subprocess.py:93} INFO -   File "/home/***/.local/lib/python3.8/site-packages/wget.py", line 526, in download
[2023-11-05T13:34:57.614+0000] {subprocess.py:93} INFO -     (tmpfile, headers) = ulib.urlretrieve(binurl, tmpfile, callback)
[2023-11-05T13:34:57.616+0000] {subprocess.py:93} INFO -   File "/usr/local/lib/python3.8/urllib/request.py", line 247, in urlretrieve
[2023-11-05T13:34:57.618+0000] {subprocess.py:93} INFO -     with contextlib.closing(urlopen(url, data)) as fp:
[2023-11-05T13:34:57.620+0000] {subprocess.py:93} INFO -   File "/usr/local/lib/python3.8/urllib/request.py", line 222, in urlopen
[2023-11-05T13:34:57.621+0000] {subprocess.py:93} INFO -     return opener.open(url, data, timeout)
[2023-11-05T13:34:57.623+0000] {subprocess.py:93} INFO -   File "/usr/local/lib/python3.8/urllib/request.py", line 531, in open
[2023-11-05T13:34:57.625+0000] {subprocess.py:93} INFO -     response = meth(req, response)
[2023-11-05T13:34:57.627+0000] {subprocess.py:93} INFO -   File "/usr/local/lib/python3.8/urllib/request.py", line 640, in http_response
[2023-11-05T13:34:57.628+0000] {subprocess.py:93} INFO -     response = self.parent.error(
[2023-11-05T13:34:57.630+0000] {subprocess.py:93} INFO -   File "/usr/local/lib/python3.8/urllib/request.py", line 569, in error
[2023-11-05T13:34:57.632+0000] {subprocess.py:93} INFO -     return self._call_chain(*args)
[2023-11-05T13:34:57.634+0000] {subprocess.py:93} INFO -   File "/usr/local/lib/python3.8/urllib/request.py", line 502, in _call_chain
[2023-11-05T13:34:57.636+0000] {subprocess.py:93} INFO -     result = func(*args)
[2023-11-05T13:34:57.637+0000] {subprocess.py:93} INFO -   File "/usr/local/lib/python3.8/urllib/request.py", line 649, in http_error_default
[2023-11-05T13:34:57.639+0000] {subprocess.py:93} INFO -     raise HTTPError(req.full_url, code, msg, hdrs, fp)
[2023-11-05T13:34:57.641+0000] {subprocess.py:93} INFO - urllib.error.HTTPError: HTTP Error 404: Not Found
[2023-11-05T13:34:57.648+0000] {subprocess.py:97} INFO - Command exited with return code 1
[2023-11-05T13:34:57.675+0000] {taskinstance.py:1937} ERROR - Task failed with exception
Traceback (most recent call last):
  File "/home/airflow/.local/lib/python3.8/site-packages/airflow/operators/bash.py", line 210, in execute
    raise AirflowException(
airflow.exceptions.AirflowException: Bash command failed. The command returned a non-zero exit code 1.
[2023-11-05T13:34:57.687+0000] {taskinstance.py:1400} INFO - Marking task as UP_FOR_RETRY. dag_id=fetch_google_data_v01, task_id=3rd_task, execution_date=20231104T234955, start_date=20231105T133112, end_date=20231105T133457
[2023-11-05T13:34:57.731+0000] {standard_task_runner.py:104} ERROR - Failed to execute job 166 for task 3rd_task (Bash command failed. The command returned a non-zero exit code 1.; 33227)
[2023-11-05T13:34:57.824+0000] {local_task_job_runner.py:228} INFO - Task exited with return code 1
[2023-11-05T13:34:57.858+0000] {taskinstance.py:2778} INFO - 0 downstream tasks scheduled from follow-on schedule check
