[2023-11-07T02:05:58.398+0000] {logging_mixin.py:151} INFO - Changing /opt/***/logs/dag_id=export_google_data_v02/run_id=scheduled__2023-11-03T00:00:00+00:00/task_id=3rd_task permission to 509
[2023-11-07T02:05:58.506+0000] {logging_mixin.py:151} INFO - Changing /opt/***/logs/dag_id=export_google_data_v02/run_id=scheduled__2023-11-03T00:00:00+00:00/task_id=3rd_task permission to 509
[2023-11-07T02:05:58.680+0000] {taskinstance.py:1159} INFO - Dependencies all met for dep_context=non-requeueable deps ti=<TaskInstance: export_google_data_v02.3rd_task scheduled__2023-11-03T00:00:00+00:00 [queued]>
[2023-11-07T02:05:58.716+0000] {taskinstance.py:1159} INFO - Dependencies all met for dep_context=requeueable deps ti=<TaskInstance: export_google_data_v02.3rd_task scheduled__2023-11-03T00:00:00+00:00 [queued]>
[2023-11-07T02:05:58.718+0000] {taskinstance.py:1361} INFO - Starting attempt 6 of 6
[2023-11-07T02:05:58.760+0000] {taskinstance.py:1382} INFO - Executing <Task(BashOperator): 3rd_task> on 2023-11-03 00:00:00+00:00
[2023-11-07T02:05:58.773+0000] {standard_task_runner.py:57} INFO - Started process 13559 to run task
[2023-11-07T02:05:58.780+0000] {standard_task_runner.py:84} INFO - Running: ['***', 'tasks', 'run', 'export_google_data_v02', '3rd_task', 'scheduled__2023-11-03T00:00:00+00:00', '--job-id', '310', '--raw', '--subdir', 'DAGS_FOLDER/export_data.py', '--cfg-path', '/tmp/tmpy_m6yg18']
[2023-11-07T02:05:58.804+0000] {standard_task_runner.py:85} INFO - Job 310: Subtask 3rd_task
[2023-11-07T02:05:58.994+0000] {logging_mixin.py:151} INFO - Changing /opt/***/logs/dag_id=export_google_data_v02/run_id=scheduled__2023-11-03T00:00:00+00:00/task_id=3rd_task permission to 509
[2023-11-07T02:05:59.013+0000] {task_command.py:416} INFO - Running <TaskInstance: export_google_data_v02.3rd_task scheduled__2023-11-03T00:00:00+00:00 [running]> on host c4630ce72677
[2023-11-07T02:05:59.335+0000] {taskinstance.py:1662} INFO - Exporting env vars: AIRFLOW_CTX_DAG_OWNER='Toema' AIRFLOW_CTX_DAG_ID='export_google_data_v02' AIRFLOW_CTX_TASK_ID='3rd_task' AIRFLOW_CTX_EXECUTION_DATE='2023-11-03T00:00:00+00:00' AIRFLOW_CTX_TRY_NUMBER='6' AIRFLOW_CTX_DAG_RUN_ID='scheduled__2023-11-03T00:00:00+00:00'
[2023-11-07T02:05:59.339+0000] {subprocess.py:63} INFO - Tmp dir root location: /tmp
[2023-11-07T02:05:59.348+0000] {subprocess.py:75} INFO - Running command: ['/bin/bash', '-c', 'python /opt/***/dags/src/scripts/export_data.py']
[2023-11-07T02:05:59.414+0000] {subprocess.py:86} INFO - Output:
[2023-11-07T02:07:15.505+0000] {subprocess.py:97} INFO - Command exited with return code -9
[2023-11-07T02:07:16.066+0000] {taskinstance.py:1937} ERROR - Task failed with exception
Traceback (most recent call last):
  File "/home/airflow/.local/lib/python3.8/site-packages/airflow/operators/bash.py", line 210, in execute
    raise AirflowException(
airflow.exceptions.AirflowException: Bash command failed. The command returned a non-zero exit code -9.
[2023-11-07T02:07:16.178+0000] {taskinstance.py:1400} INFO - Marking task as FAILED. dag_id=export_google_data_v02, task_id=3rd_task, execution_date=20231103T000000, start_date=20231107T020558, end_date=20231107T020716
[2023-11-07T02:07:16.401+0000] {standard_task_runner.py:104} ERROR - Failed to execute job 310 for task 3rd_task (Bash command failed. The command returned a non-zero exit code -9.; 13559)
[2023-11-07T02:07:16.511+0000] {local_task_job_runner.py:228} INFO - Task exited with return code 1
[2023-11-07T02:07:16.667+0000] {taskinstance.py:2778} INFO - 0 downstream tasks scheduled from follow-on schedule check
