[2023-11-09T02:05:24.594+0000] {logging_mixin.py:151} INFO - Changing /opt/***/logs/dag_id=export_google_data_v02/run_id=scheduled__2023-11-08T00:00:00+00:00/task_id=2nd_task permission to 509
[2023-11-09T02:05:24.676+0000] {logging_mixin.py:151} INFO - Changing /opt/***/logs/dag_id=export_google_data_v02/run_id=scheduled__2023-11-08T00:00:00+00:00/task_id=2nd_task permission to 509
[2023-11-09T02:05:24.768+0000] {taskinstance.py:1159} INFO - Dependencies all met for dep_context=non-requeueable deps ti=<TaskInstance: export_google_data_v02.2nd_task scheduled__2023-11-08T00:00:00+00:00 [queued]>
[2023-11-09T02:05:24.801+0000] {taskinstance.py:1159} INFO - Dependencies all met for dep_context=requeueable deps ti=<TaskInstance: export_google_data_v02.2nd_task scheduled__2023-11-08T00:00:00+00:00 [queued]>
[2023-11-09T02:05:24.803+0000] {taskinstance.py:1361} INFO - Starting attempt 1 of 6
[2023-11-09T02:05:24.842+0000] {taskinstance.py:1382} INFO - Executing <Task(BashOperator): 2nd_task> on 2023-11-08 00:00:00+00:00
[2023-11-09T02:05:24.858+0000] {standard_task_runner.py:57} INFO - Started process 2949 to run task
[2023-11-09T02:05:24.866+0000] {standard_task_runner.py:84} INFO - Running: ['***', 'tasks', 'run', 'export_google_data_v02', '2nd_task', 'scheduled__2023-11-08T00:00:00+00:00', '--job-id', '462', '--raw', '--subdir', 'DAGS_FOLDER/export_data.py', '--cfg-path', '/tmp/tmpawi13qsg']
[2023-11-09T02:05:24.874+0000] {standard_task_runner.py:85} INFO - Job 462: Subtask 2nd_task
[2023-11-09T02:05:25.008+0000] {logging_mixin.py:151} INFO - Changing /opt/***/logs/dag_id=export_google_data_v02/run_id=scheduled__2023-11-08T00:00:00+00:00/task_id=2nd_task permission to 509
[2023-11-09T02:05:25.020+0000] {task_command.py:416} INFO - Running <TaskInstance: export_google_data_v02.2nd_task scheduled__2023-11-08T00:00:00+00:00 [running]> on host a4fee2fb2c17
[2023-11-09T02:05:25.209+0000] {taskinstance.py:1662} INFO - Exporting env vars: AIRFLOW_CTX_DAG_OWNER='Toema' AIRFLOW_CTX_DAG_ID='export_google_data_v02' AIRFLOW_CTX_TASK_ID='2nd_task' AIRFLOW_CTX_EXECUTION_DATE='2023-11-08T00:00:00+00:00' AIRFLOW_CTX_TRY_NUMBER='1' AIRFLOW_CTX_DAG_RUN_ID='scheduled__2023-11-08T00:00:00+00:00'
[2023-11-09T02:05:25.213+0000] {subprocess.py:63} INFO - Tmp dir root location: /tmp
[2023-11-09T02:05:25.216+0000] {subprocess.py:75} INFO - Running command: ['/bin/bash', '-c', 'pwd']
[2023-11-09T02:05:25.245+0000] {subprocess.py:86} INFO - Output:
[2023-11-09T02:05:25.249+0000] {subprocess.py:93} INFO - /tmp/***tmpr1f3hg_x
[2023-11-09T02:05:25.251+0000] {subprocess.py:97} INFO - Command exited with return code 0
[2023-11-09T02:05:25.304+0000] {taskinstance.py:1400} INFO - Marking task as SUCCESS. dag_id=export_google_data_v02, task_id=2nd_task, execution_date=20231108T000000, start_date=20231109T020524, end_date=20231109T020525
[2023-11-09T02:05:25.621+0000] {local_task_job_runner.py:228} INFO - Task exited with return code 0
[2023-11-09T02:05:25.735+0000] {taskinstance.py:2778} INFO - 1 downstream tasks scheduled from follow-on schedule check
