[2023-11-09T02:06:52.968+0000] {logging_mixin.py:151} INFO - Changing /opt/***/logs/dag_id=fetch_google_data_v03/run_id=scheduled__2023-11-07T00:00:00+00:00/task_id=3rd_task permission to 509
[2023-11-09T02:06:53.230+0000] {logging_mixin.py:151} INFO - Changing /opt/***/logs/dag_id=fetch_google_data_v03/run_id=scheduled__2023-11-07T00:00:00+00:00/task_id=3rd_task permission to 509
[2023-11-09T02:06:53.566+0000] {taskinstance.py:1159} INFO - Dependencies all met for dep_context=non-requeueable deps ti=<TaskInstance: fetch_google_data_v03.3rd_task scheduled__2023-11-07T00:00:00+00:00 [queued]>
[2023-11-09T02:06:53.632+0000] {taskinstance.py:1159} INFO - Dependencies all met for dep_context=requeueable deps ti=<TaskInstance: fetch_google_data_v03.3rd_task scheduled__2023-11-07T00:00:00+00:00 [queued]>
[2023-11-09T02:06:53.640+0000] {taskinstance.py:1361} INFO - Starting attempt 1 of 6
[2023-11-09T02:06:53.737+0000] {taskinstance.py:1382} INFO - Executing <Task(BashOperator): 3rd_task> on 2023-11-07 00:00:00+00:00
[2023-11-09T02:06:53.757+0000] {standard_task_runner.py:57} INFO - Started process 3512 to run task
[2023-11-09T02:06:53.772+0000] {standard_task_runner.py:84} INFO - Running: ['***', 'tasks', 'run', 'fetch_google_data_v03', '3rd_task', 'scheduled__2023-11-07T00:00:00+00:00', '--job-id', '470', '--raw', '--subdir', 'DAGS_FOLDER/fetch_data.py', '--cfg-path', '/tmp/tmpylcfrxuh']
[2023-11-09T02:06:53.779+0000] {standard_task_runner.py:85} INFO - Job 470: Subtask 3rd_task
[2023-11-09T02:06:54.106+0000] {logging_mixin.py:151} INFO - Changing /opt/***/logs/dag_id=fetch_google_data_v03/run_id=scheduled__2023-11-07T00:00:00+00:00/task_id=3rd_task permission to 509
[2023-11-09T02:06:54.138+0000] {task_command.py:416} INFO - Running <TaskInstance: fetch_google_data_v03.3rd_task scheduled__2023-11-07T00:00:00+00:00 [running]> on host a4fee2fb2c17
[2023-11-09T02:06:54.778+0000] {taskinstance.py:1662} INFO - Exporting env vars: AIRFLOW_CTX_DAG_OWNER='Toema' AIRFLOW_CTX_DAG_ID='fetch_google_data_v03' AIRFLOW_CTX_TASK_ID='3rd_task' AIRFLOW_CTX_EXECUTION_DATE='2023-11-07T00:00:00+00:00' AIRFLOW_CTX_TRY_NUMBER='1' AIRFLOW_CTX_DAG_RUN_ID='scheduled__2023-11-07T00:00:00+00:00'
[2023-11-09T02:06:54.800+0000] {subprocess.py:63} INFO - Tmp dir root location: /tmp
[2023-11-09T02:06:54.829+0000] {subprocess.py:75} INFO - Running command: ['/bin/bash', '-c', 'python /opt/***/dags/src/scripts/fetch_automatic_downloads.py']
[2023-11-09T02:06:54.900+0000] {subprocess.py:86} INFO - Output:
[2023-11-09T02:15:08.794+0000] {subprocess.py:93} INFO - Downloading data for:  italy_and_regions
[2023-11-09T02:15:08.799+0000] {subprocess.py:93} INFO - Source url:  https://raw.githubusercontent.com/pcm-dpc/COVID-19/master/dati-regioni/dpc-covid19-ita-regioni.csv
[2023-11-09T02:15:08.800+0000] {subprocess.py:93} INFO - 
[2023-11-09T02:15:08.801+0000] {subprocess.py:93} INFO - File written to:  /opt/***/dags/data/inputs/downloaded/italy_and_regions/2023-11-09/dpc-covid19-ita-regioni.csv
[2023-11-09T02:15:08.803+0000] {subprocess.py:93} INFO - Downloading data for:  nytimes
[2023-11-09T02:15:08.804+0000] {subprocess.py:93} INFO - Source url:  https://raw.githubusercontent.com/nytimes/covid-19-data/master/us-counties.csv
[2023-11-09T02:15:08.806+0000] {subprocess.py:93} INFO - 
[2023-11-09T02:15:08.807+0000] {subprocess.py:93} INFO - File written to:  /opt/***/dags/data/inputs/downloaded/nytimes/2023-11-09/us-counties.csv
[2023-11-09T02:15:08.809+0000] {subprocess.py:93} INFO - Downloading data for:  our_world_in_data
[2023-11-09T02:15:08.811+0000] {subprocess.py:93} INFO - Source url:  https://raw.githubusercontent.com/owid/covid-19-data/master/public/data/owid-covid-data.csv
[2023-11-09T02:15:08.817+0000] {subprocess.py:93} INFO - 
[2023-11-09T02:15:08.819+0000] {subprocess.py:93} INFO - File written to:  /opt/***/dags/data/inputs/downloaded/our_world_in_data/2023-11-09/full_data.csv
[2023-11-09T02:15:08.821+0000] {subprocess.py:93} INFO - Downloading data for:  oxford_policy
[2023-11-09T02:15:08.822+0000] {subprocess.py:93} INFO - Source url:  https://raw.githubusercontent.com/OxCGRT/covid-policy-tracker/master/data/OxCGRT_latest.csv
[2023-11-09T02:15:08.824+0000] {subprocess.py:93} INFO - was not able to retrieve data from source_url
[2023-11-09T02:15:08.826+0000] {subprocess.py:93} INFO - Downloading data for:  spain_and_regions
[2023-11-09T02:15:08.828+0000] {subprocess.py:93} INFO - Source url:  https://cnecovid.isciii.es/covid19/resources/agregados.csv
[2023-11-09T02:15:08.829+0000] {subprocess.py:93} INFO - was not able to retrieve data from source_url
[2023-11-09T02:15:08.831+0000] {subprocess.py:93} INFO - Downloading data for:  sweden_hospitalizations
[2023-11-09T02:15:08.832+0000] {subprocess.py:93} INFO - Source url:  https://www.arcgis.com/sharing/rest/content/items/b5e7488e117749c19881cce45db13f7e/data
[2023-11-09T02:15:08.834+0000] {subprocess.py:93} INFO - was not able to retrieve data from source_url
[2023-11-09T02:15:08.837+0000] {subprocess.py:93} INFO - Downloading data for:  switzerland_regions
[2023-11-09T02:15:08.838+0000] {subprocess.py:93} INFO - Source url:  https://raw.githubusercontent.com/openZH/covid_19/master/COVID19_Fallzahlen_CH_total_v2.csv
[2023-11-09T02:15:08.840+0000] {subprocess.py:93} INFO - 
[2023-11-09T02:15:08.843+0000] {subprocess.py:93} INFO - File written to:  /opt/***/dags/data/inputs/downloaded/switzerland_regions/2023-11-09/COVID19_Fallzahlen_CH_total_v2.csv
[2023-11-09T02:15:08.846+0000] {subprocess.py:93} INFO - Done with fetch_automatic_downloads.py
[2023-11-09T02:15:08.847+0000] {subprocess.py:97} INFO - Command exited with return code 0
[2023-11-09T02:15:08.911+0000] {taskinstance.py:1400} INFO - Marking task as SUCCESS. dag_id=fetch_google_data_v03, task_id=3rd_task, execution_date=20231107T000000, start_date=20231109T020653, end_date=20231109T021508
[2023-11-09T02:15:09.351+0000] {local_task_job_runner.py:228} INFO - Task exited with return code 0
[2023-11-09T02:15:09.400+0000] {taskinstance.py:2778} INFO - 1 downstream tasks scheduled from follow-on schedule check
