[2023-11-04T23:04:43.462+0000] {logging_mixin.py:151} INFO - Changing /opt/***/logs/dag_id=dag_for_s3_files_checker_v01/run_id=manual__2023-11-04T23:04:41.409130+00:00/task_id=32rd_task permission to 509
[2023-11-04T23:04:43.533+0000] {logging_mixin.py:151} INFO - Changing /opt/***/logs/dag_id=dag_for_s3_files_checker_v01/run_id=manual__2023-11-04T23:04:41.409130+00:00/task_id=32rd_task permission to 509
[2023-11-04T23:04:43.608+0000] {taskinstance.py:1159} INFO - Dependencies all met for dep_context=non-requeueable deps ti=<TaskInstance: dag_for_s3_files_checker_v01.32rd_task manual__2023-11-04T23:04:41.409130+00:00 [queued]>
[2023-11-04T23:04:43.624+0000] {taskinstance.py:1159} INFO - Dependencies all met for dep_context=requeueable deps ti=<TaskInstance: dag_for_s3_files_checker_v01.32rd_task manual__2023-11-04T23:04:41.409130+00:00 [queued]>
[2023-11-04T23:04:43.625+0000] {taskinstance.py:1361} INFO - Starting attempt 1 of 6
[2023-11-04T23:04:43.658+0000] {taskinstance.py:1382} INFO - Executing <Task(BashOperator): 32rd_task> on 2023-11-04 23:04:41.409130+00:00
[2023-11-04T23:04:43.664+0000] {standard_task_runner.py:57} INFO - Started process 5838 to run task
[2023-11-04T23:04:43.668+0000] {standard_task_runner.py:84} INFO - Running: ['***', 'tasks', 'run', 'dag_for_s3_files_checker_v01', '32rd_task', 'manual__2023-11-04T23:04:41.409130+00:00', '--job-id', '84', '--raw', '--subdir', 'DAGS_FOLDER/check_S3_files.py', '--cfg-path', '/tmp/tmpvlfw__ss']
[2023-11-04T23:04:43.671+0000] {standard_task_runner.py:85} INFO - Job 84: Subtask 32rd_task
[2023-11-04T23:04:43.732+0000] {logging_mixin.py:151} INFO - Changing /opt/***/logs/dag_id=dag_for_s3_files_checker_v01/run_id=manual__2023-11-04T23:04:41.409130+00:00/task_id=32rd_task permission to 509
[2023-11-04T23:04:43.739+0000] {task_command.py:416} INFO - Running <TaskInstance: dag_for_s3_files_checker_v01.32rd_task manual__2023-11-04T23:04:41.409130+00:00 [running]> on host c1553d42a04f
[2023-11-04T23:04:43.855+0000] {taskinstance.py:1662} INFO - Exporting env vars: AIRFLOW_CTX_DAG_OWNER='Toema' AIRFLOW_CTX_DAG_ID='dag_for_s3_files_checker_v01' AIRFLOW_CTX_TASK_ID='32rd_task' AIRFLOW_CTX_EXECUTION_DATE='2023-11-04T23:04:41.409130+00:00' AIRFLOW_CTX_TRY_NUMBER='1' AIRFLOW_CTX_DAG_RUN_ID='manual__2023-11-04T23:04:41.409130+00:00'
[2023-11-04T23:04:43.858+0000] {subprocess.py:63} INFO - Tmp dir root location: /tmp
[2023-11-04T23:04:43.861+0000] {subprocess.py:75} INFO - Running command: ['/bin/bash', '-c', 'pwd']
[2023-11-04T23:04:43.874+0000] {subprocess.py:86} INFO - Output:
[2023-11-04T23:04:43.876+0000] {subprocess.py:93} INFO - /tmp/***tmpz276v62_
[2023-11-04T23:04:43.877+0000] {subprocess.py:97} INFO - Command exited with return code 0
[2023-11-04T23:04:43.909+0000] {taskinstance.py:1400} INFO - Marking task as SUCCESS. dag_id=dag_for_s3_files_checker_v01, task_id=32rd_task, execution_date=20231104T230441, start_date=20231104T230443, end_date=20231104T230443
[2023-11-04T23:04:43.962+0000] {local_task_job_runner.py:228} INFO - Task exited with return code 0
[2023-11-04T23:04:43.998+0000] {taskinstance.py:2778} INFO - 0 downstream tasks scheduled from follow-on schedule check
