[2023-11-08T00:35:18.344+0000] {logging_mixin.py:151} INFO - Changing /opt/***/logs/dag_id=check_S3_minio_bucket_v01/run_id=manual__2023-11-08T00:35:15.437574+00:00/task_id=1st_task permission to 509
[2023-11-08T00:35:18.423+0000] {logging_mixin.py:151} INFO - Changing /opt/***/logs/dag_id=check_S3_minio_bucket_v01/run_id=manual__2023-11-08T00:35:15.437574+00:00/task_id=1st_task permission to 509
[2023-11-08T00:35:18.492+0000] {taskinstance.py:1159} INFO - Dependencies all met for dep_context=non-requeueable deps ti=<TaskInstance: check_S3_minio_bucket_v01.1st_task manual__2023-11-08T00:35:15.437574+00:00 [queued]>
[2023-11-08T00:35:18.519+0000] {taskinstance.py:1159} INFO - Dependencies all met for dep_context=requeueable deps ti=<TaskInstance: check_S3_minio_bucket_v01.1st_task manual__2023-11-08T00:35:15.437574+00:00 [queued]>
[2023-11-08T00:35:18.521+0000] {taskinstance.py:1361} INFO - Starting attempt 1 of 6
[2023-11-08T00:35:18.557+0000] {taskinstance.py:1382} INFO - Executing <Task(BashOperator): 1st_task> on 2023-11-08 00:35:15.437574+00:00
[2023-11-08T00:35:18.568+0000] {standard_task_runner.py:57} INFO - Started process 8724 to run task
[2023-11-08T00:35:18.574+0000] {standard_task_runner.py:84} INFO - Running: ['***', 'tasks', 'run', 'check_S3_minio_bucket_v01', '1st_task', 'manual__2023-11-08T00:35:15.437574+00:00', '--job-id', '404', '--raw', '--subdir', 'DAGS_FOLDER/check_S3_bucket.py', '--cfg-path', '/tmp/tmp48phi8hh']
[2023-11-08T00:35:18.579+0000] {standard_task_runner.py:85} INFO - Job 404: Subtask 1st_task
[2023-11-08T00:35:18.675+0000] {logging_mixin.py:151} INFO - Changing /opt/***/logs/dag_id=check_S3_minio_bucket_v01/run_id=manual__2023-11-08T00:35:15.437574+00:00/task_id=1st_task permission to 509
[2023-11-08T00:35:18.684+0000] {task_command.py:416} INFO - Running <TaskInstance: check_S3_minio_bucket_v01.1st_task manual__2023-11-08T00:35:15.437574+00:00 [running]> on host 326a1fe25163
[2023-11-08T00:35:18.845+0000] {taskinstance.py:1662} INFO - Exporting env vars: AIRFLOW_CTX_DAG_OWNER='Toema' AIRFLOW_CTX_DAG_ID='check_S3_minio_bucket_v01' AIRFLOW_CTX_TASK_ID='1st_task' AIRFLOW_CTX_EXECUTION_DATE='2023-11-08T00:35:15.437574+00:00' AIRFLOW_CTX_TRY_NUMBER='1' AIRFLOW_CTX_DAG_RUN_ID='manual__2023-11-08T00:35:15.437574+00:00'
[2023-11-08T00:35:18.854+0000] {subprocess.py:63} INFO - Tmp dir root location: /tmp
[2023-11-08T00:35:18.859+0000] {subprocess.py:75} INFO - Running command: ['/bin/bash', '-c', 'pip install minio ']
[2023-11-08T00:35:18.881+0000] {subprocess.py:86} INFO - Output:
[2023-11-08T00:35:22.980+0000] {subprocess.py:93} INFO - Defaulting to user installation because normal site-packages is not writeable
[2023-11-08T00:35:23.457+0000] {subprocess.py:93} INFO - Requirement already satisfied: minio in /home/***/.local/lib/python3.8/site-packages (7.1.17)
[2023-11-08T00:35:23.461+0000] {subprocess.py:93} INFO - Requirement already satisfied: urllib3 in /home/***/.local/lib/python3.8/site-packages (from minio) (1.26.17)
[2023-11-08T00:35:23.463+0000] {subprocess.py:93} INFO - Requirement already satisfied: certifi in /home/***/.local/lib/python3.8/site-packages (from minio) (2023.7.22)
[2023-11-08T00:35:35.144+0000] {subprocess.py:93} INFO - 
[2023-11-08T00:35:35.147+0000] {subprocess.py:93} INFO - [notice] A new release of pip is available: 23.0.1 -> 23.3.1
[2023-11-08T00:35:35.148+0000] {subprocess.py:93} INFO - [notice] To update, run: pip install --upgrade pip
[2023-11-08T00:35:35.778+0000] {subprocess.py:97} INFO - Command exited with return code 0
[2023-11-08T00:35:35.828+0000] {taskinstance.py:1400} INFO - Marking task as SUCCESS. dag_id=check_S3_minio_bucket_v01, task_id=1st_task, execution_date=20231108T003515, start_date=20231108T003518, end_date=20231108T003535
[2023-11-08T00:35:35.880+0000] {local_task_job_runner.py:228} INFO - Task exited with return code 0
[2023-11-08T00:35:35.940+0000] {taskinstance.py:2778} INFO - 1 downstream tasks scheduled from follow-on schedule check
