[2023-11-04T20:25:49.679+0000] {logging_mixin.py:151} INFO - Changing /opt/***/logs/dag_id=dag_for_s3_files_checker_v01/run_id=scheduled__2023-11-02T00:00:00+00:00/task_id=2nd_task permission to 509
[2023-11-04T20:25:49.833+0000] {logging_mixin.py:151} INFO - Changing /opt/***/logs/dag_id=dag_for_s3_files_checker_v01/run_id=scheduled__2023-11-02T00:00:00+00:00/task_id=2nd_task permission to 509
[2023-11-04T20:25:49.923+0000] {taskinstance.py:1159} INFO - Dependencies all met for dep_context=non-requeueable deps ti=<TaskInstance: dag_for_s3_files_checker_v01.2nd_task scheduled__2023-11-02T00:00:00+00:00 [queued]>
[2023-11-04T20:25:49.951+0000] {taskinstance.py:1159} INFO - Dependencies all met for dep_context=requeueable deps ti=<TaskInstance: dag_for_s3_files_checker_v01.2nd_task scheduled__2023-11-02T00:00:00+00:00 [queued]>
[2023-11-04T20:25:49.953+0000] {taskinstance.py:1361} INFO - Starting attempt 2 of 6
[2023-11-04T20:25:50.077+0000] {taskinstance.py:1382} INFO - Executing <Task(BashOperator): 2nd_task> on 2023-11-02 00:00:00+00:00
[2023-11-04T20:25:50.109+0000] {standard_task_runner.py:57} INFO - Started process 1885 to run task
[2023-11-04T20:25:50.157+0000] {standard_task_runner.py:84} INFO - Running: ['***', 'tasks', 'run', 'dag_for_s3_files_checker_v01', '2nd_task', 'scheduled__2023-11-02T00:00:00+00:00', '--job-id', '43', '--raw', '--subdir', 'DAGS_FOLDER/check_S3_files.py', '--cfg-path', '/tmp/tmpsrhzay9_']
[2023-11-04T20:25:50.177+0000] {standard_task_runner.py:85} INFO - Job 43: Subtask 2nd_task
[2023-11-04T20:25:50.949+0000] {logging_mixin.py:151} INFO - Changing /opt/***/logs/dag_id=dag_for_s3_files_checker_v01/run_id=scheduled__2023-11-02T00:00:00+00:00/task_id=2nd_task permission to 509
[2023-11-04T20:25:50.956+0000] {task_command.py:416} INFO - Running <TaskInstance: dag_for_s3_files_checker_v01.2nd_task scheduled__2023-11-02T00:00:00+00:00 [running]> on host c1553d42a04f
[2023-11-04T20:25:51.326+0000] {taskinstance.py:1662} INFO - Exporting env vars: AIRFLOW_CTX_DAG_OWNER='Toema' AIRFLOW_CTX_DAG_ID='dag_for_s3_files_checker_v01' AIRFLOW_CTX_TASK_ID='2nd_task' AIRFLOW_CTX_EXECUTION_DATE='2023-11-02T00:00:00+00:00' AIRFLOW_CTX_TRY_NUMBER='2' AIRFLOW_CTX_DAG_RUN_ID='scheduled__2023-11-02T00:00:00+00:00'
[2023-11-04T20:25:51.333+0000] {subprocess.py:63} INFO - Tmp dir root location: /tmp
[2023-11-04T20:25:51.337+0000] {subprocess.py:75} INFO - Running command: ['/bin/bash', '-c', 'pwd']
[2023-11-04T20:25:51.383+0000] {subprocess.py:86} INFO - Output:
[2023-11-04T20:25:51.387+0000] {subprocess.py:93} INFO - /tmp/***tmpr902sxlc
[2023-11-04T20:25:51.389+0000] {subprocess.py:97} INFO - Command exited with return code 0
[2023-11-04T20:25:51.448+0000] {taskinstance.py:1400} INFO - Marking task as SUCCESS. dag_id=dag_for_s3_files_checker_v01, task_id=2nd_task, execution_date=20231102T000000, start_date=20231104T202549, end_date=20231104T202551
[2023-11-04T20:25:51.489+0000] {local_task_job_runner.py:228} INFO - Task exited with return code 0
[2023-11-04T20:25:51.569+0000] {taskinstance.py:2778} INFO - 0 downstream tasks scheduled from follow-on schedule check
