[2023-11-07T01:20:14.277+0000] {logging_mixin.py:151} INFO - Changing /opt/***/logs/dag_id=export_google_data_v02/run_id=manual__2023-11-07T01:20:11.827106+00:00/task_id=2nd_task permission to 509
[2023-11-07T01:20:14.695+0000] {logging_mixin.py:151} INFO - Changing /opt/***/logs/dag_id=export_google_data_v02/run_id=manual__2023-11-07T01:20:11.827106+00:00/task_id=2nd_task permission to 509
[2023-11-07T01:20:14.803+0000] {taskinstance.py:1159} INFO - Dependencies all met for dep_context=non-requeueable deps ti=<TaskInstance: export_google_data_v02.2nd_task manual__2023-11-07T01:20:11.827106+00:00 [queued]>
[2023-11-07T01:20:14.829+0000] {taskinstance.py:1159} INFO - Dependencies all met for dep_context=requeueable deps ti=<TaskInstance: export_google_data_v02.2nd_task manual__2023-11-07T01:20:11.827106+00:00 [queued]>
[2023-11-07T01:20:14.832+0000] {taskinstance.py:1361} INFO - Starting attempt 1 of 6
[2023-11-07T01:20:14.873+0000] {taskinstance.py:1382} INFO - Executing <Task(BashOperator): 2nd_task> on 2023-11-07 01:20:11.827106+00:00
[2023-11-07T01:20:14.883+0000] {standard_task_runner.py:57} INFO - Started process 8874 to run task
[2023-11-07T01:20:14.888+0000] {standard_task_runner.py:84} INFO - Running: ['***', 'tasks', 'run', 'export_google_data_v02', '2nd_task', 'manual__2023-11-07T01:20:11.827106+00:00', '--job-id', '274', '--raw', '--subdir', 'DAGS_FOLDER/export_data.py', '--cfg-path', '/tmp/tmpeb6tpbri']
[2023-11-07T01:20:14.893+0000] {standard_task_runner.py:85} INFO - Job 274: Subtask 2nd_task
[2023-11-07T01:20:15.057+0000] {logging_mixin.py:151} INFO - Changing /opt/***/logs/dag_id=export_google_data_v02/run_id=manual__2023-11-07T01:20:11.827106+00:00/task_id=2nd_task permission to 509
[2023-11-07T01:20:15.072+0000] {task_command.py:416} INFO - Running <TaskInstance: export_google_data_v02.2nd_task manual__2023-11-07T01:20:11.827106+00:00 [running]> on host c4630ce72677
[2023-11-07T01:20:15.321+0000] {taskinstance.py:1662} INFO - Exporting env vars: AIRFLOW_CTX_DAG_OWNER='Toema' AIRFLOW_CTX_DAG_ID='export_google_data_v02' AIRFLOW_CTX_TASK_ID='2nd_task' AIRFLOW_CTX_EXECUTION_DATE='2023-11-07T01:20:11.827106+00:00' AIRFLOW_CTX_TRY_NUMBER='1' AIRFLOW_CTX_DAG_RUN_ID='manual__2023-11-07T01:20:11.827106+00:00'
[2023-11-07T01:20:15.324+0000] {subprocess.py:63} INFO - Tmp dir root location: /tmp
[2023-11-07T01:20:15.341+0000] {subprocess.py:75} INFO - Running command: ['/bin/bash', '-c', 'pwd']
[2023-11-07T01:20:15.372+0000] {subprocess.py:86} INFO - Output:
[2023-11-07T01:20:15.379+0000] {subprocess.py:93} INFO - /tmp/***tmpzl532yfv
[2023-11-07T01:20:15.382+0000] {subprocess.py:97} INFO - Command exited with return code 0
[2023-11-07T01:20:15.466+0000] {taskinstance.py:1400} INFO - Marking task as SUCCESS. dag_id=export_google_data_v02, task_id=2nd_task, execution_date=20231107T012011, start_date=20231107T012014, end_date=20231107T012015
[2023-11-07T01:20:15.544+0000] {local_task_job_runner.py:228} INFO - Task exited with return code 0
[2023-11-07T01:20:15.622+0000] {taskinstance.py:2778} INFO - 1 downstream tasks scheduled from follow-on schedule check
