[2023-11-04T20:35:58.450+0000] {logging_mixin.py:151} INFO - Changing /opt/***/logs/dag_id=dag_for_s3_files_checker_v01/run_id=scheduled__2023-11-02T00:00:00+00:00/task_id=32rd_task permission to 509
[2023-11-04T20:35:58.541+0000] {logging_mixin.py:151} INFO - Changing /opt/***/logs/dag_id=dag_for_s3_files_checker_v01/run_id=scheduled__2023-11-02T00:00:00+00:00/task_id=32rd_task permission to 509
[2023-11-04T20:35:58.651+0000] {taskinstance.py:1159} INFO - Dependencies all met for dep_context=non-requeueable deps ti=<TaskInstance: dag_for_s3_files_checker_v01.32rd_task scheduled__2023-11-02T00:00:00+00:00 [queued]>
[2023-11-04T20:35:58.682+0000] {taskinstance.py:1159} INFO - Dependencies all met for dep_context=requeueable deps ti=<TaskInstance: dag_for_s3_files_checker_v01.32rd_task scheduled__2023-11-02T00:00:00+00:00 [queued]>
[2023-11-04T20:35:58.685+0000] {taskinstance.py:1361} INFO - Starting attempt 3 of 6
[2023-11-04T20:35:58.736+0000] {taskinstance.py:1382} INFO - Executing <Task(BashOperator): 32rd_task> on 2023-11-02 00:00:00+00:00
[2023-11-04T20:35:58.757+0000] {standard_task_runner.py:57} INFO - Started process 2376 to run task
[2023-11-04T20:35:58.765+0000] {standard_task_runner.py:84} INFO - Running: ['***', 'tasks', 'run', 'dag_for_s3_files_checker_v01', '32rd_task', 'scheduled__2023-11-02T00:00:00+00:00', '--job-id', '55', '--raw', '--subdir', 'DAGS_FOLDER/check_S3_files.py', '--cfg-path', '/tmp/tmpm3i1ve0e']
[2023-11-04T20:35:58.773+0000] {standard_task_runner.py:85} INFO - Job 55: Subtask 32rd_task
[2023-11-04T20:35:58.922+0000] {logging_mixin.py:151} INFO - Changing /opt/***/logs/dag_id=dag_for_s3_files_checker_v01/run_id=scheduled__2023-11-02T00:00:00+00:00/task_id=32rd_task permission to 509
[2023-11-04T20:35:58.937+0000] {task_command.py:416} INFO - Running <TaskInstance: dag_for_s3_files_checker_v01.32rd_task scheduled__2023-11-02T00:00:00+00:00 [running]> on host c1553d42a04f
[2023-11-04T20:35:59.218+0000] {taskinstance.py:1662} INFO - Exporting env vars: AIRFLOW_CTX_DAG_OWNER='Toema' AIRFLOW_CTX_DAG_ID='dag_for_s3_files_checker_v01' AIRFLOW_CTX_TASK_ID='32rd_task' AIRFLOW_CTX_EXECUTION_DATE='2023-11-02T00:00:00+00:00' AIRFLOW_CTX_TRY_NUMBER='3' AIRFLOW_CTX_DAG_RUN_ID='scheduled__2023-11-02T00:00:00+00:00'
[2023-11-04T20:35:59.223+0000] {subprocess.py:63} INFO - Tmp dir root location: /tmp
[2023-11-04T20:35:59.227+0000] {subprocess.py:75} INFO - Running command: ['/bin/bash', '-c', 'pwd']
[2023-11-04T20:35:59.264+0000] {subprocess.py:86} INFO - Output:
[2023-11-04T20:35:59.268+0000] {subprocess.py:93} INFO - /tmp/***tmp0l7umjzf
[2023-11-04T20:35:59.270+0000] {subprocess.py:97} INFO - Command exited with return code 0
[2023-11-04T20:35:59.331+0000] {taskinstance.py:1400} INFO - Marking task as SUCCESS. dag_id=dag_for_s3_files_checker_v01, task_id=32rd_task, execution_date=20231102T000000, start_date=20231104T203558, end_date=20231104T203559
[2023-11-04T20:35:59.384+0000] {local_task_job_runner.py:228} INFO - Task exited with return code 0
[2023-11-04T20:35:59.413+0000] {taskinstance.py:2778} INFO - 0 downstream tasks scheduled from follow-on schedule check
