[2023-11-08T00:00:53.939+0000] {logging_mixin.py:151} INFO - Changing /opt/***/logs/dag_id=check_S3_minio_bucket_v01/run_id=scheduled__2023-11-07T00:00:00+00:00/task_id=12st_task permission to 509
[2023-11-08T00:00:54.023+0000] {logging_mixin.py:151} INFO - Changing /opt/***/logs/dag_id=check_S3_minio_bucket_v01/run_id=scheduled__2023-11-07T00:00:00+00:00/task_id=12st_task permission to 509
[2023-11-08T00:00:54.118+0000] {taskinstance.py:1159} INFO - Dependencies all met for dep_context=non-requeueable deps ti=<TaskInstance: check_S3_minio_bucket_v01.12st_task scheduled__2023-11-07T00:00:00+00:00 [queued]>
[2023-11-08T00:00:54.151+0000] {taskinstance.py:1159} INFO - Dependencies all met for dep_context=requeueable deps ti=<TaskInstance: check_S3_minio_bucket_v01.12st_task scheduled__2023-11-07T00:00:00+00:00 [queued]>
[2023-11-08T00:00:54.154+0000] {taskinstance.py:1361} INFO - Starting attempt 1 of 6
[2023-11-08T00:00:54.212+0000] {taskinstance.py:1382} INFO - Executing <Task(S3KeySensor): 12st_task> on 2023-11-07 00:00:00+00:00
[2023-11-08T00:00:54.227+0000] {standard_task_runner.py:57} INFO - Started process 4703 to run task
[2023-11-08T00:00:54.232+0000] {standard_task_runner.py:84} INFO - Running: ['***', 'tasks', 'run', 'check_S3_minio_bucket_v01', '12st_task', 'scheduled__2023-11-07T00:00:00+00:00', '--job-id', '385', '--raw', '--subdir', 'DAGS_FOLDER/check_S3_bucket.py', '--cfg-path', '/tmp/tmp25fbk8gd']
[2023-11-08T00:00:54.238+0000] {standard_task_runner.py:85} INFO - Job 385: Subtask 12st_task
[2023-11-08T00:00:54.399+0000] {logging_mixin.py:151} INFO - Changing /opt/***/logs/dag_id=check_S3_minio_bucket_v01/run_id=scheduled__2023-11-07T00:00:00+00:00/task_id=12st_task permission to 509
[2023-11-08T00:00:54.415+0000] {task_command.py:416} INFO - Running <TaskInstance: check_S3_minio_bucket_v01.12st_task scheduled__2023-11-07T00:00:00+00:00 [running]> on host ab25723b72db
[2023-11-08T00:00:54.697+0000] {taskinstance.py:1662} INFO - Exporting env vars: AIRFLOW_CTX_DAG_OWNER='Toema' AIRFLOW_CTX_DAG_ID='check_S3_minio_bucket_v01' AIRFLOW_CTX_TASK_ID='12st_task' AIRFLOW_CTX_EXECUTION_DATE='2023-11-07T00:00:00+00:00' AIRFLOW_CTX_TRY_NUMBER='1' AIRFLOW_CTX_DAG_RUN_ID='scheduled__2023-11-07T00:00:00+00:00'
[2023-11-08T00:00:54.700+0000] {s3.py:106} INFO - Poking for key : s3://***/data.csv
[2023-11-08T00:00:54.736+0000] {base.py:73} INFO - Using connection ID 's3_minio_conn' for task execution.
[2023-11-08T00:00:54.739+0000] {connection_wrapper.py:343} INFO - AWS Connection (conn_id='s3_minio_conn', conn_type='aws') credentials retrieved from extra.
[2023-11-08T00:00:58.505+0000] {taskinstance.py:1937} ERROR - Task failed with exception
Traceback (most recent call last):
  File "/home/airflow/.local/lib/python3.8/site-packages/airflow/providers/amazon/aws/sensors/s3.py", line 144, in execute
    super().execute(context)
  File "/home/airflow/.local/lib/python3.8/site-packages/airflow/sensors/base.py", line 257, in execute
    raise e
  File "/home/airflow/.local/lib/python3.8/site-packages/airflow/sensors/base.py", line 239, in execute
    poke_return = self.poke(context)
  File "/home/airflow/.local/lib/python3.8/site-packages/airflow/providers/amazon/aws/sensors/s3.py", line 137, in poke
    return self._check_key(self.bucket_key)
  File "/home/airflow/.local/lib/python3.8/site-packages/airflow/providers/amazon/aws/sensors/s3.py", line 125, in _check_key
    obj = self.hook.head_object(key, bucket_name)
  File "/home/airflow/.local/lib/python3.8/site-packages/airflow/providers/amazon/aws/hooks/s3.py", line 136, in wrapper
    return func(*bound_args.args, **bound_args.kwargs)
  File "/home/airflow/.local/lib/python3.8/site-packages/airflow/providers/amazon/aws/hooks/s3.py", line 90, in wrapper
    return func(*bound_args.args, **bound_args.kwargs)
  File "/home/airflow/.local/lib/python3.8/site-packages/airflow/providers/amazon/aws/hooks/s3.py", line 884, in head_object
    raise e
  File "/home/airflow/.local/lib/python3.8/site-packages/airflow/providers/amazon/aws/hooks/s3.py", line 879, in head_object
    return self.get_conn().head_object(Bucket=bucket_name, Key=key)
  File "/home/airflow/.local/lib/python3.8/site-packages/botocore/client.py", line 535, in _api_call
    return self._make_api_call(operation_name, kwargs)
  File "/home/airflow/.local/lib/python3.8/site-packages/botocore/client.py", line 980, in _make_api_call
    raise error_class(parsed_response, operation_name)
botocore.exceptions.ClientError: An error occurred (400) when calling the HeadObject operation: Bad Request
[2023-11-08T00:00:58.524+0000] {taskinstance.py:1400} INFO - Marking task as UP_FOR_RETRY. dag_id=check_S3_minio_bucket_v01, task_id=12st_task, execution_date=20231107T000000, start_date=20231108T000054, end_date=20231108T000058
[2023-11-08T00:00:58.565+0000] {standard_task_runner.py:104} ERROR - Failed to execute job 385 for task 12st_task (An error occurred (400) when calling the HeadObject operation: Bad Request; 4703)
[2023-11-08T00:00:58.595+0000] {local_task_job_runner.py:228} INFO - Task exited with return code 1
[2023-11-08T00:00:58.635+0000] {taskinstance.py:2778} INFO - 0 downstream tasks scheduled from follow-on schedule check
