[2023-11-09T02:05:26.280+0000] {logging_mixin.py:151} INFO - Changing /opt/***/logs/dag_id=fetch_google_data_v03/run_id=scheduled__2023-11-07T00:00:00+00:00/task_id=14th_task permission to 509
[2023-11-09T02:05:26.449+0000] {logging_mixin.py:151} INFO - Changing /opt/***/logs/dag_id=fetch_google_data_v03/run_id=scheduled__2023-11-07T00:00:00+00:00/task_id=14th_task permission to 509
[2023-11-09T02:05:26.815+0000] {taskinstance.py:1159} INFO - Dependencies all met for dep_context=non-requeueable deps ti=<TaskInstance: fetch_google_data_v03.14th_task scheduled__2023-11-07T00:00:00+00:00 [queued]>
[2023-11-09T02:05:26.948+0000] {taskinstance.py:1159} INFO - Dependencies all met for dep_context=requeueable deps ti=<TaskInstance: fetch_google_data_v03.14th_task scheduled__2023-11-07T00:00:00+00:00 [queued]>
[2023-11-09T02:05:26.962+0000] {taskinstance.py:1361} INFO - Starting attempt 1 of 6
[2023-11-09T02:05:27.162+0000] {taskinstance.py:1382} INFO - Executing <Task(BashOperator): 14th_task> on 2023-11-07 00:00:00+00:00
[2023-11-09T02:05:27.188+0000] {standard_task_runner.py:57} INFO - Started process 2978 to run task
[2023-11-09T02:05:27.198+0000] {standard_task_runner.py:84} INFO - Running: ['***', 'tasks', 'run', 'fetch_google_data_v03', '14th_task', 'scheduled__2023-11-07T00:00:00+00:00', '--job-id', '463', '--raw', '--subdir', 'DAGS_FOLDER/fetch_data.py', '--cfg-path', '/tmp/tmpog8j7qsv']
[2023-11-09T02:05:27.226+0000] {standard_task_runner.py:85} INFO - Job 463: Subtask 14th_task
[2023-11-09T02:05:27.450+0000] {logging_mixin.py:151} INFO - Changing /opt/***/logs/dag_id=fetch_google_data_v03/run_id=scheduled__2023-11-07T00:00:00+00:00/task_id=14th_task permission to 509
[2023-11-09T02:05:27.485+0000] {task_command.py:416} INFO - Running <TaskInstance: fetch_google_data_v03.14th_task scheduled__2023-11-07T00:00:00+00:00 [running]> on host a4fee2fb2c17
[2023-11-09T02:05:27.855+0000] {taskinstance.py:1662} INFO - Exporting env vars: AIRFLOW_CTX_DAG_OWNER='Toema' AIRFLOW_CTX_DAG_ID='fetch_google_data_v03' AIRFLOW_CTX_TASK_ID='14th_task' AIRFLOW_CTX_EXECUTION_DATE='2023-11-07T00:00:00+00:00' AIRFLOW_CTX_TRY_NUMBER='1' AIRFLOW_CTX_DAG_RUN_ID='scheduled__2023-11-07T00:00:00+00:00'
[2023-11-09T02:05:27.860+0000] {subprocess.py:63} INFO - Tmp dir root location: /tmp
[2023-11-09T02:05:27.865+0000] {subprocess.py:75} INFO - Running command: ['/bin/bash', '-c', 'pip install wget']
[2023-11-09T02:05:27.899+0000] {subprocess.py:86} INFO - Output:
[2023-11-09T02:05:34.446+0000] {subprocess.py:93} INFO - Defaulting to user installation because normal site-packages is not writeable
[2023-11-09T02:05:38.517+0000] {subprocess.py:93} INFO - Collecting wget
[2023-11-09T02:05:40.577+0000] {subprocess.py:93} INFO -   Downloading wget-3.2.zip (10 kB)
[2023-11-09T02:05:43.518+0000] {subprocess.py:93} INFO -   Preparing metadata (setup.py): started
[2023-11-09T02:05:49.181+0000] {subprocess.py:93} INFO -   Preparing metadata (setup.py): finished with status 'done'
[2023-11-09T02:05:49.215+0000] {subprocess.py:93} INFO - Building wheels for collected packages: wget
[2023-11-09T02:05:49.221+0000] {subprocess.py:93} INFO -   Building wheel for wget (setup.py): started
[2023-11-09T02:05:53.863+0000] {subprocess.py:93} INFO -   Building wheel for wget (setup.py): finished with status 'done'
[2023-11-09T02:05:53.897+0000] {subprocess.py:93} INFO -   Created wheel for wget: filename=wget-3.2-py3-none-any.whl size=9655 sha256=997090fa35a0d1b9d18e372aeb32e8cb5cac1c2dec37d67eae95c7d1523986ac
[2023-11-09T02:05:53.905+0000] {subprocess.py:93} INFO -   Stored in directory: /home/***/.cache/pip/wheels/bd/a8/c3/3cf2c14a1837a4e04bd98631724e81f33f462d86a1d895fae0
[2023-11-09T02:05:53.920+0000] {subprocess.py:93} INFO - Successfully built wget
[2023-11-09T02:06:31.977+0000] {subprocess.py:93} INFO - Installing collected packages: wget
[2023-11-09T02:06:32.203+0000] {subprocess.py:93} INFO - Successfully installed wget-3.2
[2023-11-09T02:06:32.237+0000] {subprocess.py:93} INFO - 
[2023-11-09T02:06:32.240+0000] {subprocess.py:93} INFO - [notice] A new release of pip is available: 23.0.1 -> 23.3.1
[2023-11-09T02:06:32.242+0000] {subprocess.py:93} INFO - [notice] To update, run: pip install --upgrade pip
[2023-11-09T02:06:33.382+0000] {subprocess.py:97} INFO - Command exited with return code 0
[2023-11-09T02:06:33.463+0000] {taskinstance.py:1400} INFO - Marking task as SUCCESS. dag_id=fetch_google_data_v03, task_id=14th_task, execution_date=20231107T000000, start_date=20231109T020526, end_date=20231109T020633
[2023-11-09T02:06:33.913+0000] {local_task_job_runner.py:228} INFO - Task exited with return code 0
[2023-11-09T02:06:34.015+0000] {taskinstance.py:2778} INFO - 1 downstream tasks scheduled from follow-on schedule check
