[2023-11-08T00:00:03.401+0000] {logging_mixin.py:151} INFO - Changing /opt/***/logs/dag_id=check_S3_minio_bucket_v01/run_id=scheduled__2023-11-07T00:00:00+00:00/task_id=1st_task permission to 509
[2023-11-08T00:00:03.494+0000] {logging_mixin.py:151} INFO - Changing /opt/***/logs/dag_id=check_S3_minio_bucket_v01/run_id=scheduled__2023-11-07T00:00:00+00:00/task_id=1st_task permission to 509
[2023-11-08T00:00:03.584+0000] {taskinstance.py:1159} INFO - Dependencies all met for dep_context=non-requeueable deps ti=<TaskInstance: check_S3_minio_bucket_v01.1st_task scheduled__2023-11-07T00:00:00+00:00 [queued]>
[2023-11-08T00:00:03.645+0000] {taskinstance.py:1159} INFO - Dependencies all met for dep_context=requeueable deps ti=<TaskInstance: check_S3_minio_bucket_v01.1st_task scheduled__2023-11-07T00:00:00+00:00 [queued]>
[2023-11-08T00:00:03.647+0000] {taskinstance.py:1361} INFO - Starting attempt 1 of 6
[2023-11-08T00:00:03.695+0000] {taskinstance.py:1382} INFO - Executing <Task(BashOperator): 1st_task> on 2023-11-07 00:00:00+00:00
[2023-11-08T00:00:03.711+0000] {standard_task_runner.py:57} INFO - Started process 4671 to run task
[2023-11-08T00:00:03.716+0000] {standard_task_runner.py:84} INFO - Running: ['***', 'tasks', 'run', 'check_S3_minio_bucket_v01', '1st_task', 'scheduled__2023-11-07T00:00:00+00:00', '--job-id', '383', '--raw', '--subdir', 'DAGS_FOLDER/check_S3_bucket.py', '--cfg-path', '/tmp/tmpq7f5mn78']
[2023-11-08T00:00:03.722+0000] {standard_task_runner.py:85} INFO - Job 383: Subtask 1st_task
[2023-11-08T00:00:03.832+0000] {logging_mixin.py:151} INFO - Changing /opt/***/logs/dag_id=check_S3_minio_bucket_v01/run_id=scheduled__2023-11-07T00:00:00+00:00/task_id=1st_task permission to 509
[2023-11-08T00:00:03.843+0000] {task_command.py:416} INFO - Running <TaskInstance: check_S3_minio_bucket_v01.1st_task scheduled__2023-11-07T00:00:00+00:00 [running]> on host ab25723b72db
[2023-11-08T00:00:04.729+0000] {taskinstance.py:1662} INFO - Exporting env vars: AIRFLOW_CTX_DAG_OWNER='Toema' AIRFLOW_CTX_DAG_ID='check_S3_minio_bucket_v01' AIRFLOW_CTX_TASK_ID='1st_task' AIRFLOW_CTX_EXECUTION_DATE='2023-11-07T00:00:00+00:00' AIRFLOW_CTX_TRY_NUMBER='1' AIRFLOW_CTX_DAG_RUN_ID='scheduled__2023-11-07T00:00:00+00:00'
[2023-11-08T00:00:04.812+0000] {subprocess.py:63} INFO - Tmp dir root location: /tmp
[2023-11-08T00:00:04.820+0000] {subprocess.py:75} INFO - Running command: ['/bin/bash', '-c', 'pip install minio ']
[2023-11-08T00:00:04.929+0000] {subprocess.py:86} INFO - Output:
[2023-11-08T00:00:12.373+0000] {subprocess.py:93} INFO - Defaulting to user installation because normal site-packages is not writeable
[2023-11-08T00:00:14.786+0000] {subprocess.py:93} INFO - Collecting minio
[2023-11-08T00:00:15.462+0000] {subprocess.py:93} INFO -   Downloading minio-7.1.17-py3-none-any.whl (78 kB)
[2023-11-08T00:00:23.514+0000] {subprocess.py:93} INFO -      ━━━━━━━━━━━━━━━━━━━━━━━━━━━━━━━━━━━━━━━━ 78.3/78.3 kB 8.8 kB/s eta 0:00:00
[2023-11-08T00:00:23.539+0000] {subprocess.py:93} INFO - Requirement already satisfied: certifi in /home/***/.local/lib/python3.8/site-packages (from minio) (2023.7.22)
[2023-11-08T00:00:23.542+0000] {subprocess.py:93} INFO - Requirement already satisfied: urllib3 in /home/***/.local/lib/python3.8/site-packages (from minio) (1.26.17)
[2023-11-08T00:00:33.432+0000] {subprocess.py:93} INFO - Installing collected packages: minio
[2023-11-08T00:00:33.696+0000] {subprocess.py:93} INFO - Successfully installed minio-7.1.17
[2023-11-08T00:00:34.159+0000] {subprocess.py:93} INFO - 
[2023-11-08T00:00:34.160+0000] {subprocess.py:93} INFO - [notice] A new release of pip is available: 23.0.1 -> 23.3.1
[2023-11-08T00:00:34.161+0000] {subprocess.py:93} INFO - [notice] To update, run: pip install --upgrade pip
[2023-11-08T00:00:34.568+0000] {subprocess.py:97} INFO - Command exited with return code 0
[2023-11-08T00:00:34.620+0000] {taskinstance.py:1400} INFO - Marking task as SUCCESS. dag_id=check_S3_minio_bucket_v01, task_id=1st_task, execution_date=20231107T000000, start_date=20231108T000003, end_date=20231108T000034
[2023-11-08T00:00:34.668+0000] {local_task_job_runner.py:228} INFO - Task exited with return code 0
[2023-11-08T00:00:34.720+0000] {taskinstance.py:2778} INFO - 1 downstream tasks scheduled from follow-on schedule check
