[2023-11-05T20:31:02.187+0000] {logging_mixin.py:151} INFO - Changing /opt/***/logs/dag_id=fetch_google_data_v03/run_id=manual__2023-11-05T20:30:45.446182+00:00/task_id=14th_task permission to 509
[2023-11-05T20:31:02.292+0000] {logging_mixin.py:151} INFO - Changing /opt/***/logs/dag_id=fetch_google_data_v03/run_id=manual__2023-11-05T20:30:45.446182+00:00/task_id=14th_task permission to 509
[2023-11-05T20:31:02.462+0000] {taskinstance.py:1159} INFO - Dependencies all met for dep_context=non-requeueable deps ti=<TaskInstance: fetch_google_data_v03.14th_task manual__2023-11-05T20:30:45.446182+00:00 [queued]>
[2023-11-05T20:31:02.515+0000] {taskinstance.py:1159} INFO - Dependencies all met for dep_context=requeueable deps ti=<TaskInstance: fetch_google_data_v03.14th_task manual__2023-11-05T20:30:45.446182+00:00 [queued]>
[2023-11-05T20:31:02.519+0000] {taskinstance.py:1361} INFO - Starting attempt 1 of 6
[2023-11-05T20:31:02.581+0000] {taskinstance.py:1382} INFO - Executing <Task(BashOperator): 14th_task> on 2023-11-05 20:30:45.446182+00:00
[2023-11-05T20:31:02.598+0000] {standard_task_runner.py:57} INFO - Started process 34628 to run task
[2023-11-05T20:31:02.606+0000] {standard_task_runner.py:84} INFO - Running: ['***', 'tasks', 'run', 'fetch_google_data_v03', '14th_task', 'manual__2023-11-05T20:30:45.446182+00:00', '--job-id', '196', '--raw', '--subdir', 'DAGS_FOLDER/fetch_data.py', '--cfg-path', '/tmp/tmpy24csd65']
[2023-11-05T20:31:02.625+0000] {standard_task_runner.py:85} INFO - Job 196: Subtask 14th_task
[2023-11-05T20:31:02.806+0000] {logging_mixin.py:151} INFO - Changing /opt/***/logs/dag_id=fetch_google_data_v03/run_id=manual__2023-11-05T20:30:45.446182+00:00/task_id=14th_task permission to 509
[2023-11-05T20:31:02.819+0000] {task_command.py:416} INFO - Running <TaskInstance: fetch_google_data_v03.14th_task manual__2023-11-05T20:30:45.446182+00:00 [running]> on host 2e5f9e164ff4
[2023-11-05T20:31:03.081+0000] {taskinstance.py:1662} INFO - Exporting env vars: AIRFLOW_CTX_DAG_OWNER='Toema' AIRFLOW_CTX_DAG_ID='fetch_google_data_v03' AIRFLOW_CTX_TASK_ID='14th_task' AIRFLOW_CTX_EXECUTION_DATE='2023-11-05T20:30:45.446182+00:00' AIRFLOW_CTX_TRY_NUMBER='1' AIRFLOW_CTX_DAG_RUN_ID='manual__2023-11-05T20:30:45.446182+00:00'
[2023-11-05T20:31:03.085+0000] {subprocess.py:63} INFO - Tmp dir root location: /tmp
[2023-11-05T20:31:03.090+0000] {subprocess.py:75} INFO - Running command: ['/bin/bash', '-c', 'pip install wget']
[2023-11-05T20:31:03.124+0000] {subprocess.py:86} INFO - Output:
[2023-11-05T20:31:10.111+0000] {subprocess.py:93} INFO - Defaulting to user installation because normal site-packages is not writeable
[2023-11-05T20:31:13.243+0000] {subprocess.py:93} INFO - Collecting wget
[2023-11-05T20:31:13.896+0000] {subprocess.py:93} INFO -   Downloading wget-3.2.zip (10 kB)
[2023-11-05T20:31:13.975+0000] {subprocess.py:93} INFO -   Preparing metadata (setup.py): started
[2023-11-05T20:31:20.843+0000] {subprocess.py:93} INFO -   Preparing metadata (setup.py): finished with status 'done'
[2023-11-05T20:31:20.852+0000] {subprocess.py:93} INFO - Building wheels for collected packages: wget
[2023-11-05T20:31:20.859+0000] {subprocess.py:93} INFO -   Building wheel for wget (setup.py): started
[2023-11-05T20:31:23.683+0000] {subprocess.py:93} INFO -   Building wheel for wget (setup.py): finished with status 'done'
[2023-11-05T20:31:23.685+0000] {subprocess.py:93} INFO -   Created wheel for wget: filename=wget-3.2-py3-none-any.whl size=9655 sha256=039c0eb3684868d8b3b6a5375ceb29b48ba117927495578a09de4a933e3f5085
[2023-11-05T20:31:23.687+0000] {subprocess.py:93} INFO -   Stored in directory: /home/***/.cache/pip/wheels/bd/a8/c3/3cf2c14a1837a4e04bd98631724e81f33f462d86a1d895fae0
[2023-11-05T20:31:23.692+0000] {subprocess.py:93} INFO - Successfully built wget
[2023-11-05T20:31:37.897+0000] {subprocess.py:93} INFO - Installing collected packages: wget
[2023-11-05T20:31:38.080+0000] {subprocess.py:93} INFO - Successfully installed wget-3.2
[2023-11-05T20:31:38.820+0000] {subprocess.py:93} INFO - 
[2023-11-05T20:31:38.822+0000] {subprocess.py:93} INFO - [notice] A new release of pip is available: 23.0.1 -> 23.3.1
[2023-11-05T20:31:38.823+0000] {subprocess.py:93} INFO - [notice] To update, run: pip install --upgrade pip
[2023-11-05T20:31:39.360+0000] {subprocess.py:97} INFO - Command exited with return code 0
[2023-11-05T20:31:39.444+0000] {taskinstance.py:1400} INFO - Marking task as SUCCESS. dag_id=fetch_google_data_v03, task_id=14th_task, execution_date=20231105T203045, start_date=20231105T203102, end_date=20231105T203139
[2023-11-05T20:31:40.443+0000] {local_task_job_runner.py:228} INFO - Task exited with return code 0
[2023-11-05T20:31:40.516+0000] {taskinstance.py:2778} INFO - 1 downstream tasks scheduled from follow-on schedule check
