[2023-11-04T20:19:19.207+0000] {logging_mixin.py:151} INFO - Changing /opt/***/logs/dag_id=dag_for_s3_files_checker_v01/run_id=manual__2023-11-04T20:19:13.636426+00:00/task_id=2nd_task permission to 509
[2023-11-04T20:19:19.602+0000] {logging_mixin.py:151} INFO - Changing /opt/***/logs/dag_id=dag_for_s3_files_checker_v01/run_id=manual__2023-11-04T20:19:13.636426+00:00/task_id=2nd_task permission to 509
[2023-11-04T20:19:19.743+0000] {taskinstance.py:1159} INFO - Dependencies all met for dep_context=non-requeueable deps ti=<TaskInstance: dag_for_s3_files_checker_v01.2nd_task manual__2023-11-04T20:19:13.636426+00:00 [queued]>
[2023-11-04T20:19:19.765+0000] {taskinstance.py:1159} INFO - Dependencies all met for dep_context=requeueable deps ti=<TaskInstance: dag_for_s3_files_checker_v01.2nd_task manual__2023-11-04T20:19:13.636426+00:00 [queued]>
[2023-11-04T20:19:19.767+0000] {taskinstance.py:1361} INFO - Starting attempt 1 of 6
[2023-11-04T20:19:19.801+0000] {taskinstance.py:1382} INFO - Executing <Task(BashOperator): 2nd_task> on 2023-11-04 20:19:13.636426+00:00
[2023-11-04T20:19:19.815+0000] {standard_task_runner.py:57} INFO - Started process 1559 to run task
[2023-11-04T20:19:19.822+0000] {standard_task_runner.py:84} INFO - Running: ['***', 'tasks', 'run', 'dag_for_s3_files_checker_v01', '2nd_task', 'manual__2023-11-04T20:19:13.636426+00:00', '--job-id', '39', '--raw', '--subdir', 'DAGS_FOLDER/check_S3_files.py', '--cfg-path', '/tmp/tmphjnyhldy']
[2023-11-04T20:19:19.831+0000] {standard_task_runner.py:85} INFO - Job 39: Subtask 2nd_task
[2023-11-04T20:19:19.963+0000] {logging_mixin.py:151} INFO - Changing /opt/***/logs/dag_id=dag_for_s3_files_checker_v01/run_id=manual__2023-11-04T20:19:13.636426+00:00/task_id=2nd_task permission to 509
[2023-11-04T20:19:19.979+0000] {task_command.py:416} INFO - Running <TaskInstance: dag_for_s3_files_checker_v01.2nd_task manual__2023-11-04T20:19:13.636426+00:00 [running]> on host c1553d42a04f
[2023-11-04T20:19:20.138+0000] {taskinstance.py:1662} INFO - Exporting env vars: AIRFLOW_CTX_DAG_OWNER='Toema' AIRFLOW_CTX_DAG_ID='dag_for_s3_files_checker_v01' AIRFLOW_CTX_TASK_ID='2nd_task' AIRFLOW_CTX_EXECUTION_DATE='2023-11-04T20:19:13.636426+00:00' AIRFLOW_CTX_TRY_NUMBER='1' AIRFLOW_CTX_DAG_RUN_ID='manual__2023-11-04T20:19:13.636426+00:00'
[2023-11-04T20:19:20.144+0000] {subprocess.py:63} INFO - Tmp dir root location: /tmp
[2023-11-04T20:19:20.146+0000] {subprocess.py:75} INFO - Running command: ['/bin/bash', '-c', 'pwd']
[2023-11-04T20:19:20.170+0000] {subprocess.py:86} INFO - Output:
[2023-11-04T20:19:20.180+0000] {subprocess.py:93} INFO - /tmp/***tmpv9tp05ho
[2023-11-04T20:19:20.182+0000] {subprocess.py:97} INFO - Command exited with return code 0
[2023-11-04T20:19:20.232+0000] {taskinstance.py:1400} INFO - Marking task as SUCCESS. dag_id=dag_for_s3_files_checker_v01, task_id=2nd_task, execution_date=20231104T201913, start_date=20231104T201919, end_date=20231104T201920
[2023-11-04T20:19:20.279+0000] {local_task_job_runner.py:228} INFO - Task exited with return code 0
[2023-11-04T20:19:20.310+0000] {taskinstance.py:2778} INFO - 0 downstream tasks scheduled from follow-on schedule check
