[2023-11-07T02:05:56.928+0000] {logging_mixin.py:151} INFO - Changing /opt/***/logs/dag_id=export_google_data_v02/run_id=scheduled__2023-11-06T00:00:00+00:00/task_id=3rd_task permission to 509
[2023-11-07T02:05:57.090+0000] {logging_mixin.py:151} INFO - Changing /opt/***/logs/dag_id=export_google_data_v02/run_id=scheduled__2023-11-06T00:00:00+00:00/task_id=3rd_task permission to 509
[2023-11-07T02:05:57.299+0000] {taskinstance.py:1159} INFO - Dependencies all met for dep_context=non-requeueable deps ti=<TaskInstance: export_google_data_v02.3rd_task scheduled__2023-11-06T00:00:00+00:00 [queued]>
[2023-11-07T02:05:57.346+0000] {taskinstance.py:1159} INFO - Dependencies all met for dep_context=requeueable deps ti=<TaskInstance: export_google_data_v02.3rd_task scheduled__2023-11-06T00:00:00+00:00 [queued]>
[2023-11-07T02:05:57.349+0000] {taskinstance.py:1361} INFO - Starting attempt 6 of 6
[2023-11-07T02:05:57.434+0000] {taskinstance.py:1382} INFO - Executing <Task(BashOperator): 3rd_task> on 2023-11-06 00:00:00+00:00
[2023-11-07T02:05:57.464+0000] {standard_task_runner.py:57} INFO - Started process 13557 to run task
[2023-11-07T02:05:57.475+0000] {standard_task_runner.py:84} INFO - Running: ['***', 'tasks', 'run', 'export_google_data_v02', '3rd_task', 'scheduled__2023-11-06T00:00:00+00:00', '--job-id', '309', '--raw', '--subdir', 'DAGS_FOLDER/export_data.py', '--cfg-path', '/tmp/tmp6jy5bah5']
[2023-11-07T02:05:57.502+0000] {standard_task_runner.py:85} INFO - Job 309: Subtask 3rd_task
[2023-11-07T02:05:57.710+0000] {logging_mixin.py:151} INFO - Changing /opt/***/logs/dag_id=export_google_data_v02/run_id=scheduled__2023-11-06T00:00:00+00:00/task_id=3rd_task permission to 509
[2023-11-07T02:05:57.729+0000] {task_command.py:416} INFO - Running <TaskInstance: export_google_data_v02.3rd_task scheduled__2023-11-06T00:00:00+00:00 [running]> on host c4630ce72677
[2023-11-07T02:05:57.993+0000] {taskinstance.py:1662} INFO - Exporting env vars: AIRFLOW_CTX_DAG_OWNER='Toema' AIRFLOW_CTX_DAG_ID='export_google_data_v02' AIRFLOW_CTX_TASK_ID='3rd_task' AIRFLOW_CTX_EXECUTION_DATE='2023-11-06T00:00:00+00:00' AIRFLOW_CTX_TRY_NUMBER='6' AIRFLOW_CTX_DAG_RUN_ID='scheduled__2023-11-06T00:00:00+00:00'
[2023-11-07T02:05:57.997+0000] {subprocess.py:63} INFO - Tmp dir root location: /tmp
[2023-11-07T02:05:58.004+0000] {subprocess.py:75} INFO - Running command: ['/bin/bash', '-c', 'python /opt/***/dags/src/scripts/export_data.py']
[2023-11-07T02:05:58.067+0000] {subprocess.py:86} INFO - Output:
[2023-11-07T02:07:20.197+0000] {subprocess.py:97} INFO - Command exited with return code -9
[2023-11-07T02:07:21.234+0000] {taskinstance.py:1937} ERROR - Task failed with exception
Traceback (most recent call last):
  File "/home/airflow/.local/lib/python3.8/site-packages/airflow/operators/bash.py", line 210, in execute
    raise AirflowException(
airflow.exceptions.AirflowException: Bash command failed. The command returned a non-zero exit code -9.
[2023-11-07T02:07:21.371+0000] {taskinstance.py:1400} INFO - Marking task as FAILED. dag_id=export_google_data_v02, task_id=3rd_task, execution_date=20231106T000000, start_date=20231107T020557, end_date=20231107T020721
[2023-11-07T02:07:21.697+0000] {standard_task_runner.py:104} ERROR - Failed to execute job 309 for task 3rd_task (Bash command failed. The command returned a non-zero exit code -9.; 13557)
[2023-11-07T02:07:21.875+0000] {local_task_job_runner.py:228} INFO - Task exited with return code 1
[2023-11-07T02:07:22.081+0000] {taskinstance.py:2778} INFO - 0 downstream tasks scheduled from follow-on schedule check
