[2023-11-05T00:13:32.285+0000] {logging_mixin.py:151} INFO - Changing /opt/***/logs/dag_id=fetch_google_data_v01/run_id=scheduled__2023-11-03T00:00:00+00:00/task_id=3rd_task permission to 509
[2023-11-05T00:13:32.370+0000] {logging_mixin.py:151} INFO - Changing /opt/***/logs/dag_id=fetch_google_data_v01/run_id=scheduled__2023-11-03T00:00:00+00:00/task_id=3rd_task permission to 509
[2023-11-05T00:13:32.541+0000] {taskinstance.py:1159} INFO - Dependencies all met for dep_context=non-requeueable deps ti=<TaskInstance: fetch_google_data_v01.3rd_task scheduled__2023-11-03T00:00:00+00:00 [queued]>
[2023-11-05T00:13:32.588+0000] {taskinstance.py:1159} INFO - Dependencies all met for dep_context=requeueable deps ti=<TaskInstance: fetch_google_data_v01.3rd_task scheduled__2023-11-03T00:00:00+00:00 [queued]>
[2023-11-05T00:13:32.591+0000] {taskinstance.py:1361} INFO - Starting attempt 3 of 6
[2023-11-05T00:13:32.894+0000] {taskinstance.py:1382} INFO - Executing <Task(BashOperator): 3rd_task> on 2023-11-03 00:00:00+00:00
[2023-11-05T00:13:32.908+0000] {standard_task_runner.py:57} INFO - Started process 3361 to run task
[2023-11-05T00:13:32.915+0000] {standard_task_runner.py:84} INFO - Running: ['***', 'tasks', 'run', 'fetch_google_data_v01', '3rd_task', 'scheduled__2023-11-03T00:00:00+00:00', '--job-id', '139', '--raw', '--subdir', 'DAGS_FOLDER/fetch_data.py', '--cfg-path', '/tmp/tmpz4fyoqxg']
[2023-11-05T00:13:32.927+0000] {standard_task_runner.py:85} INFO - Job 139: Subtask 3rd_task
[2023-11-05T00:13:33.172+0000] {logging_mixin.py:151} INFO - Changing /opt/***/logs/dag_id=fetch_google_data_v01/run_id=scheduled__2023-11-03T00:00:00+00:00/task_id=3rd_task permission to 509
[2023-11-05T00:13:33.188+0000] {task_command.py:416} INFO - Running <TaskInstance: fetch_google_data_v01.3rd_task scheduled__2023-11-03T00:00:00+00:00 [running]> on host 264d7b91d87b
[2023-11-05T00:13:33.453+0000] {taskinstance.py:1662} INFO - Exporting env vars: AIRFLOW_CTX_DAG_OWNER='Toema' AIRFLOW_CTX_DAG_ID='fetch_google_data_v01' AIRFLOW_CTX_TASK_ID='3rd_task' AIRFLOW_CTX_EXECUTION_DATE='2023-11-03T00:00:00+00:00' AIRFLOW_CTX_TRY_NUMBER='3' AIRFLOW_CTX_DAG_RUN_ID='scheduled__2023-11-03T00:00:00+00:00'
[2023-11-05T00:13:33.458+0000] {subprocess.py:63} INFO - Tmp dir root location: /tmp
[2023-11-05T00:13:33.463+0000] {subprocess.py:75} INFO - Running command: ['/bin/bash', '-c', 'python /opt/***/dags/src/scripts/fetch_automatic_downloads.py']
[2023-11-05T00:13:33.499+0000] {subprocess.py:86} INFO - Output:
[2023-11-05T00:13:34.531+0000] {subprocess.py:93} INFO - Traceback (most recent call last):
[2023-11-05T00:13:34.533+0000] {subprocess.py:93} INFO -   File "/opt/***/dags/src/scripts/fetch_automatic_downloads.py", line 18, in <module>
[2023-11-05T00:13:34.536+0000] {subprocess.py:93} INFO -   File "/home/***/.local/lib/python3.8/site-packages/wget.py", line 28, in <module>
[2023-11-05T00:13:34.538+0000] {subprocess.py:93} INFO -     import urllib.request as ulib
[2023-11-05T00:13:34.540+0000] {subprocess.py:93} INFO -   File "/usr/local/lib/python3.8/urllib/request.py", line 88, in <module>
[2023-11-05T00:13:34.542+0000] {subprocess.py:93} INFO -     import http.client
[2023-11-05T00:13:34.544+0000] {subprocess.py:93} INFO -   File "/usr/local/lib/python3.8/http/client.py", line 1368, in <module>
[2023-11-05T00:13:34.546+0000] {subprocess.py:93} INFO -     import ssl
[2023-11-05T00:13:34.548+0000] {subprocess.py:93} INFO -   File "<frozen importlib._bootstrap>", line 991, in _find_and_load
[2023-11-05T00:13:34.550+0000] {subprocess.py:93} INFO -   File "<frozen importlib._bootstrap>", line 971, in _find_and_load_unlocked
[2023-11-05T00:13:34.552+0000] {subprocess.py:93} INFO -   File "<frozen importlib._bootstrap>", line 914, in _find_spec
[2023-11-05T00:13:34.554+0000] {subprocess.py:93} INFO -   File "<frozen importlib._bootstrap_external>", line 1407, in find_spec
[2023-11-05T00:13:34.555+0000] {subprocess.py:93} INFO -   File "<frozen importlib._bootstrap_external>", line 1379, in _get_spec
[2023-11-05T00:13:34.557+0000] {subprocess.py:93} INFO -   File "<frozen importlib._bootstrap_external>", line 1510, in find_spec
[2023-11-05T00:13:34.559+0000] {subprocess.py:93} INFO -   File "<frozen importlib._bootstrap_external>", line 1553, in _fill_cache
[2023-11-05T00:13:34.561+0000] {subprocess.py:93} INFO - OSError: [Errno 5] Input/output error: '/opt/***/dags/src/scripts'
[2023-11-05T00:13:34.570+0000] {subprocess.py:97} INFO - Command exited with return code 1
[2023-11-05T00:13:34.596+0000] {taskinstance.py:1937} ERROR - Task failed with exception
Traceback (most recent call last):
  File "/home/airflow/.local/lib/python3.8/site-packages/airflow/operators/bash.py", line 210, in execute
    raise AirflowException(
airflow.exceptions.AirflowException: Bash command failed. The command returned a non-zero exit code 1.
[2023-11-05T00:13:34.610+0000] {taskinstance.py:1400} INFO - Marking task as UP_FOR_RETRY. dag_id=fetch_google_data_v01, task_id=3rd_task, execution_date=20231103T000000, start_date=20231105T001332, end_date=20231105T001334
[2023-11-05T00:13:34.651+0000] {standard_task_runner.py:104} ERROR - Failed to execute job 139 for task 3rd_task (Bash command failed. The command returned a non-zero exit code 1.; 3361)
[2023-11-05T00:13:34.701+0000] {local_task_job_runner.py:228} INFO - Task exited with return code 1
[2023-11-05T00:13:34.738+0000] {taskinstance.py:2778} INFO - 0 downstream tasks scheduled from follow-on schedule check
