[2023-11-05T20:31:02.628+0000] {logging_mixin.py:151} INFO - Changing /opt/***/logs/dag_id=fetch_google_data_v03/run_id=scheduled__2023-11-04T00:00:00+00:00/task_id=14th_task permission to 509
[2023-11-05T20:31:02.727+0000] {logging_mixin.py:151} INFO - Changing /opt/***/logs/dag_id=fetch_google_data_v03/run_id=scheduled__2023-11-04T00:00:00+00:00/task_id=14th_task permission to 509
[2023-11-05T20:31:02.865+0000] {taskinstance.py:1159} INFO - Dependencies all met for dep_context=non-requeueable deps ti=<TaskInstance: fetch_google_data_v03.14th_task scheduled__2023-11-04T00:00:00+00:00 [queued]>
[2023-11-05T20:31:02.904+0000] {taskinstance.py:1159} INFO - Dependencies all met for dep_context=requeueable deps ti=<TaskInstance: fetch_google_data_v03.14th_task scheduled__2023-11-04T00:00:00+00:00 [queued]>
[2023-11-05T20:31:02.907+0000] {taskinstance.py:1361} INFO - Starting attempt 1 of 6
[2023-11-05T20:31:02.970+0000] {taskinstance.py:1382} INFO - Executing <Task(BashOperator): 14th_task> on 2023-11-04 00:00:00+00:00
[2023-11-05T20:31:02.991+0000] {standard_task_runner.py:57} INFO - Started process 34629 to run task
[2023-11-05T20:31:02.999+0000] {standard_task_runner.py:84} INFO - Running: ['***', 'tasks', 'run', 'fetch_google_data_v03', '14th_task', 'scheduled__2023-11-04T00:00:00+00:00', '--job-id', '197', '--raw', '--subdir', 'DAGS_FOLDER/fetch_data.py', '--cfg-path', '/tmp/tmpuyi94tfs']
[2023-11-05T20:31:03.010+0000] {standard_task_runner.py:85} INFO - Job 197: Subtask 14th_task
[2023-11-05T20:31:03.157+0000] {logging_mixin.py:151} INFO - Changing /opt/***/logs/dag_id=fetch_google_data_v03/run_id=scheduled__2023-11-04T00:00:00+00:00/task_id=14th_task permission to 509
[2023-11-05T20:31:03.171+0000] {task_command.py:416} INFO - Running <TaskInstance: fetch_google_data_v03.14th_task scheduled__2023-11-04T00:00:00+00:00 [running]> on host 2e5f9e164ff4
[2023-11-05T20:31:03.427+0000] {taskinstance.py:1662} INFO - Exporting env vars: AIRFLOW_CTX_DAG_OWNER='Toema' AIRFLOW_CTX_DAG_ID='fetch_google_data_v03' AIRFLOW_CTX_TASK_ID='14th_task' AIRFLOW_CTX_EXECUTION_DATE='2023-11-04T00:00:00+00:00' AIRFLOW_CTX_TRY_NUMBER='1' AIRFLOW_CTX_DAG_RUN_ID='scheduled__2023-11-04T00:00:00+00:00'
[2023-11-05T20:31:03.434+0000] {subprocess.py:63} INFO - Tmp dir root location: /tmp
[2023-11-05T20:31:03.438+0000] {subprocess.py:75} INFO - Running command: ['/bin/bash', '-c', 'pip install wget']
[2023-11-05T20:31:03.469+0000] {subprocess.py:86} INFO - Output:
[2023-11-05T20:31:10.111+0000] {subprocess.py:93} INFO - Defaulting to user installation because normal site-packages is not writeable
[2023-11-05T20:31:18.343+0000] {subprocess.py:93} INFO - Collecting wget
[2023-11-05T20:31:18.350+0000] {subprocess.py:93} INFO -   Using cached wget-3.2.zip (10 kB)
[2023-11-05T20:31:18.365+0000] {subprocess.py:93} INFO -   Preparing metadata (setup.py): started
[2023-11-05T20:31:22.303+0000] {subprocess.py:93} INFO -   Preparing metadata (setup.py): finished with status 'done'
[2023-11-05T20:31:22.311+0000] {subprocess.py:93} INFO - Building wheels for collected packages: wget
[2023-11-05T20:31:22.313+0000] {subprocess.py:93} INFO -   Building wheel for wget (setup.py): started
[2023-11-05T20:31:25.082+0000] {subprocess.py:93} INFO -   Building wheel for wget (setup.py): finished with status 'done'
[2023-11-05T20:31:25.084+0000] {subprocess.py:93} INFO -   Created wheel for wget: filename=wget-3.2-py3-none-any.whl size=9655 sha256=897a1dccd04200747a6c34869b89a8cecbc8ff3ef455b2bba88b3bd7261d0679
[2023-11-05T20:31:25.086+0000] {subprocess.py:93} INFO -   Stored in directory: /home/***/.cache/pip/wheels/bd/a8/c3/3cf2c14a1837a4e04bd98631724e81f33f462d86a1d895fae0
[2023-11-05T20:31:25.093+0000] {subprocess.py:93} INFO - Successfully built wget
[2023-11-05T20:31:38.634+0000] {subprocess.py:93} INFO - Installing collected packages: wget
[2023-11-05T20:31:38.765+0000] {subprocess.py:93} INFO - Successfully installed wget-3.2
[2023-11-05T20:31:39.808+0000] {subprocess.py:93} INFO - 
[2023-11-05T20:31:39.810+0000] {subprocess.py:93} INFO - [notice] A new release of pip is available: 23.0.1 -> 23.3.1
[2023-11-05T20:31:39.811+0000] {subprocess.py:93} INFO - [notice] To update, run: pip install --upgrade pip
[2023-11-05T20:31:40.310+0000] {subprocess.py:97} INFO - Command exited with return code 0
[2023-11-05T20:31:40.359+0000] {taskinstance.py:1400} INFO - Marking task as SUCCESS. dag_id=fetch_google_data_v03, task_id=14th_task, execution_date=20231104T000000, start_date=20231105T203102, end_date=20231105T203140
[2023-11-05T20:31:41.387+0000] {local_task_job_runner.py:228} INFO - Task exited with return code 0
[2023-11-05T20:31:41.463+0000] {taskinstance.py:2778} INFO - 0 downstream tasks scheduled from follow-on schedule check
