[2023-11-05T21:55:31.479+0000] {logging_mixin.py:151} INFO - Changing /opt/***/logs/dag_id=fetch_google_data_v03/run_id=manual__2023-11-05T21:45:19.708651+00:00/task_id=14th_task permission to 509
[2023-11-05T21:55:35.641+0000] {logging_mixin.py:151} INFO - Changing /opt/***/logs/dag_id=fetch_google_data_v03/run_id=manual__2023-11-05T21:45:19.708651+00:00/task_id=14th_task permission to 509
[2023-11-05T21:55:36.198+0000] {taskinstance.py:1159} INFO - Dependencies all met for dep_context=non-requeueable deps ti=<TaskInstance: fetch_google_data_v03.14th_task manual__2023-11-05T21:45:19.708651+00:00 [queued]>
[2023-11-05T21:55:36.222+0000] {taskinstance.py:1159} INFO - Dependencies all met for dep_context=requeueable deps ti=<TaskInstance: fetch_google_data_v03.14th_task manual__2023-11-05T21:45:19.708651+00:00 [queued]>
[2023-11-05T21:55:36.224+0000] {taskinstance.py:1361} INFO - Starting attempt 2 of 6
[2023-11-05T21:55:36.259+0000] {taskinstance.py:1382} INFO - Executing <Task(BashOperator): 14th_task> on 2023-11-05 21:45:19.708651+00:00
[2023-11-05T21:55:36.273+0000] {standard_task_runner.py:57} INFO - Started process 44821 to run task
[2023-11-05T21:55:36.274+0000] {standard_task_runner.py:84} INFO - Running: ['***', 'tasks', 'run', 'fetch_google_data_v03', '14th_task', 'manual__2023-11-05T21:45:19.708651+00:00', '--job-id', '228', '--raw', '--subdir', 'DAGS_FOLDER/fetch_data.py', '--cfg-path', '/tmp/tmpn6b_q3s5']
[2023-11-05T21:55:36.322+0000] {standard_task_runner.py:85} INFO - Job 228: Subtask 14th_task
[2023-11-05T21:55:36.910+0000] {logging_mixin.py:151} INFO - Changing /opt/***/logs/dag_id=fetch_google_data_v03/run_id=manual__2023-11-05T21:45:19.708651+00:00/task_id=14th_task permission to 509
[2023-11-05T21:55:36.930+0000] {task_command.py:416} INFO - Running <TaskInstance: fetch_google_data_v03.14th_task manual__2023-11-05T21:45:19.708651+00:00 [running]> on host 2e5f9e164ff4
[2023-11-05T21:55:37.596+0000] {taskinstance.py:1662} INFO - Exporting env vars: AIRFLOW_CTX_DAG_OWNER='Toema' AIRFLOW_CTX_DAG_ID='fetch_google_data_v03' AIRFLOW_CTX_TASK_ID='14th_task' AIRFLOW_CTX_EXECUTION_DATE='2023-11-05T21:45:19.708651+00:00' AIRFLOW_CTX_TRY_NUMBER='2' AIRFLOW_CTX_DAG_RUN_ID='manual__2023-11-05T21:45:19.708651+00:00'
[2023-11-05T21:55:37.617+0000] {subprocess.py:63} INFO - Tmp dir root location: /tmp
[2023-11-05T21:55:37.637+0000] {subprocess.py:75} INFO - Running command: ['/bin/bash', '-c', 'pip install wget']
[2023-11-05T21:55:37.673+0000] {subprocess.py:86} INFO - Output:
[2023-11-05T21:55:41.516+0000] {subprocess.py:93} INFO - Defaulting to user installation because normal site-packages is not writeable
[2023-11-05T21:55:42.132+0000] {subprocess.py:93} INFO - Requirement already satisfied: wget in /home/***/.local/lib/python3.8/site-packages (3.2)
[2023-11-05T21:55:51.851+0000] {subprocess.py:93} INFO - 
[2023-11-05T21:55:51.852+0000] {subprocess.py:93} INFO - [notice] A new release of pip is available: 23.0.1 -> 23.3.1
[2023-11-05T21:55:51.854+0000] {subprocess.py:93} INFO - [notice] To update, run: pip install --upgrade pip
[2023-11-05T21:55:52.372+0000] {subprocess.py:97} INFO - Command exited with return code 0
[2023-11-05T21:55:52.429+0000] {taskinstance.py:1400} INFO - Marking task as SUCCESS. dag_id=fetch_google_data_v03, task_id=14th_task, execution_date=20231105T214519, start_date=20231105T215536, end_date=20231105T215552
[2023-11-05T21:55:52.722+0000] {local_task_job_runner.py:228} INFO - Task exited with return code 0
[2023-11-05T21:55:52.775+0000] {taskinstance.py:2778} INFO - 1 downstream tasks scheduled from follow-on schedule check
