[2023-11-02T00:54:05.798+0000] {logging_mixin.py:151} INFO - Changing /opt/***/logs/dag_id=dag_for_s3_files_checker_v01/run_id=manual__2023-11-02T00:53:59.761584+00:00/task_id=first_task permission to 509
[2023-11-02T00:54:05.863+0000] {logging_mixin.py:151} INFO - Changing /opt/***/logs/dag_id=dag_for_s3_files_checker_v01/run_id=manual__2023-11-02T00:53:59.761584+00:00/task_id=first_task permission to 509
[2023-11-02T00:54:06.144+0000] {taskinstance.py:1159} INFO - Dependencies all met for dep_context=non-requeueable deps ti=<TaskInstance: dag_for_s3_files_checker_v01.first_task manual__2023-11-02T00:53:59.761584+00:00 [queued]>
[2023-11-02T00:54:06.181+0000] {taskinstance.py:1159} INFO - Dependencies all met for dep_context=requeueable deps ti=<TaskInstance: dag_for_s3_files_checker_v01.first_task manual__2023-11-02T00:53:59.761584+00:00 [queued]>
[2023-11-02T00:54:06.183+0000] {taskinstance.py:1361} INFO - Starting attempt 1 of 6
[2023-11-02T00:54:06.223+0000] {taskinstance.py:1382} INFO - Executing <Task(BashOperator): first_task> on 2023-11-02 00:53:59.761584+00:00
[2023-11-02T00:54:06.234+0000] {standard_task_runner.py:57} INFO - Started process 4733 to run task
[2023-11-02T00:54:06.238+0000] {standard_task_runner.py:84} INFO - Running: ['***', 'tasks', 'run', 'dag_for_s3_files_checker_v01', 'first_task', 'manual__2023-11-02T00:53:59.761584+00:00', '--job-id', '15', '--raw', '--subdir', 'DAGS_FOLDER/check_S3_files.py', '--cfg-path', '/tmp/tmp_22a0ljq']
[2023-11-02T00:54:06.246+0000] {standard_task_runner.py:85} INFO - Job 15: Subtask first_task
[2023-11-02T00:54:06.330+0000] {logging_mixin.py:151} INFO - Changing /opt/***/logs/dag_id=dag_for_s3_files_checker_v01/run_id=manual__2023-11-02T00:53:59.761584+00:00/task_id=first_task permission to 509
[2023-11-02T00:54:06.339+0000] {task_command.py:416} INFO - Running <TaskInstance: dag_for_s3_files_checker_v01.first_task manual__2023-11-02T00:53:59.761584+00:00 [running]> on host dfc7569953e2
[2023-11-02T00:54:06.507+0000] {taskinstance.py:1662} INFO - Exporting env vars: AIRFLOW_CTX_DAG_OWNER='Toema' AIRFLOW_CTX_DAG_ID='dag_for_s3_files_checker_v01' AIRFLOW_CTX_TASK_ID='first_task' AIRFLOW_CTX_EXECUTION_DATE='2023-11-02T00:53:59.761584+00:00' AIRFLOW_CTX_TRY_NUMBER='1' AIRFLOW_CTX_DAG_RUN_ID='manual__2023-11-02T00:53:59.761584+00:00'
[2023-11-02T00:54:06.511+0000] {subprocess.py:63} INFO - Tmp dir root location: /tmp
[2023-11-02T00:54:06.514+0000] {subprocess.py:75} INFO - Running command: ['/bin/bash', '-c', 'echo hello world']
[2023-11-02T00:54:06.530+0000] {subprocess.py:86} INFO - Output:
[2023-11-02T00:54:06.568+0000] {subprocess.py:93} INFO - hello world
[2023-11-02T00:54:06.570+0000] {subprocess.py:97} INFO - Command exited with return code 0
[2023-11-02T00:54:06.607+0000] {taskinstance.py:1400} INFO - Marking task as SUCCESS. dag_id=dag_for_s3_files_checker_v01, task_id=first_task, execution_date=20231102T005359, start_date=20231102T005406, end_date=20231102T005406
[2023-11-02T00:54:06.656+0000] {local_task_job_runner.py:228} INFO - Task exited with return code 0
[2023-11-02T00:54:06.685+0000] {taskinstance.py:2778} INFO - 0 downstream tasks scheduled from follow-on schedule check
