[2023-11-07T01:17:56.987+0000] {logging_mixin.py:151} INFO - Changing /opt/***/logs/dag_id=export_google_data_v02/run_id=scheduled__2023-11-02T00:00:00+00:00/task_id=2nd_task permission to 509
[2023-11-07T01:17:57.087+0000] {logging_mixin.py:151} INFO - Changing /opt/***/logs/dag_id=export_google_data_v02/run_id=scheduled__2023-11-02T00:00:00+00:00/task_id=2nd_task permission to 509
[2023-11-07T01:17:57.502+0000] {taskinstance.py:1159} INFO - Dependencies all met for dep_context=non-requeueable deps ti=<TaskInstance: export_google_data_v02.2nd_task scheduled__2023-11-02T00:00:00+00:00 [queued]>
[2023-11-07T01:17:57.546+0000] {taskinstance.py:1159} INFO - Dependencies all met for dep_context=requeueable deps ti=<TaskInstance: export_google_data_v02.2nd_task scheduled__2023-11-02T00:00:00+00:00 [queued]>
[2023-11-07T01:17:57.550+0000] {taskinstance.py:1361} INFO - Starting attempt 1 of 6
[2023-11-07T01:18:00.076+0000] {taskinstance.py:1382} INFO - Executing <Task(BashOperator): 2nd_task> on 2023-11-02 00:00:00+00:00
[2023-11-07T01:18:00.165+0000] {standard_task_runner.py:57} INFO - Started process 8717 to run task
[2023-11-07T01:18:00.283+0000] {standard_task_runner.py:84} INFO - Running: ['***', 'tasks', 'run', 'export_google_data_v02', '2nd_task', 'scheduled__2023-11-02T00:00:00+00:00', '--job-id', '266', '--raw', '--subdir', 'DAGS_FOLDER/export_data.py', '--cfg-path', '/tmp/tmphyuc0idl']
[2023-11-07T01:18:00.368+0000] {standard_task_runner.py:85} INFO - Job 266: Subtask 2nd_task
[2023-11-07T01:18:00.876+0000] {logging_mixin.py:151} INFO - Changing /opt/***/logs/dag_id=export_google_data_v02/run_id=scheduled__2023-11-02T00:00:00+00:00/task_id=2nd_task permission to 509
[2023-11-07T01:18:00.902+0000] {task_command.py:416} INFO - Running <TaskInstance: export_google_data_v02.2nd_task scheduled__2023-11-02T00:00:00+00:00 [running]> on host c4630ce72677
[2023-11-07T01:18:01.662+0000] {taskinstance.py:1662} INFO - Exporting env vars: AIRFLOW_CTX_DAG_OWNER='Toema' AIRFLOW_CTX_DAG_ID='export_google_data_v02' AIRFLOW_CTX_TASK_ID='2nd_task' AIRFLOW_CTX_EXECUTION_DATE='2023-11-02T00:00:00+00:00' AIRFLOW_CTX_TRY_NUMBER='1' AIRFLOW_CTX_DAG_RUN_ID='scheduled__2023-11-02T00:00:00+00:00'
[2023-11-07T01:18:01.669+0000] {subprocess.py:63} INFO - Tmp dir root location: /tmp
[2023-11-07T01:18:01.680+0000] {subprocess.py:75} INFO - Running command: ['/bin/bash', '-c', 'pwd']
[2023-11-07T01:18:01.739+0000] {subprocess.py:86} INFO - Output:
[2023-11-07T01:18:01.747+0000] {subprocess.py:93} INFO - /tmp/***tmpn6yuotlt
[2023-11-07T01:18:01.749+0000] {subprocess.py:97} INFO - Command exited with return code 0
[2023-11-07T01:18:02.058+0000] {taskinstance.py:1400} INFO - Marking task as SUCCESS. dag_id=export_google_data_v02, task_id=2nd_task, execution_date=20231102T000000, start_date=20231107T011757, end_date=20231107T011802
[2023-11-07T01:18:02.152+0000] {local_task_job_runner.py:228} INFO - Task exited with return code 0
[2023-11-07T01:18:02.261+0000] {taskinstance.py:2778} INFO - 1 downstream tasks scheduled from follow-on schedule check
