[2023-11-05T20:51:58.498+0000] {logging_mixin.py:151} INFO - Changing /opt/***/logs/dag_id=fetch_google_data_v03/run_id=manual__2023-11-05T20:30:45.446182+00:00/task_id=3rd_task permission to 509
[2023-11-05T20:51:58.533+0000] {logging_mixin.py:151} INFO - Changing /opt/***/logs/dag_id=fetch_google_data_v03/run_id=manual__2023-11-05T20:30:45.446182+00:00/task_id=3rd_task permission to 509
[2023-11-05T20:51:58.583+0000] {taskinstance.py:1159} INFO - Dependencies all met for dep_context=non-requeueable deps ti=<TaskInstance: fetch_google_data_v03.3rd_task manual__2023-11-05T20:30:45.446182+00:00 [queued]>
[2023-11-05T20:51:58.595+0000] {taskinstance.py:1159} INFO - Dependencies all met for dep_context=requeueable deps ti=<TaskInstance: fetch_google_data_v03.3rd_task manual__2023-11-05T20:30:45.446182+00:00 [queued]>
[2023-11-05T20:51:58.596+0000] {taskinstance.py:1361} INFO - Starting attempt 3 of 6
[2023-11-05T20:51:58.612+0000] {taskinstance.py:1382} INFO - Executing <Task(BashOperator): 3rd_task> on 2023-11-05 20:30:45.446182+00:00
[2023-11-05T20:51:58.617+0000] {standard_task_runner.py:57} INFO - Started process 36245 to run task
[2023-11-05T20:51:58.620+0000] {standard_task_runner.py:84} INFO - Running: ['***', 'tasks', 'run', 'fetch_google_data_v03', '3rd_task', 'manual__2023-11-05T20:30:45.446182+00:00', '--job-id', '209', '--raw', '--subdir', 'DAGS_FOLDER/fetch_data.py', '--cfg-path', '/tmp/tmpxpxrp8_7']
[2023-11-05T20:51:58.623+0000] {standard_task_runner.py:85} INFO - Job 209: Subtask 3rd_task
[2023-11-05T20:51:58.676+0000] {logging_mixin.py:151} INFO - Changing /opt/***/logs/dag_id=fetch_google_data_v03/run_id=manual__2023-11-05T20:30:45.446182+00:00/task_id=3rd_task permission to 509
[2023-11-05T20:51:58.682+0000] {task_command.py:416} INFO - Running <TaskInstance: fetch_google_data_v03.3rd_task manual__2023-11-05T20:30:45.446182+00:00 [running]> on host 2e5f9e164ff4
[2023-11-05T20:51:58.763+0000] {taskinstance.py:1662} INFO - Exporting env vars: AIRFLOW_CTX_DAG_OWNER='Toema' AIRFLOW_CTX_DAG_ID='fetch_google_data_v03' AIRFLOW_CTX_TASK_ID='3rd_task' AIRFLOW_CTX_EXECUTION_DATE='2023-11-05T20:30:45.446182+00:00' AIRFLOW_CTX_TRY_NUMBER='3' AIRFLOW_CTX_DAG_RUN_ID='manual__2023-11-05T20:30:45.446182+00:00'
[2023-11-05T20:51:58.765+0000] {subprocess.py:63} INFO - Tmp dir root location: /tmp
[2023-11-05T20:51:58.767+0000] {subprocess.py:75} INFO - Running command: ['/bin/bash', '-c', 'python /opt/***/dags/src/scripts/fetch_automatic_downloads.py']
[2023-11-05T20:51:58.779+0000] {subprocess.py:86} INFO - Output:
[2023-11-05T20:51:58.897+0000] {subprocess.py:93} INFO - python: can't open file '/opt/***/dags/src/scripts/fetch_automatic_downloads.py': [Errno 5] Input/output error
[2023-11-05T20:51:58.900+0000] {subprocess.py:97} INFO - Command exited with return code 2
[2023-11-05T20:51:58.913+0000] {taskinstance.py:1937} ERROR - Task failed with exception
Traceback (most recent call last):
  File "/home/airflow/.local/lib/python3.8/site-packages/airflow/operators/bash.py", line 210, in execute
    raise AirflowException(
airflow.exceptions.AirflowException: Bash command failed. The command returned a non-zero exit code 2.
[2023-11-05T20:51:58.922+0000] {taskinstance.py:1400} INFO - Marking task as UP_FOR_RETRY. dag_id=fetch_google_data_v03, task_id=3rd_task, execution_date=20231105T203045, start_date=20231105T205158, end_date=20231105T205158
[2023-11-05T20:51:58.945+0000] {standard_task_runner.py:104} ERROR - Failed to execute job 209 for task 3rd_task (Bash command failed. The command returned a non-zero exit code 2.; 36245)
[2023-11-05T20:51:59.019+0000] {local_task_job_runner.py:228} INFO - Task exited with return code 1
[2023-11-05T20:51:59.058+0000] {taskinstance.py:2778} INFO - 0 downstream tasks scheduled from follow-on schedule check
