[2023-11-05T20:31:48.111+0000] {logging_mixin.py:151} INFO - Changing /opt/***/logs/dag_id=fetch_google_data_v03/run_id=manual__2023-11-05T20:30:45.446182+00:00/task_id=3rd_task permission to 509
[2023-11-05T20:31:48.171+0000] {logging_mixin.py:151} INFO - Changing /opt/***/logs/dag_id=fetch_google_data_v03/run_id=manual__2023-11-05T20:30:45.446182+00:00/task_id=3rd_task permission to 509
[2023-11-05T20:31:48.248+0000] {taskinstance.py:1159} INFO - Dependencies all met for dep_context=non-requeueable deps ti=<TaskInstance: fetch_google_data_v03.3rd_task manual__2023-11-05T20:30:45.446182+00:00 [queued]>
[2023-11-05T20:31:48.268+0000] {taskinstance.py:1159} INFO - Dependencies all met for dep_context=requeueable deps ti=<TaskInstance: fetch_google_data_v03.3rd_task manual__2023-11-05T20:30:45.446182+00:00 [queued]>
[2023-11-05T20:31:48.270+0000] {taskinstance.py:1361} INFO - Starting attempt 1 of 6
[2023-11-05T20:31:48.294+0000] {taskinstance.py:1382} INFO - Executing <Task(BashOperator): 3rd_task> on 2023-11-05 20:30:45.446182+00:00
[2023-11-05T20:31:48.303+0000] {standard_task_runner.py:57} INFO - Started process 34661 to run task
[2023-11-05T20:31:48.307+0000] {standard_task_runner.py:84} INFO - Running: ['***', 'tasks', 'run', 'fetch_google_data_v03', '3rd_task', 'manual__2023-11-05T20:30:45.446182+00:00', '--job-id', '200', '--raw', '--subdir', 'DAGS_FOLDER/fetch_data.py', '--cfg-path', '/tmp/tmp0okx4551']
[2023-11-05T20:31:48.320+0000] {standard_task_runner.py:85} INFO - Job 200: Subtask 3rd_task
[2023-11-05T20:31:48.407+0000] {logging_mixin.py:151} INFO - Changing /opt/***/logs/dag_id=fetch_google_data_v03/run_id=manual__2023-11-05T20:30:45.446182+00:00/task_id=3rd_task permission to 509
[2023-11-05T20:31:48.417+0000] {task_command.py:416} INFO - Running <TaskInstance: fetch_google_data_v03.3rd_task manual__2023-11-05T20:30:45.446182+00:00 [running]> on host 2e5f9e164ff4
[2023-11-05T20:31:48.592+0000] {taskinstance.py:1662} INFO - Exporting env vars: AIRFLOW_CTX_DAG_OWNER='Toema' AIRFLOW_CTX_DAG_ID='fetch_google_data_v03' AIRFLOW_CTX_TASK_ID='3rd_task' AIRFLOW_CTX_EXECUTION_DATE='2023-11-05T20:30:45.446182+00:00' AIRFLOW_CTX_TRY_NUMBER='1' AIRFLOW_CTX_DAG_RUN_ID='manual__2023-11-05T20:30:45.446182+00:00'
[2023-11-05T20:31:48.596+0000] {subprocess.py:63} INFO - Tmp dir root location: /tmp
[2023-11-05T20:31:48.599+0000] {subprocess.py:75} INFO - Running command: ['/bin/bash', '-c', 'python /opt/***/dags/src/scripts/fetch_automatic_downloads.py']
[2023-11-05T20:31:48.620+0000] {subprocess.py:86} INFO - Output:
[2023-11-05T20:31:51.611+0000] {subprocess.py:93} INFO - Downloading data for:  italy_and_regions
[2023-11-05T20:31:51.613+0000] {subprocess.py:93} INFO - Source url:  https://raw.githubusercontent.com/pcm-dpc/COVID-19/master/dati-regioni/dpc-covid19-ita-regioni.csv
[2023-11-05T20:31:51.744+0000] {subprocess.py:93} INFO - Traceback (most recent call last):
[2023-11-05T20:31:51.746+0000] {subprocess.py:93} INFO -   File "/opt/***/dags/src/scripts/fetch_automatic_downloads.py", line 60, in <module>
[2023-11-05T20:31:51.749+0000] {subprocess.py:93} INFO -     output = wget.download(source_url, out_path)
[2023-11-05T20:31:51.751+0000] {subprocess.py:93} INFO -   File "/home/***/.local/lib/python3.8/site-packages/wget.py", line 526, in download
[2023-11-05T20:31:51.754+0000] {subprocess.py:93} INFO -     (tmpfile, headers) = ulib.urlretrieve(binurl, tmpfile, callback)
[2023-11-05T20:31:51.756+0000] {subprocess.py:93} INFO -   File "/usr/local/lib/python3.8/urllib/request.py", line 273, in urlretrieve
[2023-11-05T20:31:51.759+0000] {subprocess.py:93} INFO -     reporthook(blocknum, bs, size)
[2023-11-05T20:31:51.761+0000] {subprocess.py:93} INFO -   File "/home/***/.local/lib/python3.8/site-packages/wget.py", line 513, in callback_charged
[2023-11-05T20:31:51.764+0000] {subprocess.py:93} INFO -     callback_progress(blocks, block_size, total_size, bar_function=bar)
[2023-11-05T20:31:51.766+0000] {subprocess.py:93} INFO -   File "/home/***/.local/lib/python3.8/site-packages/wget.py", line 461, in callback_progress
[2023-11-05T20:31:51.768+0000] {subprocess.py:93} INFO -     width = min(100, get_console_width())
[2023-11-05T20:31:51.771+0000] {subprocess.py:93} INFO -   File "/home/***/.local/lib/python3.8/site-packages/wget.py", line 333, in get_console_width
[2023-11-05T20:31:51.773+0000] {subprocess.py:93} INFO -     from array import array
[2023-11-05T20:31:51.775+0000] {subprocess.py:93} INFO -   File "<frozen importlib._bootstrap>", line 991, in _find_and_load
[2023-11-05T20:31:51.777+0000] {subprocess.py:93} INFO -   File "<frozen importlib._bootstrap>", line 971, in _find_and_load_unlocked
[2023-11-05T20:31:51.779+0000] {subprocess.py:93} INFO -   File "<frozen importlib._bootstrap>", line 914, in _find_spec
[2023-11-05T20:31:51.782+0000] {subprocess.py:93} INFO -   File "<frozen importlib._bootstrap_external>", line 1407, in find_spec
[2023-11-05T20:31:51.784+0000] {subprocess.py:93} INFO -   File "<frozen importlib._bootstrap_external>", line 1379, in _get_spec
[2023-11-05T20:31:51.787+0000] {subprocess.py:93} INFO -   File "<frozen importlib._bootstrap_external>", line 1510, in find_spec
[2023-11-05T20:31:51.789+0000] {subprocess.py:93} INFO -   File "<frozen importlib._bootstrap_external>", line 1553, in _fill_cache
[2023-11-05T20:31:51.791+0000] {subprocess.py:93} INFO - OSError: [Errno 5] Input/output error: '/opt/***/dags/src/scripts'
[2023-11-05T20:31:51.813+0000] {subprocess.py:97} INFO - Command exited with return code 1
[2023-11-05T20:31:51.845+0000] {taskinstance.py:1937} ERROR - Task failed with exception
Traceback (most recent call last):
  File "/home/airflow/.local/lib/python3.8/site-packages/airflow/operators/bash.py", line 210, in execute
    raise AirflowException(
airflow.exceptions.AirflowException: Bash command failed. The command returned a non-zero exit code 1.
[2023-11-05T20:31:51.863+0000] {taskinstance.py:1400} INFO - Marking task as UP_FOR_RETRY. dag_id=fetch_google_data_v03, task_id=3rd_task, execution_date=20231105T203045, start_date=20231105T203148, end_date=20231105T203151
[2023-11-05T20:31:51.920+0000] {standard_task_runner.py:104} ERROR - Failed to execute job 200 for task 3rd_task (Bash command failed. The command returned a non-zero exit code 1.; 34661)
[2023-11-05T20:31:51.950+0000] {local_task_job_runner.py:228} INFO - Task exited with return code 1
[2023-11-05T20:31:52.035+0000] {taskinstance.py:2778} INFO - 0 downstream tasks scheduled from follow-on schedule check
