[2023-11-04T23:48:40.096+0000] {logging_mixin.py:151} INFO - Changing /opt/***/logs/dag_id=fetch_google_data_v01/run_id=manual__2023-11-04T23:48:36.176271+00:00/task_id=3rd_task permission to 509
[2023-11-04T23:48:40.135+0000] {logging_mixin.py:151} INFO - Changing /opt/***/logs/dag_id=fetch_google_data_v01/run_id=manual__2023-11-04T23:48:36.176271+00:00/task_id=3rd_task permission to 509
[2023-11-04T23:48:40.179+0000] {taskinstance.py:1159} INFO - Dependencies all met for dep_context=non-requeueable deps ti=<TaskInstance: fetch_google_data_v01.3rd_task manual__2023-11-04T23:48:36.176271+00:00 [queued]>
[2023-11-04T23:48:40.192+0000] {taskinstance.py:1159} INFO - Dependencies all met for dep_context=requeueable deps ti=<TaskInstance: fetch_google_data_v01.3rd_task manual__2023-11-04T23:48:36.176271+00:00 [queued]>
[2023-11-04T23:48:40.193+0000] {taskinstance.py:1361} INFO - Starting attempt 1 of 6
[2023-11-04T23:48:40.210+0000] {taskinstance.py:1382} INFO - Executing <Task(BashOperator): 3rd_task> on 2023-11-04 23:48:36.176271+00:00
[2023-11-04T23:48:40.215+0000] {standard_task_runner.py:57} INFO - Started process 701 to run task
[2023-11-04T23:48:40.218+0000] {standard_task_runner.py:84} INFO - Running: ['***', 'tasks', 'run', 'fetch_google_data_v01', '3rd_task', 'manual__2023-11-04T23:48:36.176271+00:00', '--job-id', '116', '--raw', '--subdir', 'DAGS_FOLDER/fetch_data.py', '--cfg-path', '/tmp/tmpj0lzml1y']
[2023-11-04T23:48:40.220+0000] {standard_task_runner.py:85} INFO - Job 116: Subtask 3rd_task
[2023-11-04T23:48:40.272+0000] {logging_mixin.py:151} INFO - Changing /opt/***/logs/dag_id=fetch_google_data_v01/run_id=manual__2023-11-04T23:48:36.176271+00:00/task_id=3rd_task permission to 509
[2023-11-04T23:48:40.278+0000] {task_command.py:416} INFO - Running <TaskInstance: fetch_google_data_v01.3rd_task manual__2023-11-04T23:48:36.176271+00:00 [running]> on host 264d7b91d87b
[2023-11-04T23:48:40.369+0000] {taskinstance.py:1662} INFO - Exporting env vars: AIRFLOW_CTX_DAG_OWNER='Toema' AIRFLOW_CTX_DAG_ID='fetch_google_data_v01' AIRFLOW_CTX_TASK_ID='3rd_task' AIRFLOW_CTX_EXECUTION_DATE='2023-11-04T23:48:36.176271+00:00' AIRFLOW_CTX_TRY_NUMBER='1' AIRFLOW_CTX_DAG_RUN_ID='manual__2023-11-04T23:48:36.176271+00:00'
[2023-11-04T23:48:40.371+0000] {subprocess.py:63} INFO - Tmp dir root location: /tmp
[2023-11-04T23:48:40.373+0000] {subprocess.py:75} INFO - Running command: ['/bin/bash', '-c', 'python /opt/***/dags/src/scripts/fetch_automatic_downloads.py']
[2023-11-04T23:48:40.386+0000] {subprocess.py:86} INFO - Output:
[2023-11-04T23:48:41.230+0000] {subprocess.py:93} INFO - Traceback (most recent call last):
[2023-11-04T23:48:41.231+0000] {subprocess.py:93} INFO -   File "/opt/***/dags/src/scripts/fetch_automatic_downloads.py", line 42, in <module>
[2023-11-04T23:48:41.232+0000] {subprocess.py:93} INFO -     automatic_downloads = config.read_config(cc_by=True, cc_by_sa=True, google_tos=True, cc_by_nc=True,
[2023-11-04T23:48:41.233+0000] {subprocess.py:93} INFO -   File "/opt/***/dags/src/scripts/../../src/pipeline/config.py", line 71, in read_config
[2023-11-04T23:48:41.234+0000] {subprocess.py:93} INFO -     sources_with_data = get_sources_with_data()
[2023-11-04T23:48:41.235+0000] {subprocess.py:93} INFO -   File "/opt/***/dags/src/scripts/../../src/pipeline/config.py", line 56, in get_sources_with_data
[2023-11-04T23:48:41.236+0000] {subprocess.py:93} INFO -     scraped_sources = [f.name for f in os.scandir(scraped_dir) if f.is_dir()]
[2023-11-04T23:48:41.237+0000] {subprocess.py:93} INFO - FileNotFoundError: [Errno 2] No such file or directory: '/opt/***/dags/data/inputs/scraped'
[2023-11-04T23:48:41.247+0000] {subprocess.py:97} INFO - Command exited with return code 1
[2023-11-04T23:48:41.261+0000] {taskinstance.py:1937} ERROR - Task failed with exception
Traceback (most recent call last):
  File "/home/airflow/.local/lib/python3.8/site-packages/airflow/operators/bash.py", line 210, in execute
    raise AirflowException(
airflow.exceptions.AirflowException: Bash command failed. The command returned a non-zero exit code 1.
[2023-11-04T23:48:41.266+0000] {taskinstance.py:1400} INFO - Marking task as UP_FOR_RETRY. dag_id=fetch_google_data_v01, task_id=3rd_task, execution_date=20231104T234836, start_date=20231104T234840, end_date=20231104T234841
[2023-11-04T23:48:41.284+0000] {standard_task_runner.py:104} ERROR - Failed to execute job 116 for task 3rd_task (Bash command failed. The command returned a non-zero exit code 1.; 701)
[2023-11-04T23:48:41.315+0000] {local_task_job_runner.py:228} INFO - Task exited with return code 1
[2023-11-04T23:48:41.338+0000] {taskinstance.py:2778} INFO - 0 downstream tasks scheduled from follow-on schedule check
