[2023-11-09T02:05:15.934+0000] {logging_mixin.py:151} INFO - Changing /opt/***/logs/dag_id=fetch_google_data_v03/run_id=scheduled__2023-11-06T00:00:00+00:00/task_id=3rd_task permission to 509
[2023-11-09T02:05:16.005+0000] {logging_mixin.py:151} INFO - Changing /opt/***/logs/dag_id=fetch_google_data_v03/run_id=scheduled__2023-11-06T00:00:00+00:00/task_id=3rd_task permission to 509
[2023-11-09T02:05:16.072+0000] {taskinstance.py:1159} INFO - Dependencies all met for dep_context=non-requeueable deps ti=<TaskInstance: fetch_google_data_v03.3rd_task scheduled__2023-11-06T00:00:00+00:00 [queued]>
[2023-11-09T02:05:16.093+0000] {taskinstance.py:1159} INFO - Dependencies all met for dep_context=requeueable deps ti=<TaskInstance: fetch_google_data_v03.3rd_task scheduled__2023-11-06T00:00:00+00:00 [queued]>
[2023-11-09T02:05:16.095+0000] {taskinstance.py:1361} INFO - Starting attempt 4 of 6
[2023-11-09T02:05:16.131+0000] {taskinstance.py:1382} INFO - Executing <Task(BashOperator): 3rd_task> on 2023-11-06 00:00:00+00:00
[2023-11-09T02:05:16.143+0000] {standard_task_runner.py:57} INFO - Started process 2882 to run task
[2023-11-09T02:05:16.148+0000] {standard_task_runner.py:84} INFO - Running: ['***', 'tasks', 'run', 'fetch_google_data_v03', '3rd_task', 'scheduled__2023-11-06T00:00:00+00:00', '--job-id', '457', '--raw', '--subdir', 'DAGS_FOLDER/fetch_data.py', '--cfg-path', '/tmp/tmpr5w5fdyf']
[2023-11-09T02:05:16.153+0000] {standard_task_runner.py:85} INFO - Job 457: Subtask 3rd_task
[2023-11-09T02:05:20.232+0000] {logging_mixin.py:151} INFO - Changing /opt/***/logs/dag_id=fetch_google_data_v03/run_id=scheduled__2023-11-06T00:00:00+00:00/task_id=3rd_task permission to 509
[2023-11-09T02:05:20.278+0000] {task_command.py:416} INFO - Running <TaskInstance: fetch_google_data_v03.3rd_task scheduled__2023-11-06T00:00:00+00:00 [running]> on host a4fee2fb2c17
[2023-11-09T02:05:22.339+0000] {taskinstance.py:1662} INFO - Exporting env vars: AIRFLOW_CTX_DAG_OWNER='Toema' AIRFLOW_CTX_DAG_ID='fetch_google_data_v03' AIRFLOW_CTX_TASK_ID='3rd_task' AIRFLOW_CTX_EXECUTION_DATE='2023-11-06T00:00:00+00:00' AIRFLOW_CTX_TRY_NUMBER='4' AIRFLOW_CTX_DAG_RUN_ID='scheduled__2023-11-06T00:00:00+00:00'
[2023-11-09T02:05:22.345+0000] {subprocess.py:63} INFO - Tmp dir root location: /tmp
[2023-11-09T02:05:22.348+0000] {subprocess.py:75} INFO - Running command: ['/bin/bash', '-c', 'python /opt/***/dags/src/scripts/fetch_automatic_downloads.py']
[2023-11-09T02:05:22.389+0000] {subprocess.py:86} INFO - Output:
[2023-11-09T02:05:23.891+0000] {subprocess.py:93} INFO - Traceback (most recent call last):
[2023-11-09T02:05:23.893+0000] {subprocess.py:93} INFO -   File "/opt/***/dags/src/scripts/fetch_automatic_downloads.py", line 18, in <module>
[2023-11-09T02:05:23.896+0000] {subprocess.py:93} INFO -     import wget  # pip3 install python3-wget, not pip install wget
[2023-11-09T02:05:23.900+0000] {subprocess.py:93} INFO - ModuleNotFoundError: No module named 'wget'
[2023-11-09T02:05:23.939+0000] {subprocess.py:97} INFO - Command exited with return code 1
[2023-11-09T02:05:23.974+0000] {taskinstance.py:1937} ERROR - Task failed with exception
Traceback (most recent call last):
  File "/home/airflow/.local/lib/python3.8/site-packages/airflow/operators/bash.py", line 210, in execute
    raise AirflowException(
airflow.exceptions.AirflowException: Bash command failed. The command returned a non-zero exit code 1.
[2023-11-09T02:05:24.080+0000] {taskinstance.py:1400} INFO - Marking task as UP_FOR_RETRY. dag_id=fetch_google_data_v03, task_id=3rd_task, execution_date=20231106T000000, start_date=20231109T020516, end_date=20231109T020524
[2023-11-09T02:05:24.126+0000] {standard_task_runner.py:104} ERROR - Failed to execute job 457 for task 3rd_task (Bash command failed. The command returned a non-zero exit code 1.; 2882)
[2023-11-09T02:05:24.241+0000] {local_task_job_runner.py:228} INFO - Task exited with return code 1
[2023-11-09T02:05:24.306+0000] {taskinstance.py:2778} INFO - 0 downstream tasks scheduled from follow-on schedule check
