[2023-11-04T20:25:54.060+0000] {logging_mixin.py:151} INFO - Changing /opt/***/logs/dag_id=dag_for_s3_files_checker_v01/run_id=scheduled__2023-11-03T00:00:00+00:00/task_id=2nd_task permission to 509
[2023-11-04T20:25:54.230+0000] {logging_mixin.py:151} INFO - Changing /opt/***/logs/dag_id=dag_for_s3_files_checker_v01/run_id=scheduled__2023-11-03T00:00:00+00:00/task_id=2nd_task permission to 509
[2023-11-04T20:25:54.384+0000] {taskinstance.py:1159} INFO - Dependencies all met for dep_context=non-requeueable deps ti=<TaskInstance: dag_for_s3_files_checker_v01.2nd_task scheduled__2023-11-03T00:00:00+00:00 [queued]>
[2023-11-04T20:25:54.427+0000] {taskinstance.py:1159} INFO - Dependencies all met for dep_context=requeueable deps ti=<TaskInstance: dag_for_s3_files_checker_v01.2nd_task scheduled__2023-11-03T00:00:00+00:00 [queued]>
[2023-11-04T20:25:54.429+0000] {taskinstance.py:1361} INFO - Starting attempt 2 of 6
[2023-11-04T20:25:54.494+0000] {taskinstance.py:1382} INFO - Executing <Task(BashOperator): 2nd_task> on 2023-11-03 00:00:00+00:00
[2023-11-04T20:25:54.516+0000] {standard_task_runner.py:57} INFO - Started process 1893 to run task
[2023-11-04T20:25:54.528+0000] {standard_task_runner.py:84} INFO - Running: ['***', 'tasks', 'run', 'dag_for_s3_files_checker_v01', '2nd_task', 'scheduled__2023-11-03T00:00:00+00:00', '--job-id', '45', '--raw', '--subdir', 'DAGS_FOLDER/check_S3_files.py', '--cfg-path', '/tmp/tmp73hb_auk']
[2023-11-04T20:25:54.541+0000] {standard_task_runner.py:85} INFO - Job 45: Subtask 2nd_task
[2023-11-04T20:25:54.705+0000] {logging_mixin.py:151} INFO - Changing /opt/***/logs/dag_id=dag_for_s3_files_checker_v01/run_id=scheduled__2023-11-03T00:00:00+00:00/task_id=2nd_task permission to 509
[2023-11-04T20:25:54.722+0000] {task_command.py:416} INFO - Running <TaskInstance: dag_for_s3_files_checker_v01.2nd_task scheduled__2023-11-03T00:00:00+00:00 [running]> on host c1553d42a04f
[2023-11-04T20:25:54.975+0000] {taskinstance.py:1662} INFO - Exporting env vars: AIRFLOW_CTX_DAG_OWNER='Toema' AIRFLOW_CTX_DAG_ID='dag_for_s3_files_checker_v01' AIRFLOW_CTX_TASK_ID='2nd_task' AIRFLOW_CTX_EXECUTION_DATE='2023-11-03T00:00:00+00:00' AIRFLOW_CTX_TRY_NUMBER='2' AIRFLOW_CTX_DAG_RUN_ID='scheduled__2023-11-03T00:00:00+00:00'
[2023-11-04T20:25:54.980+0000] {subprocess.py:63} INFO - Tmp dir root location: /tmp
[2023-11-04T20:25:54.984+0000] {subprocess.py:75} INFO - Running command: ['/bin/bash', '-c', 'pwd']
[2023-11-04T20:25:55.018+0000] {subprocess.py:86} INFO - Output:
[2023-11-04T20:25:55.022+0000] {subprocess.py:93} INFO - /tmp/***tmpzlnnps16
[2023-11-04T20:25:55.025+0000] {subprocess.py:97} INFO - Command exited with return code 0
[2023-11-04T20:25:55.085+0000] {taskinstance.py:1400} INFO - Marking task as SUCCESS. dag_id=dag_for_s3_files_checker_v01, task_id=2nd_task, execution_date=20231103T000000, start_date=20231104T202554, end_date=20231104T202555
[2023-11-04T20:25:55.148+0000] {local_task_job_runner.py:228} INFO - Task exited with return code 0
[2023-11-04T20:25:55.243+0000] {taskinstance.py:2778} INFO - 0 downstream tasks scheduled from follow-on schedule check
