[2023-11-09T14:00:09.747+0000] {logging_mixin.py:151} INFO - Changing /opt/***/logs/dag_id=export_google_data_v02/run_id=scheduled__2023-11-07T00:00:00+00:00/task_id=3rd_task permission to 509
[2023-11-09T14:00:09.837+0000] {logging_mixin.py:151} INFO - Changing /opt/***/logs/dag_id=export_google_data_v02/run_id=scheduled__2023-11-07T00:00:00+00:00/task_id=3rd_task permission to 509
[2023-11-09T14:00:10.009+0000] {taskinstance.py:1159} INFO - Dependencies all met for dep_context=non-requeueable deps ti=<TaskInstance: export_google_data_v02.3rd_task scheduled__2023-11-07T00:00:00+00:00 [queued]>
[2023-11-09T14:00:10.046+0000] {taskinstance.py:1159} INFO - Dependencies all met for dep_context=requeueable deps ti=<TaskInstance: export_google_data_v02.3rd_task scheduled__2023-11-07T00:00:00+00:00 [queued]>
[2023-11-09T14:00:10.048+0000] {taskinstance.py:1361} INFO - Starting attempt 6 of 6
[2023-11-09T14:00:10.083+0000] {taskinstance.py:1382} INFO - Executing <Task(BashOperator): 3rd_task> on 2023-11-07 00:00:00+00:00
[2023-11-09T14:00:10.095+0000] {standard_task_runner.py:57} INFO - Started process 16277 to run task
[2023-11-09T14:00:10.100+0000] {standard_task_runner.py:84} INFO - Running: ['***', 'tasks', 'run', 'export_google_data_v02', '3rd_task', 'scheduled__2023-11-07T00:00:00+00:00', '--job-id', '491', '--raw', '--subdir', 'DAGS_FOLDER/export_data.py', '--cfg-path', '/tmp/tmpa5ir7_x5']
[2023-11-09T14:00:10.107+0000] {standard_task_runner.py:85} INFO - Job 491: Subtask 3rd_task
[2023-11-09T14:00:10.261+0000] {logging_mixin.py:151} INFO - Changing /opt/***/logs/dag_id=export_google_data_v02/run_id=scheduled__2023-11-07T00:00:00+00:00/task_id=3rd_task permission to 509
[2023-11-09T14:00:10.274+0000] {task_command.py:416} INFO - Running <TaskInstance: export_google_data_v02.3rd_task scheduled__2023-11-07T00:00:00+00:00 [running]> on host a4fee2fb2c17
[2023-11-09T14:00:10.530+0000] {taskinstance.py:1662} INFO - Exporting env vars: AIRFLOW_CTX_DAG_OWNER='Toema' AIRFLOW_CTX_DAG_ID='export_google_data_v02' AIRFLOW_CTX_TASK_ID='3rd_task' AIRFLOW_CTX_EXECUTION_DATE='2023-11-07T00:00:00+00:00' AIRFLOW_CTX_TRY_NUMBER='6' AIRFLOW_CTX_DAG_RUN_ID='scheduled__2023-11-07T00:00:00+00:00'
[2023-11-09T14:00:10.536+0000] {subprocess.py:63} INFO - Tmp dir root location: /tmp
[2023-11-09T14:00:10.544+0000] {subprocess.py:75} INFO - Running command: ['/bin/bash', '-c', 'python /opt/***/dags/src/scripts/export_data.py']
[2023-11-09T14:00:10.577+0000] {subprocess.py:86} INFO - Output:
[2023-11-09T14:03:25.228+0000] {subprocess.py:93} INFO - WARNING:root:Loading succeeded on source our_world_in_data for date 2023-11-09
[2023-11-09T14:04:01.120+0000] {subprocess.py:93} INFO - WARNING:root:Loading succeeded on source our_world_in_data for date 2023-11-09
[2023-11-09T14:04:47.220+0000] {subprocess.py:97} INFO - Command exited with return code -9
[2023-11-09T14:04:50.674+0000] {taskinstance.py:1937} ERROR - Task failed with exception
Traceback (most recent call last):
  File "/home/airflow/.local/lib/python3.8/site-packages/airflow/operators/bash.py", line 210, in execute
    raise AirflowException(
airflow.exceptions.AirflowException: Bash command failed. The command returned a non-zero exit code -9.
[2023-11-09T14:04:50.831+0000] {taskinstance.py:1400} INFO - Marking task as FAILED. dag_id=export_google_data_v02, task_id=3rd_task, execution_date=20231107T000000, start_date=20231109T140010, end_date=20231109T140450
[2023-11-09T14:04:51.193+0000] {standard_task_runner.py:104} ERROR - Failed to execute job 491 for task 3rd_task (Bash command failed. The command returned a non-zero exit code -9.; 16277)
[2023-11-09T14:04:51.424+0000] {local_task_job_runner.py:228} INFO - Task exited with return code 1
[2023-11-09T14:04:52.750+0000] {taskinstance.py:2778} INFO - 0 downstream tasks scheduled from follow-on schedule check
