[2023-11-02T00:55:11.273+0000] {logging_mixin.py:151} INFO - Changing /opt/***/logs/dag_id=dag_for_s3_files_checker_v01/run_id=manual__2023-11-02T00:55:09.919000+00:00/task_id=first_task permission to 509
[2023-11-02T00:55:11.312+0000] {logging_mixin.py:151} INFO - Changing /opt/***/logs/dag_id=dag_for_s3_files_checker_v01/run_id=manual__2023-11-02T00:55:09.919000+00:00/task_id=first_task permission to 509
[2023-11-02T00:55:11.365+0000] {taskinstance.py:1159} INFO - Dependencies all met for dep_context=non-requeueable deps ti=<TaskInstance: dag_for_s3_files_checker_v01.first_task manual__2023-11-02T00:55:09.919000+00:00 [queued]>
[2023-11-02T00:55:11.383+0000] {taskinstance.py:1159} INFO - Dependencies all met for dep_context=requeueable deps ti=<TaskInstance: dag_for_s3_files_checker_v01.first_task manual__2023-11-02T00:55:09.919000+00:00 [queued]>
[2023-11-02T00:55:11.384+0000] {taskinstance.py:1361} INFO - Starting attempt 1 of 6
[2023-11-02T00:55:11.403+0000] {taskinstance.py:1382} INFO - Executing <Task(BashOperator): first_task> on 2023-11-02 00:55:09.919000+00:00
[2023-11-02T00:55:11.410+0000] {standard_task_runner.py:57} INFO - Started process 4782 to run task
[2023-11-02T00:55:11.413+0000] {standard_task_runner.py:84} INFO - Running: ['***', 'tasks', 'run', 'dag_for_s3_files_checker_v01', 'first_task', 'manual__2023-11-02T00:55:09.919000+00:00', '--job-id', '16', '--raw', '--subdir', 'DAGS_FOLDER/check_S3_files.py', '--cfg-path', '/tmp/tmpfma63eea']
[2023-11-02T00:55:11.418+0000] {standard_task_runner.py:85} INFO - Job 16: Subtask first_task
[2023-11-02T00:55:11.496+0000] {logging_mixin.py:151} INFO - Changing /opt/***/logs/dag_id=dag_for_s3_files_checker_v01/run_id=manual__2023-11-02T00:55:09.919000+00:00/task_id=first_task permission to 509
[2023-11-02T00:55:11.503+0000] {task_command.py:416} INFO - Running <TaskInstance: dag_for_s3_files_checker_v01.first_task manual__2023-11-02T00:55:09.919000+00:00 [running]> on host dfc7569953e2
[2023-11-02T00:55:11.635+0000] {taskinstance.py:1662} INFO - Exporting env vars: AIRFLOW_CTX_DAG_OWNER='Toema' AIRFLOW_CTX_DAG_ID='dag_for_s3_files_checker_v01' AIRFLOW_CTX_TASK_ID='first_task' AIRFLOW_CTX_EXECUTION_DATE='2023-11-02T00:55:09.919000+00:00' AIRFLOW_CTX_TRY_NUMBER='1' AIRFLOW_CTX_DAG_RUN_ID='manual__2023-11-02T00:55:09.919000+00:00'
[2023-11-02T00:55:11.638+0000] {subprocess.py:63} INFO - Tmp dir root location: /tmp
[2023-11-02T00:55:11.641+0000] {subprocess.py:75} INFO - Running command: ['/bin/bash', '-c', 'pwd']
[2023-11-02T00:55:11.669+0000] {subprocess.py:86} INFO - Output:
[2023-11-02T00:55:11.673+0000] {subprocess.py:93} INFO - /tmp/***tmpd74nxqfk
[2023-11-02T00:55:11.676+0000] {subprocess.py:97} INFO - Command exited with return code 0
[2023-11-02T00:55:11.716+0000] {taskinstance.py:1400} INFO - Marking task as SUCCESS. dag_id=dag_for_s3_files_checker_v01, task_id=first_task, execution_date=20231102T005509, start_date=20231102T005511, end_date=20231102T005511
[2023-11-02T00:55:11.748+0000] {local_task_job_runner.py:228} INFO - Task exited with return code 0
[2023-11-02T00:55:11.774+0000] {taskinstance.py:2778} INFO - 0 downstream tasks scheduled from follow-on schedule check
