[2023-11-05T21:55:43.677+0000] {logging_mixin.py:151} INFO - Changing /opt/***/logs/dag_id=fetch_google_data_v03/run_id=manual__2023-11-05T21:50:22.597223+00:00/task_id=5th_task permission to 509
[2023-11-05T21:55:43.762+0000] {logging_mixin.py:151} INFO - Changing /opt/***/logs/dag_id=fetch_google_data_v03/run_id=manual__2023-11-05T21:50:22.597223+00:00/task_id=5th_task permission to 509
[2023-11-05T21:55:43.869+0000] {taskinstance.py:1159} INFO - Dependencies all met for dep_context=non-requeueable deps ti=<TaskInstance: fetch_google_data_v03.5th_task manual__2023-11-05T21:50:22.597223+00:00 [queued]>
[2023-11-05T21:55:43.906+0000] {taskinstance.py:1159} INFO - Dependencies all met for dep_context=requeueable deps ti=<TaskInstance: fetch_google_data_v03.5th_task manual__2023-11-05T21:50:22.597223+00:00 [queued]>
[2023-11-05T21:55:43.908+0000] {taskinstance.py:1361} INFO - Starting attempt 1 of 6
[2023-11-05T21:55:43.952+0000] {taskinstance.py:1382} INFO - Executing <Task(BashOperator): 5th_task> on 2023-11-05 21:50:22.597223+00:00
[2023-11-05T21:55:43.967+0000] {standard_task_runner.py:57} INFO - Started process 44830 to run task
[2023-11-05T21:55:43.975+0000] {standard_task_runner.py:84} INFO - Running: ['***', 'tasks', 'run', 'fetch_google_data_v03', '5th_task', 'manual__2023-11-05T21:50:22.597223+00:00', '--job-id', '230', '--raw', '--subdir', 'DAGS_FOLDER/fetch_data.py', '--cfg-path', '/tmp/tmpd4le9yts']
[2023-11-05T21:55:43.981+0000] {standard_task_runner.py:85} INFO - Job 230: Subtask 5th_task
[2023-11-05T21:55:44.104+0000] {logging_mixin.py:151} INFO - Changing /opt/***/logs/dag_id=fetch_google_data_v03/run_id=manual__2023-11-05T21:50:22.597223+00:00/task_id=5th_task permission to 509
[2023-11-05T21:55:44.118+0000] {task_command.py:416} INFO - Running <TaskInstance: fetch_google_data_v03.5th_task manual__2023-11-05T21:50:22.597223+00:00 [running]> on host 2e5f9e164ff4
[2023-11-05T21:55:44.361+0000] {taskinstance.py:1662} INFO - Exporting env vars: AIRFLOW_CTX_DAG_OWNER='Toema' AIRFLOW_CTX_DAG_ID='fetch_google_data_v03' AIRFLOW_CTX_TASK_ID='5th_task' AIRFLOW_CTX_EXECUTION_DATE='2023-11-05T21:50:22.597223+00:00' AIRFLOW_CTX_TRY_NUMBER='1' AIRFLOW_CTX_DAG_RUN_ID='manual__2023-11-05T21:50:22.597223+00:00'
[2023-11-05T21:55:44.373+0000] {subprocess.py:63} INFO - Tmp dir root location: /tmp
[2023-11-05T21:55:44.382+0000] {subprocess.py:75} INFO - Running command: ['/bin/bash', '-c', 'pwd']
[2023-11-05T21:55:44.419+0000] {subprocess.py:86} INFO - Output:
[2023-11-05T21:55:44.423+0000] {subprocess.py:93} INFO - /tmp/***tmpb5vfqjc4
[2023-11-05T21:55:44.427+0000] {subprocess.py:97} INFO - Command exited with return code 0
[2023-11-05T21:55:44.510+0000] {taskinstance.py:1400} INFO - Marking task as SUCCESS. dag_id=fetch_google_data_v03, task_id=5th_task, execution_date=20231105T215022, start_date=20231105T215543, end_date=20231105T215544
[2023-11-05T21:55:45.013+0000] {local_task_job_runner.py:228} INFO - Task exited with return code 0
[2023-11-05T21:55:45.059+0000] {taskinstance.py:2778} INFO - 0 downstream tasks scheduled from follow-on schedule check
