[2023-11-04T20:38:56.188+0000] {logging_mixin.py:151} INFO - Changing /opt/***/logs/dag_id=dag_for_s3_files_checker_v01/run_id=manual__2023-11-04T20:38:52.409767+00:00/task_id=2nd_task permission to 509
[2023-11-04T20:38:56.267+0000] {logging_mixin.py:151} INFO - Changing /opt/***/logs/dag_id=dag_for_s3_files_checker_v01/run_id=manual__2023-11-04T20:38:52.409767+00:00/task_id=2nd_task permission to 509
[2023-11-04T20:38:56.366+0000] {taskinstance.py:1159} INFO - Dependencies all met for dep_context=non-requeueable deps ti=<TaskInstance: dag_for_s3_files_checker_v01.2nd_task manual__2023-11-04T20:38:52.409767+00:00 [queued]>
[2023-11-04T20:38:56.392+0000] {taskinstance.py:1159} INFO - Dependencies all met for dep_context=requeueable deps ti=<TaskInstance: dag_for_s3_files_checker_v01.2nd_task manual__2023-11-04T20:38:52.409767+00:00 [queued]>
[2023-11-04T20:38:56.394+0000] {taskinstance.py:1361} INFO - Starting attempt 1 of 6
[2023-11-04T20:38:56.428+0000] {taskinstance.py:1382} INFO - Executing <Task(BashOperator): 2nd_task> on 2023-11-04 20:38:52.409767+00:00
[2023-11-04T20:38:56.443+0000] {standard_task_runner.py:57} INFO - Started process 2538 to run task
[2023-11-04T20:38:56.452+0000] {standard_task_runner.py:84} INFO - Running: ['***', 'tasks', 'run', 'dag_for_s3_files_checker_v01', '2nd_task', 'manual__2023-11-04T20:38:52.409767+00:00', '--job-id', '59', '--raw', '--subdir', 'DAGS_FOLDER/check_S3_files.py', '--cfg-path', '/tmp/tmp1for19od']
[2023-11-04T20:38:56.460+0000] {standard_task_runner.py:85} INFO - Job 59: Subtask 2nd_task
[2023-11-04T20:38:56.593+0000] {logging_mixin.py:151} INFO - Changing /opt/***/logs/dag_id=dag_for_s3_files_checker_v01/run_id=manual__2023-11-04T20:38:52.409767+00:00/task_id=2nd_task permission to 509
[2023-11-04T20:38:56.607+0000] {task_command.py:416} INFO - Running <TaskInstance: dag_for_s3_files_checker_v01.2nd_task manual__2023-11-04T20:38:52.409767+00:00 [running]> on host c1553d42a04f
[2023-11-04T20:38:56.832+0000] {taskinstance.py:1662} INFO - Exporting env vars: AIRFLOW_CTX_DAG_OWNER='Toema' AIRFLOW_CTX_DAG_ID='dag_for_s3_files_checker_v01' AIRFLOW_CTX_TASK_ID='2nd_task' AIRFLOW_CTX_EXECUTION_DATE='2023-11-04T20:38:52.409767+00:00' AIRFLOW_CTX_TRY_NUMBER='1' AIRFLOW_CTX_DAG_RUN_ID='manual__2023-11-04T20:38:52.409767+00:00'
[2023-11-04T20:38:56.837+0000] {subprocess.py:63} INFO - Tmp dir root location: /tmp
[2023-11-04T20:38:56.841+0000] {subprocess.py:75} INFO - Running command: ['/bin/bash', '-c', 'pwd']
[2023-11-04T20:38:56.876+0000] {subprocess.py:86} INFO - Output:
[2023-11-04T20:38:56.880+0000] {subprocess.py:93} INFO - /tmp/***tmpahlnswcu
[2023-11-04T20:38:56.883+0000] {subprocess.py:97} INFO - Command exited with return code 0
[2023-11-04T20:38:56.943+0000] {taskinstance.py:1400} INFO - Marking task as SUCCESS. dag_id=dag_for_s3_files_checker_v01, task_id=2nd_task, execution_date=20231104T203852, start_date=20231104T203856, end_date=20231104T203856
[2023-11-04T20:38:56.988+0000] {local_task_job_runner.py:228} INFO - Task exited with return code 0
[2023-11-04T20:38:57.088+0000] {taskinstance.py:2778} INFO - 0 downstream tasks scheduled from follow-on schedule check
