[2023-11-06T00:10:10.925+0000] {logging_mixin.py:151} INFO - Changing /opt/***/logs/dag_id=fetch_google_data_v03/run_id=scheduled__2023-11-05T00:00:00+00:00/task_id=14th_task permission to 509
[2023-11-06T00:10:10.964+0000] {logging_mixin.py:151} INFO - Changing /opt/***/logs/dag_id=fetch_google_data_v03/run_id=scheduled__2023-11-05T00:00:00+00:00/task_id=14th_task permission to 509
[2023-11-06T00:10:11.026+0000] {taskinstance.py:1159} INFO - Dependencies all met for dep_context=non-requeueable deps ti=<TaskInstance: fetch_google_data_v03.14th_task scheduled__2023-11-05T00:00:00+00:00 [queued]>
[2023-11-06T00:10:11.038+0000] {taskinstance.py:1159} INFO - Dependencies all met for dep_context=requeueable deps ti=<TaskInstance: fetch_google_data_v03.14th_task scheduled__2023-11-05T00:00:00+00:00 [queued]>
[2023-11-06T00:10:11.039+0000] {taskinstance.py:1361} INFO - Starting attempt 2 of 6
[2023-11-06T00:10:11.058+0000] {taskinstance.py:1382} INFO - Executing <Task(BashOperator): 14th_task> on 2023-11-05 00:00:00+00:00
[2023-11-06T00:10:11.063+0000] {standard_task_runner.py:57} INFO - Started process 95516 to run task
[2023-11-06T00:10:11.067+0000] {standard_task_runner.py:84} INFO - Running: ['***', 'tasks', 'run', 'fetch_google_data_v03', '14th_task', 'scheduled__2023-11-05T00:00:00+00:00', '--job-id', '246', '--raw', '--subdir', 'DAGS_FOLDER/fetch_data.py', '--cfg-path', '/tmp/tmpn3ec93bz']
[2023-11-06T00:10:11.070+0000] {standard_task_runner.py:85} INFO - Job 246: Subtask 14th_task
[2023-11-06T00:10:11.127+0000] {logging_mixin.py:151} INFO - Changing /opt/***/logs/dag_id=fetch_google_data_v03/run_id=scheduled__2023-11-05T00:00:00+00:00/task_id=14th_task permission to 509
[2023-11-06T00:10:11.133+0000] {task_command.py:416} INFO - Running <TaskInstance: fetch_google_data_v03.14th_task scheduled__2023-11-05T00:00:00+00:00 [running]> on host 2e5f9e164ff4
[2023-11-06T00:10:11.246+0000] {taskinstance.py:1662} INFO - Exporting env vars: AIRFLOW_CTX_DAG_OWNER='Toema' AIRFLOW_CTX_DAG_ID='fetch_google_data_v03' AIRFLOW_CTX_TASK_ID='14th_task' AIRFLOW_CTX_EXECUTION_DATE='2023-11-05T00:00:00+00:00' AIRFLOW_CTX_TRY_NUMBER='2' AIRFLOW_CTX_DAG_RUN_ID='scheduled__2023-11-05T00:00:00+00:00'
[2023-11-06T00:10:11.248+0000] {subprocess.py:63} INFO - Tmp dir root location: /tmp
[2023-11-06T00:10:11.251+0000] {subprocess.py:75} INFO - Running command: ['/bin/bash', '-c', 'pip install wget']
[2023-11-06T00:10:11.263+0000] {subprocess.py:86} INFO - Output:
[2023-11-06T00:10:14.046+0000] {subprocess.py:93} INFO - Defaulting to user installation because normal site-packages is not writeable
[2023-11-06T00:10:17.903+0000] {subprocess.py:93} INFO - Requirement already satisfied: wget in /home/***/.local/lib/python3.8/site-packages (3.2)
[2023-11-06T00:10:26.923+0000] {subprocess.py:93} INFO - 
[2023-11-06T00:10:26.925+0000] {subprocess.py:93} INFO - [notice] A new release of pip is available: 23.0.1 -> 23.3.1
[2023-11-06T00:10:26.927+0000] {subprocess.py:93} INFO - [notice] To update, run: pip install --upgrade pip
[2023-11-06T00:10:27.556+0000] {subprocess.py:97} INFO - Command exited with return code 0
[2023-11-06T00:10:27.645+0000] {taskinstance.py:1400} INFO - Marking task as SUCCESS. dag_id=fetch_google_data_v03, task_id=14th_task, execution_date=20231105T000000, start_date=20231106T001011, end_date=20231106T001027
[2023-11-06T00:10:28.373+0000] {local_task_job_runner.py:228} INFO - Task exited with return code 0
[2023-11-06T00:10:28.424+0000] {taskinstance.py:2778} INFO - 1 downstream tasks scheduled from follow-on schedule check
