[2023-11-09T02:05:28.014+0000] {logging_mixin.py:151} INFO - Changing /opt/***/logs/dag_id=fetch_google_data_v03/run_id=scheduled__2023-11-08T00:00:00+00:00/task_id=14th_task permission to 509
[2023-11-09T02:05:28.218+0000] {logging_mixin.py:151} INFO - Changing /opt/***/logs/dag_id=fetch_google_data_v03/run_id=scheduled__2023-11-08T00:00:00+00:00/task_id=14th_task permission to 509
[2023-11-09T02:05:28.438+0000] {taskinstance.py:1159} INFO - Dependencies all met for dep_context=non-requeueable deps ti=<TaskInstance: fetch_google_data_v03.14th_task scheduled__2023-11-08T00:00:00+00:00 [queued]>
[2023-11-09T02:05:28.499+0000] {taskinstance.py:1159} INFO - Dependencies all met for dep_context=requeueable deps ti=<TaskInstance: fetch_google_data_v03.14th_task scheduled__2023-11-08T00:00:00+00:00 [queued]>
[2023-11-09T02:05:28.502+0000] {taskinstance.py:1361} INFO - Starting attempt 1 of 6
[2023-11-09T02:05:28.615+0000] {taskinstance.py:1382} INFO - Executing <Task(BashOperator): 14th_task> on 2023-11-08 00:00:00+00:00
[2023-11-09T02:05:28.653+0000] {standard_task_runner.py:57} INFO - Started process 3005 to run task
[2023-11-09T02:05:28.663+0000] {standard_task_runner.py:84} INFO - Running: ['***', 'tasks', 'run', 'fetch_google_data_v03', '14th_task', 'scheduled__2023-11-08T00:00:00+00:00', '--job-id', '466', '--raw', '--subdir', 'DAGS_FOLDER/fetch_data.py', '--cfg-path', '/tmp/tmp3d6e8_b1']
[2023-11-09T02:05:28.684+0000] {standard_task_runner.py:85} INFO - Job 466: Subtask 14th_task
[2023-11-09T02:05:28.898+0000] {logging_mixin.py:151} INFO - Changing /opt/***/logs/dag_id=fetch_google_data_v03/run_id=scheduled__2023-11-08T00:00:00+00:00/task_id=14th_task permission to 509
[2023-11-09T02:05:28.917+0000] {task_command.py:416} INFO - Running <TaskInstance: fetch_google_data_v03.14th_task scheduled__2023-11-08T00:00:00+00:00 [running]> on host a4fee2fb2c17
[2023-11-09T02:05:29.556+0000] {taskinstance.py:1662} INFO - Exporting env vars: AIRFLOW_CTX_DAG_OWNER='Toema' AIRFLOW_CTX_DAG_ID='fetch_google_data_v03' AIRFLOW_CTX_TASK_ID='14th_task' AIRFLOW_CTX_EXECUTION_DATE='2023-11-08T00:00:00+00:00' AIRFLOW_CTX_TRY_NUMBER='1' AIRFLOW_CTX_DAG_RUN_ID='scheduled__2023-11-08T00:00:00+00:00'
[2023-11-09T02:05:29.561+0000] {subprocess.py:63} INFO - Tmp dir root location: /tmp
[2023-11-09T02:05:29.568+0000] {subprocess.py:75} INFO - Running command: ['/bin/bash', '-c', 'pip install wget']
[2023-11-09T02:05:29.626+0000] {subprocess.py:86} INFO - Output:
[2023-11-09T02:05:36.315+0000] {subprocess.py:93} INFO - Defaulting to user installation because normal site-packages is not writeable
[2023-11-09T02:05:38.531+0000] {subprocess.py:93} INFO - Collecting wget
[2023-11-09T02:05:39.452+0000] {subprocess.py:93} INFO -   Downloading wget-3.2.zip (10 kB)
[2023-11-09T02:05:39.482+0000] {subprocess.py:93} INFO -   Preparing metadata (setup.py): started
[2023-11-09T02:05:42.503+0000] {subprocess.py:93} INFO -   Preparing metadata (setup.py): finished with status 'done'
[2023-11-09T02:05:42.517+0000] {subprocess.py:93} INFO - Building wheels for collected packages: wget
[2023-11-09T02:05:42.522+0000] {subprocess.py:93} INFO -   Building wheel for wget (setup.py): started
[2023-11-09T02:05:49.215+0000] {subprocess.py:93} INFO -   Building wheel for wget (setup.py): finished with status 'done'
[2023-11-09T02:05:49.228+0000] {subprocess.py:93} INFO -   Created wheel for wget: filename=wget-3.2-py3-none-any.whl size=9655 sha256=b72c9338a910cdf8fba0c20de820a5ead933079e2126016e3d731f53f548ac12
[2023-11-09T02:05:49.232+0000] {subprocess.py:93} INFO -   Stored in directory: /home/***/.cache/pip/wheels/bd/a8/c3/3cf2c14a1837a4e04bd98631724e81f33f462d86a1d895fae0
[2023-11-09T02:05:49.236+0000] {subprocess.py:93} INFO - Successfully built wget
[2023-11-09T02:06:29.294+0000] {subprocess.py:93} INFO - Installing collected packages: wget
[2023-11-09T02:06:29.532+0000] {subprocess.py:93} INFO - Successfully installed wget-3.2
[2023-11-09T02:06:29.576+0000] {subprocess.py:93} INFO - 
[2023-11-09T02:06:29.579+0000] {subprocess.py:93} INFO - [notice] A new release of pip is available: 23.0.1 -> 23.3.1
[2023-11-09T02:06:29.583+0000] {subprocess.py:93} INFO - [notice] To update, run: pip install --upgrade pip
[2023-11-09T02:06:30.576+0000] {subprocess.py:97} INFO - Command exited with return code 0
[2023-11-09T02:06:30.784+0000] {taskinstance.py:1400} INFO - Marking task as SUCCESS. dag_id=fetch_google_data_v03, task_id=14th_task, execution_date=20231108T000000, start_date=20231109T020528, end_date=20231109T020630
[2023-11-09T02:06:31.313+0000] {local_task_job_runner.py:228} INFO - Task exited with return code 0
[2023-11-09T02:06:31.390+0000] {taskinstance.py:2778} INFO - 1 downstream tasks scheduled from follow-on schedule check
