[2023-11-04T23:07:19.210+0000] {logging_mixin.py:151} INFO - Changing /opt/***/logs/dag_id=dag_for_s3_files_checker_v01/run_id=manual__2023-11-04T23:07:15.190083+00:00/task_id=32rd_task permission to 509
[2023-11-04T23:07:19.257+0000] {logging_mixin.py:151} INFO - Changing /opt/***/logs/dag_id=dag_for_s3_files_checker_v01/run_id=manual__2023-11-04T23:07:15.190083+00:00/task_id=32rd_task permission to 509
[2023-11-04T23:07:19.313+0000] {taskinstance.py:1159} INFO - Dependencies all met for dep_context=non-requeueable deps ti=<TaskInstance: dag_for_s3_files_checker_v01.32rd_task manual__2023-11-04T23:07:15.190083+00:00 [queued]>
[2023-11-04T23:07:19.329+0000] {taskinstance.py:1159} INFO - Dependencies all met for dep_context=requeueable deps ti=<TaskInstance: dag_for_s3_files_checker_v01.32rd_task manual__2023-11-04T23:07:15.190083+00:00 [queued]>
[2023-11-04T23:07:19.331+0000] {taskinstance.py:1361} INFO - Starting attempt 1 of 6
[2023-11-04T23:07:19.363+0000] {taskinstance.py:1382} INFO - Executing <Task(BashOperator): 32rd_task> on 2023-11-04 23:07:15.190083+00:00
[2023-11-04T23:07:19.369+0000] {standard_task_runner.py:57} INFO - Started process 5976 to run task
[2023-11-04T23:07:19.375+0000] {standard_task_runner.py:84} INFO - Running: ['***', 'tasks', 'run', 'dag_for_s3_files_checker_v01', '32rd_task', 'manual__2023-11-04T23:07:15.190083+00:00', '--job-id', '91', '--raw', '--subdir', 'DAGS_FOLDER/check_S3_files.py', '--cfg-path', '/tmp/tmpnhzd89eb']
[2023-11-04T23:07:19.380+0000] {standard_task_runner.py:85} INFO - Job 91: Subtask 32rd_task
[2023-11-04T23:07:19.459+0000] {logging_mixin.py:151} INFO - Changing /opt/***/logs/dag_id=dag_for_s3_files_checker_v01/run_id=manual__2023-11-04T23:07:15.190083+00:00/task_id=32rd_task permission to 509
[2023-11-04T23:07:19.467+0000] {task_command.py:416} INFO - Running <TaskInstance: dag_for_s3_files_checker_v01.32rd_task manual__2023-11-04T23:07:15.190083+00:00 [running]> on host c1553d42a04f
[2023-11-04T23:07:19.611+0000] {taskinstance.py:1662} INFO - Exporting env vars: AIRFLOW_CTX_DAG_OWNER='Toema' AIRFLOW_CTX_DAG_ID='dag_for_s3_files_checker_v01' AIRFLOW_CTX_TASK_ID='32rd_task' AIRFLOW_CTX_EXECUTION_DATE='2023-11-04T23:07:15.190083+00:00' AIRFLOW_CTX_TRY_NUMBER='1' AIRFLOW_CTX_DAG_RUN_ID='manual__2023-11-04T23:07:15.190083+00:00'
[2023-11-04T23:07:19.616+0000] {subprocess.py:63} INFO - Tmp dir root location: /tmp
[2023-11-04T23:07:19.620+0000] {subprocess.py:75} INFO - Running command: ['/bin/bash', '-c', 'pwd']
[2023-11-04T23:07:19.645+0000] {subprocess.py:86} INFO - Output:
[2023-11-04T23:07:19.650+0000] {subprocess.py:93} INFO - /tmp/***tmpfs6dbt9q
[2023-11-04T23:07:19.654+0000] {subprocess.py:97} INFO - Command exited with return code 0
[2023-11-04T23:07:19.728+0000] {taskinstance.py:1400} INFO - Marking task as SUCCESS. dag_id=dag_for_s3_files_checker_v01, task_id=32rd_task, execution_date=20231104T230715, start_date=20231104T230719, end_date=20231104T230719
[2023-11-04T23:07:19.790+0000] {local_task_job_runner.py:228} INFO - Task exited with return code 0
[2023-11-04T23:07:19.826+0000] {taskinstance.py:2778} INFO - 0 downstream tasks scheduled from follow-on schedule check
