[2023-11-05T21:57:48.417+0000] {logging_mixin.py:151} INFO - Changing /opt/***/logs/dag_id=fetch_google_data_v03/run_id=scheduled__2023-11-02T00:00:00+00:00/task_id=3rd_task permission to 509
[2023-11-05T21:57:48.482+0000] {logging_mixin.py:151} INFO - Changing /opt/***/logs/dag_id=fetch_google_data_v03/run_id=scheduled__2023-11-02T00:00:00+00:00/task_id=3rd_task permission to 509
[2023-11-05T21:57:48.559+0000] {taskinstance.py:1159} INFO - Dependencies all met for dep_context=non-requeueable deps ti=<TaskInstance: fetch_google_data_v03.3rd_task scheduled__2023-11-02T00:00:00+00:00 [queued]>
[2023-11-05T21:57:48.581+0000] {taskinstance.py:1159} INFO - Dependencies all met for dep_context=requeueable deps ti=<TaskInstance: fetch_google_data_v03.3rd_task scheduled__2023-11-02T00:00:00+00:00 [queued]>
[2023-11-05T21:57:48.583+0000] {taskinstance.py:1361} INFO - Starting attempt 2 of 6
[2023-11-05T21:57:48.614+0000] {taskinstance.py:1382} INFO - Executing <Task(BashOperator): 3rd_task> on 2023-11-02 00:00:00+00:00
[2023-11-05T21:57:48.628+0000] {standard_task_runner.py:57} INFO - Started process 44982 to run task
[2023-11-05T21:57:48.634+0000] {standard_task_runner.py:84} INFO - Running: ['***', 'tasks', 'run', 'fetch_google_data_v03', '3rd_task', 'scheduled__2023-11-02T00:00:00+00:00', '--job-id', '234', '--raw', '--subdir', 'DAGS_FOLDER/fetch_data.py', '--cfg-path', '/tmp/tmpeel4ijub']
[2023-11-05T21:57:48.642+0000] {standard_task_runner.py:85} INFO - Job 234: Subtask 3rd_task
[2023-11-05T21:57:48.772+0000] {logging_mixin.py:151} INFO - Changing /opt/***/logs/dag_id=fetch_google_data_v03/run_id=scheduled__2023-11-02T00:00:00+00:00/task_id=3rd_task permission to 509
[2023-11-05T21:57:48.787+0000] {task_command.py:416} INFO - Running <TaskInstance: fetch_google_data_v03.3rd_task scheduled__2023-11-02T00:00:00+00:00 [running]> on host 2e5f9e164ff4
[2023-11-05T21:57:49.050+0000] {taskinstance.py:1662} INFO - Exporting env vars: AIRFLOW_CTX_DAG_OWNER='Toema' AIRFLOW_CTX_DAG_ID='fetch_google_data_v03' AIRFLOW_CTX_TASK_ID='3rd_task' AIRFLOW_CTX_EXECUTION_DATE='2023-11-02T00:00:00+00:00' AIRFLOW_CTX_TRY_NUMBER='2' AIRFLOW_CTX_DAG_RUN_ID='scheduled__2023-11-02T00:00:00+00:00'
[2023-11-05T21:57:49.056+0000] {subprocess.py:63} INFO - Tmp dir root location: /tmp
[2023-11-05T21:57:49.061+0000] {subprocess.py:75} INFO - Running command: ['/bin/bash', '-c', 'python /opt/***/dags/src/scripts/fetch_automatic_downloads.py']
[2023-11-05T21:57:49.087+0000] {subprocess.py:86} INFO - Output:
[2023-11-05T22:03:28.360+0000] {subprocess.py:93} INFO - Downloading data for:  italy_and_regions
[2023-11-05T22:03:28.373+0000] {subprocess.py:93} INFO - Source url:  https://raw.githubusercontent.com/pcm-dpc/COVID-19/master/dati-regioni/dpc-covid19-ita-regioni.csv
[2023-11-05T22:03:28.375+0000] {subprocess.py:93} INFO - was not able to retrieve data from source_url
[2023-11-05T22:03:28.377+0000] {subprocess.py:93} INFO - Downloading data for:  nytimes
[2023-11-05T22:03:28.379+0000] {subprocess.py:93} INFO - Source url:  https://raw.githubusercontent.com/nytimes/covid-19-data/master/us-counties.csv
[2023-11-05T22:03:28.382+0000] {subprocess.py:93} INFO - was not able to retrieve data from source_url
[2023-11-05T22:03:28.385+0000] {subprocess.py:93} INFO - Downloading data for:  our_world_in_data
[2023-11-05T22:03:28.388+0000] {subprocess.py:93} INFO - Source url:  https://raw.githubusercontent.com/owid/covid-19-data/master/public/data/owid-covid-data.csv
[2023-11-05T22:03:28.390+0000] {subprocess.py:93} INFO - 
[2023-11-05T22:03:28.393+0000] {subprocess.py:93} INFO - File written to:  /opt/***/dags/data/inputs/downloaded/our_world_in_data/2023-11-05/full_data (1).csv
[2023-11-05T22:03:28.396+0000] {subprocess.py:93} INFO - Downloading data for:  oxford_policy
[2023-11-05T22:03:28.398+0000] {subprocess.py:93} INFO - Source url:  https://raw.githubusercontent.com/OxCGRT/covid-policy-tracker/master/data/OxCGRT_latest.csv
[2023-11-05T22:03:28.400+0000] {subprocess.py:93} INFO - was not able to retrieve data from source_url
[2023-11-05T22:03:28.403+0000] {subprocess.py:93} INFO - Downloading data for:  spain_and_regions
[2023-11-05T22:03:28.406+0000] {subprocess.py:93} INFO - Source url:  https://cnecovid.isciii.es/covid19/resources/agregados.csv
[2023-11-05T22:03:28.409+0000] {subprocess.py:93} INFO - was not able to retrieve data from source_url
[2023-11-05T22:03:28.412+0000] {subprocess.py:93} INFO - Downloading data for:  sweden_hospitalizations
[2023-11-05T22:03:28.415+0000] {subprocess.py:93} INFO - Source url:  https://www.arcgis.com/sharing/rest/content/items/b5e7488e117749c19881cce45db13f7e/data
[2023-11-05T22:03:28.417+0000] {subprocess.py:93} INFO - was not able to retrieve data from source_url
[2023-11-05T22:03:28.419+0000] {subprocess.py:93} INFO - Downloading data for:  switzerland_regions
[2023-11-05T22:03:28.422+0000] {subprocess.py:93} INFO - Source url:  https://raw.githubusercontent.com/openZH/covid_19/master/COVID19_Fallzahlen_CH_total_v2.csv
[2023-11-05T22:03:28.424+0000] {subprocess.py:93} INFO - 
[2023-11-05T22:03:28.426+0000] {subprocess.py:93} INFO - File written to:  /opt/***/dags/data/inputs/downloaded/switzerland_regions/2023-11-05/COVID19_Fallzahlen_CH_total_v2.csv
[2023-11-05T22:03:28.430+0000] {subprocess.py:93} INFO - Done with fetch_automatic_downloads.py
[2023-11-05T22:03:30.367+0000] {subprocess.py:97} INFO - Command exited with return code 0
[2023-11-05T22:03:30.493+0000] {taskinstance.py:1400} INFO - Marking task as SUCCESS. dag_id=fetch_google_data_v03, task_id=3rd_task, execution_date=20231102T000000, start_date=20231105T215748, end_date=20231105T220330
[2023-11-05T22:03:31.593+0000] {local_task_job_runner.py:228} INFO - Task exited with return code 0
[2023-11-05T22:03:31.683+0000] {taskinstance.py:2778} INFO - 1 downstream tasks scheduled from follow-on schedule check
