[2023-11-09T02:15:20.238+0000] {logging_mixin.py:151} INFO - Changing /opt/***/logs/dag_id=fetch_google_data_v03/run_id=scheduled__2023-11-07T00:00:00+00:00/task_id=5th_task permission to 509
[2023-11-09T02:15:20.363+0000] {logging_mixin.py:151} INFO - Changing /opt/***/logs/dag_id=fetch_google_data_v03/run_id=scheduled__2023-11-07T00:00:00+00:00/task_id=5th_task permission to 509
[2023-11-09T02:15:20.502+0000] {taskinstance.py:1159} INFO - Dependencies all met for dep_context=non-requeueable deps ti=<TaskInstance: fetch_google_data_v03.5th_task scheduled__2023-11-07T00:00:00+00:00 [queued]>
[2023-11-09T02:15:20.555+0000] {taskinstance.py:1159} INFO - Dependencies all met for dep_context=requeueable deps ti=<TaskInstance: fetch_google_data_v03.5th_task scheduled__2023-11-07T00:00:00+00:00 [queued]>
[2023-11-09T02:15:20.564+0000] {taskinstance.py:1361} INFO - Starting attempt 1 of 6
[2023-11-09T02:15:20.635+0000] {taskinstance.py:1382} INFO - Executing <Task(BashOperator): 5th_task> on 2023-11-07 00:00:00+00:00
[2023-11-09T02:15:20.650+0000] {standard_task_runner.py:57} INFO - Started process 6817 to run task
[2023-11-09T02:15:20.666+0000] {standard_task_runner.py:84} INFO - Running: ['***', 'tasks', 'run', 'fetch_google_data_v03', '5th_task', 'scheduled__2023-11-07T00:00:00+00:00', '--job-id', '472', '--raw', '--subdir', 'DAGS_FOLDER/fetch_data.py', '--cfg-path', '/tmp/tmpvfbcw0hy']
[2023-11-09T02:15:20.675+0000] {standard_task_runner.py:85} INFO - Job 472: Subtask 5th_task
[2023-11-09T02:15:20.863+0000] {logging_mixin.py:151} INFO - Changing /opt/***/logs/dag_id=fetch_google_data_v03/run_id=scheduled__2023-11-07T00:00:00+00:00/task_id=5th_task permission to 509
[2023-11-09T02:15:20.885+0000] {task_command.py:416} INFO - Running <TaskInstance: fetch_google_data_v03.5th_task scheduled__2023-11-07T00:00:00+00:00 [running]> on host a4fee2fb2c17
[2023-11-09T02:15:21.247+0000] {taskinstance.py:1662} INFO - Exporting env vars: AIRFLOW_CTX_DAG_OWNER='Toema' AIRFLOW_CTX_DAG_ID='fetch_google_data_v03' AIRFLOW_CTX_TASK_ID='5th_task' AIRFLOW_CTX_EXECUTION_DATE='2023-11-07T00:00:00+00:00' AIRFLOW_CTX_TRY_NUMBER='1' AIRFLOW_CTX_DAG_RUN_ID='scheduled__2023-11-07T00:00:00+00:00'
[2023-11-09T02:15:21.251+0000] {subprocess.py:63} INFO - Tmp dir root location: /tmp
[2023-11-09T02:15:21.256+0000] {subprocess.py:75} INFO - Running command: ['/bin/bash', '-c', 'pwd']
[2023-11-09T02:15:21.284+0000] {subprocess.py:86} INFO - Output:
[2023-11-09T02:15:21.292+0000] {subprocess.py:93} INFO - /tmp/***tmpmpd24t09
[2023-11-09T02:15:21.301+0000] {subprocess.py:97} INFO - Command exited with return code 0
[2023-11-09T02:15:21.381+0000] {taskinstance.py:1400} INFO - Marking task as SUCCESS. dag_id=fetch_google_data_v03, task_id=5th_task, execution_date=20231107T000000, start_date=20231109T021520, end_date=20231109T021521
[2023-11-09T02:15:21.491+0000] {local_task_job_runner.py:228} INFO - Task exited with return code 0
[2023-11-09T02:15:21.553+0000] {taskinstance.py:2778} INFO - 0 downstream tasks scheduled from follow-on schedule check
