[2023-11-07T00:46:33.793+0000] {logging_mixin.py:151} INFO - Changing /opt/***/logs/dag_id=fetch_google_data_v03/run_id=scheduled__2023-11-06T00:00:00+00:00/task_id=14th_task permission to 509
[2023-11-07T00:46:33.918+0000] {logging_mixin.py:151} INFO - Changing /opt/***/logs/dag_id=fetch_google_data_v03/run_id=scheduled__2023-11-06T00:00:00+00:00/task_id=14th_task permission to 509
[2023-11-07T00:46:34.073+0000] {taskinstance.py:1159} INFO - Dependencies all met for dep_context=non-requeueable deps ti=<TaskInstance: fetch_google_data_v03.14th_task scheduled__2023-11-06T00:00:00+00:00 [queued]>
[2023-11-07T00:46:34.114+0000] {taskinstance.py:1159} INFO - Dependencies all met for dep_context=requeueable deps ti=<TaskInstance: fetch_google_data_v03.14th_task scheduled__2023-11-06T00:00:00+00:00 [queued]>
[2023-11-07T00:46:34.117+0000] {taskinstance.py:1361} INFO - Starting attempt 1 of 6
[2023-11-07T00:46:34.173+0000] {taskinstance.py:1382} INFO - Executing <Task(BashOperator): 14th_task> on 2023-11-06 00:00:00+00:00
[2023-11-07T00:46:34.188+0000] {standard_task_runner.py:57} INFO - Started process 187 to run task
[2023-11-07T00:46:34.196+0000] {standard_task_runner.py:84} INFO - Running: ['***', 'tasks', 'run', 'fetch_google_data_v03', '14th_task', 'scheduled__2023-11-06T00:00:00+00:00', '--job-id', '253', '--raw', '--subdir', 'DAGS_FOLDER/fetch_data.py', '--cfg-path', '/tmp/tmpmp1vgb2r']
[2023-11-07T00:46:34.208+0000] {standard_task_runner.py:85} INFO - Job 253: Subtask 14th_task
[2023-11-07T00:46:34.422+0000] {logging_mixin.py:151} INFO - Changing /opt/***/logs/dag_id=fetch_google_data_v03/run_id=scheduled__2023-11-06T00:00:00+00:00/task_id=14th_task permission to 509
[2023-11-07T00:46:34.447+0000] {task_command.py:416} INFO - Running <TaskInstance: fetch_google_data_v03.14th_task scheduled__2023-11-06T00:00:00+00:00 [running]> on host 2e5f9e164ff4
[2023-11-07T00:46:35.317+0000] {taskinstance.py:1662} INFO - Exporting env vars: AIRFLOW_CTX_DAG_OWNER='Toema' AIRFLOW_CTX_DAG_ID='fetch_google_data_v03' AIRFLOW_CTX_TASK_ID='14th_task' AIRFLOW_CTX_EXECUTION_DATE='2023-11-06T00:00:00+00:00' AIRFLOW_CTX_TRY_NUMBER='1' AIRFLOW_CTX_DAG_RUN_ID='scheduled__2023-11-06T00:00:00+00:00'
[2023-11-07T00:46:35.325+0000] {subprocess.py:63} INFO - Tmp dir root location: /tmp
[2023-11-07T00:46:35.339+0000] {subprocess.py:75} INFO - Running command: ['/bin/bash', '-c', 'pip install wget']
[2023-11-07T00:46:35.492+0000] {subprocess.py:86} INFO - Output:
[2023-11-07T00:46:52.010+0000] {subprocess.py:93} INFO - Defaulting to user installation because normal site-packages is not writeable
[2023-11-07T00:46:56.061+0000] {subprocess.py:93} INFO - Requirement already satisfied: wget in /home/***/.local/lib/python3.8/site-packages (3.2)
[2023-11-07T00:47:24.301+0000] {subprocess.py:93} INFO - 
[2023-11-07T00:47:24.303+0000] {subprocess.py:93} INFO - [notice] A new release of pip is available: 23.0.1 -> 23.3.1
[2023-11-07T00:47:24.305+0000] {subprocess.py:93} INFO - [notice] To update, run: pip install --upgrade pip
[2023-11-07T00:47:24.987+0000] {subprocess.py:97} INFO - Command exited with return code 0
[2023-11-07T00:47:25.209+0000] {taskinstance.py:1400} INFO - Marking task as SUCCESS. dag_id=fetch_google_data_v03, task_id=14th_task, execution_date=20231106T000000, start_date=20231107T004634, end_date=20231107T004725
[2023-11-07T00:47:25.284+0000] {local_task_job_runner.py:228} INFO - Task exited with return code 0
[2023-11-07T00:47:25.391+0000] {taskinstance.py:2778} INFO - 1 downstream tasks scheduled from follow-on schedule check
