[2023-11-08T00:43:10.652+0000] {logging_mixin.py:151} INFO - Changing /opt/***/logs/dag_id=check_S3_minio_bucket_v01/run_id=manual__2023-11-08T00:43:08.571077+00:00/task_id=1st_task permission to 509
[2023-11-08T00:43:10.725+0000] {logging_mixin.py:151} INFO - Changing /opt/***/logs/dag_id=check_S3_minio_bucket_v01/run_id=manual__2023-11-08T00:43:08.571077+00:00/task_id=1st_task permission to 509
[2023-11-08T00:43:10.795+0000] {taskinstance.py:1159} INFO - Dependencies all met for dep_context=non-requeueable deps ti=<TaskInstance: check_S3_minio_bucket_v01.1st_task manual__2023-11-08T00:43:08.571077+00:00 [queued]>
[2023-11-08T00:43:10.827+0000] {taskinstance.py:1159} INFO - Dependencies all met for dep_context=requeueable deps ti=<TaskInstance: check_S3_minio_bucket_v01.1st_task manual__2023-11-08T00:43:08.571077+00:00 [queued]>
[2023-11-08T00:43:10.830+0000] {taskinstance.py:1361} INFO - Starting attempt 1 of 6
[2023-11-08T00:43:10.872+0000] {taskinstance.py:1382} INFO - Executing <Task(BashOperator): 1st_task> on 2023-11-08 00:43:08.571077+00:00
[2023-11-08T00:43:10.884+0000] {standard_task_runner.py:57} INFO - Started process 11140 to run task
[2023-11-08T00:43:10.893+0000] {standard_task_runner.py:84} INFO - Running: ['***', 'tasks', 'run', 'check_S3_minio_bucket_v01', '1st_task', 'manual__2023-11-08T00:43:08.571077+00:00', '--job-id', '412', '--raw', '--subdir', 'DAGS_FOLDER/check_S3_bucket.py', '--cfg-path', '/tmp/tmpo_1c_gnp']
[2023-11-08T00:43:10.912+0000] {standard_task_runner.py:85} INFO - Job 412: Subtask 1st_task
[2023-11-08T00:43:11.044+0000] {logging_mixin.py:151} INFO - Changing /opt/***/logs/dag_id=check_S3_minio_bucket_v01/run_id=manual__2023-11-08T00:43:08.571077+00:00/task_id=1st_task permission to 509
[2023-11-08T00:43:11.056+0000] {task_command.py:416} INFO - Running <TaskInstance: check_S3_minio_bucket_v01.1st_task manual__2023-11-08T00:43:08.571077+00:00 [running]> on host 326a1fe25163
[2023-11-08T00:43:11.304+0000] {taskinstance.py:1662} INFO - Exporting env vars: AIRFLOW_CTX_DAG_OWNER='Toema' AIRFLOW_CTX_DAG_ID='check_S3_minio_bucket_v01' AIRFLOW_CTX_TASK_ID='1st_task' AIRFLOW_CTX_EXECUTION_DATE='2023-11-08T00:43:08.571077+00:00' AIRFLOW_CTX_TRY_NUMBER='1' AIRFLOW_CTX_DAG_RUN_ID='manual__2023-11-08T00:43:08.571077+00:00'
[2023-11-08T00:43:11.309+0000] {subprocess.py:63} INFO - Tmp dir root location: /tmp
[2023-11-08T00:43:11.313+0000] {subprocess.py:75} INFO - Running command: ['/bin/bash', '-c', 'pip install minio ']
[2023-11-08T00:43:11.342+0000] {subprocess.py:86} INFO - Output:
[2023-11-08T00:43:14.850+0000] {subprocess.py:93} INFO - Defaulting to user installation because normal site-packages is not writeable
[2023-11-08T00:43:15.464+0000] {subprocess.py:93} INFO - Requirement already satisfied: minio in /home/***/.local/lib/python3.8/site-packages (7.1.17)
[2023-11-08T00:43:15.469+0000] {subprocess.py:93} INFO - Requirement already satisfied: urllib3 in /home/***/.local/lib/python3.8/site-packages (from minio) (1.26.17)
[2023-11-08T00:43:15.471+0000] {subprocess.py:93} INFO - Requirement already satisfied: certifi in /home/***/.local/lib/python3.8/site-packages (from minio) (2023.7.22)
[2023-11-08T00:43:29.848+0000] {subprocess.py:93} INFO - 
[2023-11-08T00:43:29.850+0000] {subprocess.py:93} INFO - [notice] A new release of pip is available: 23.0.1 -> 23.3.1
[2023-11-08T00:43:29.852+0000] {subprocess.py:93} INFO - [notice] To update, run: pip install --upgrade pip
[2023-11-08T00:43:30.433+0000] {subprocess.py:97} INFO - Command exited with return code 0
[2023-11-08T00:43:30.487+0000] {taskinstance.py:1400} INFO - Marking task as SUCCESS. dag_id=check_S3_minio_bucket_v01, task_id=1st_task, execution_date=20231108T004308, start_date=20231108T004310, end_date=20231108T004330
[2023-11-08T00:43:30.579+0000] {local_task_job_runner.py:228} INFO - Task exited with return code 0
[2023-11-08T00:43:30.635+0000] {taskinstance.py:2778} INFO - 1 downstream tasks scheduled from follow-on schedule check
