[2023-11-04T23:43:15.909+0000] {logging_mixin.py:151} INFO - Changing /opt/***/logs/dag_id=fetch_google_data_v01/run_id=manual__2023-11-04T23:43:09.183982+00:00/task_id=3rd_task permission to 509
[2023-11-04T23:43:16.000+0000] {logging_mixin.py:151} INFO - Changing /opt/***/logs/dag_id=fetch_google_data_v01/run_id=manual__2023-11-04T23:43:09.183982+00:00/task_id=3rd_task permission to 509
[2023-11-04T23:43:16.128+0000] {taskinstance.py:1159} INFO - Dependencies all met for dep_context=non-requeueable deps ti=<TaskInstance: fetch_google_data_v01.3rd_task manual__2023-11-04T23:43:09.183982+00:00 [queued]>
[2023-11-04T23:43:16.165+0000] {taskinstance.py:1159} INFO - Dependencies all met for dep_context=requeueable deps ti=<TaskInstance: fetch_google_data_v01.3rd_task manual__2023-11-04T23:43:09.183982+00:00 [queued]>
[2023-11-04T23:43:16.167+0000] {taskinstance.py:1361} INFO - Starting attempt 1 of 6
[2023-11-04T23:43:16.214+0000] {taskinstance.py:1382} INFO - Executing <Task(BashOperator): 3rd_task> on 2023-11-04 23:43:09.183982+00:00
[2023-11-04T23:43:16.229+0000] {standard_task_runner.py:57} INFO - Started process 420 to run task
[2023-11-04T23:43:16.236+0000] {standard_task_runner.py:84} INFO - Running: ['***', 'tasks', 'run', 'fetch_google_data_v01', '3rd_task', 'manual__2023-11-04T23:43:09.183982+00:00', '--job-id', '106', '--raw', '--subdir', 'DAGS_FOLDER/fetch_data.py', '--cfg-path', '/tmp/tmpucgo9096']
[2023-11-04T23:43:16.244+0000] {standard_task_runner.py:85} INFO - Job 106: Subtask 3rd_task
[2023-11-04T23:43:16.378+0000] {logging_mixin.py:151} INFO - Changing /opt/***/logs/dag_id=fetch_google_data_v01/run_id=manual__2023-11-04T23:43:09.183982+00:00/task_id=3rd_task permission to 509
[2023-11-04T23:43:16.392+0000] {task_command.py:416} INFO - Running <TaskInstance: fetch_google_data_v01.3rd_task manual__2023-11-04T23:43:09.183982+00:00 [running]> on host 264d7b91d87b
[2023-11-04T23:43:16.593+0000] {taskinstance.py:1662} INFO - Exporting env vars: AIRFLOW_CTX_DAG_OWNER='Toema' AIRFLOW_CTX_DAG_ID='fetch_google_data_v01' AIRFLOW_CTX_TASK_ID='3rd_task' AIRFLOW_CTX_EXECUTION_DATE='2023-11-04T23:43:09.183982+00:00' AIRFLOW_CTX_TRY_NUMBER='1' AIRFLOW_CTX_DAG_RUN_ID='manual__2023-11-04T23:43:09.183982+00:00'
[2023-11-04T23:43:16.598+0000] {subprocess.py:63} INFO - Tmp dir root location: /tmp
[2023-11-04T23:43:16.602+0000] {subprocess.py:75} INFO - Running command: ['/bin/bash', '-c', 'python /opt/***/dags/openCovid19/src/scripts/fetch_automatic_downloads.py']
[2023-11-04T23:43:16.640+0000] {subprocess.py:86} INFO - Output:
[2023-11-04T23:43:16.944+0000] {subprocess.py:93} INFO - python: can't open file '/opt/***/dags/openCovid19/src/scripts/fetch_automatic_downloads.py': [Errno 2] No such file or directory
[2023-11-04T23:43:16.958+0000] {subprocess.py:97} INFO - Command exited with return code 2
[2023-11-04T23:43:16.985+0000] {taskinstance.py:1937} ERROR - Task failed with exception
Traceback (most recent call last):
  File "/home/airflow/.local/lib/python3.8/site-packages/airflow/operators/bash.py", line 210, in execute
    raise AirflowException(
airflow.exceptions.AirflowException: Bash command failed. The command returned a non-zero exit code 2.
[2023-11-04T23:43:16.993+0000] {taskinstance.py:1400} INFO - Marking task as UP_FOR_RETRY. dag_id=fetch_google_data_v01, task_id=3rd_task, execution_date=20231104T234309, start_date=20231104T234316, end_date=20231104T234316
[2023-11-04T23:43:17.034+0000] {standard_task_runner.py:104} ERROR - Failed to execute job 106 for task 3rd_task (Bash command failed. The command returned a non-zero exit code 2.; 420)
[2023-11-04T23:43:17.057+0000] {local_task_job_runner.py:228} INFO - Task exited with return code 1
[2023-11-04T23:43:17.095+0000] {taskinstance.py:2778} INFO - 0 downstream tasks scheduled from follow-on schedule check
