[2023-11-05T21:28:07.033+0000] {logging_mixin.py:151} INFO - Changing /opt/***/logs/dag_id=fetch_google_data_v03/run_id=manual__2023-11-05T21:27:55.492180+00:00/task_id=14th_task permission to 509
[2023-11-05T21:28:07.140+0000] {logging_mixin.py:151} INFO - Changing /opt/***/logs/dag_id=fetch_google_data_v03/run_id=manual__2023-11-05T21:27:55.492180+00:00/task_id=14th_task permission to 509
[2023-11-05T21:28:07.288+0000] {taskinstance.py:1159} INFO - Dependencies all met for dep_context=non-requeueable deps ti=<TaskInstance: fetch_google_data_v03.14th_task manual__2023-11-05T21:27:55.492180+00:00 [queued]>
[2023-11-05T21:28:07.331+0000] {taskinstance.py:1159} INFO - Dependencies all met for dep_context=requeueable deps ti=<TaskInstance: fetch_google_data_v03.14th_task manual__2023-11-05T21:27:55.492180+00:00 [queued]>
[2023-11-05T21:28:07.333+0000] {taskinstance.py:1361} INFO - Starting attempt 1 of 6
[2023-11-05T21:28:07.381+0000] {taskinstance.py:1382} INFO - Executing <Task(BashOperator): 14th_task> on 2023-11-05 21:27:55.492180+00:00
[2023-11-05T21:28:07.407+0000] {standard_task_runner.py:57} INFO - Started process 40246 to run task
[2023-11-05T21:28:07.414+0000] {standard_task_runner.py:84} INFO - Running: ['***', 'tasks', 'run', 'fetch_google_data_v03', '14th_task', 'manual__2023-11-05T21:27:55.492180+00:00', '--job-id', '215', '--raw', '--subdir', 'DAGS_FOLDER/fetch_data.py', '--cfg-path', '/tmp/tmp8xktss8i']
[2023-11-05T21:28:07.420+0000] {standard_task_runner.py:85} INFO - Job 215: Subtask 14th_task
[2023-11-05T21:28:07.549+0000] {logging_mixin.py:151} INFO - Changing /opt/***/logs/dag_id=fetch_google_data_v03/run_id=manual__2023-11-05T21:27:55.492180+00:00/task_id=14th_task permission to 509
[2023-11-05T21:28:07.562+0000] {task_command.py:416} INFO - Running <TaskInstance: fetch_google_data_v03.14th_task manual__2023-11-05T21:27:55.492180+00:00 [running]> on host 2e5f9e164ff4
[2023-11-05T21:28:07.721+0000] {taskinstance.py:1662} INFO - Exporting env vars: AIRFLOW_CTX_DAG_OWNER='Toema' AIRFLOW_CTX_DAG_ID='fetch_google_data_v03' AIRFLOW_CTX_TASK_ID='14th_task' AIRFLOW_CTX_EXECUTION_DATE='2023-11-05T21:27:55.492180+00:00' AIRFLOW_CTX_TRY_NUMBER='1' AIRFLOW_CTX_DAG_RUN_ID='manual__2023-11-05T21:27:55.492180+00:00'
[2023-11-05T21:28:07.724+0000] {subprocess.py:63} INFO - Tmp dir root location: /tmp
[2023-11-05T21:28:07.730+0000] {subprocess.py:75} INFO - Running command: ['/bin/bash', '-c', 'pip install wget']
[2023-11-05T21:28:07.785+0000] {subprocess.py:86} INFO - Output:
[2023-11-05T21:28:11.207+0000] {subprocess.py:93} INFO - Defaulting to user installation because normal site-packages is not writeable
[2023-11-05T21:28:11.930+0000] {subprocess.py:93} INFO - Requirement already satisfied: wget in /home/***/.local/lib/python3.8/site-packages (3.2)
[2023-11-05T21:28:21.783+0000] {subprocess.py:93} INFO - 
[2023-11-05T21:28:21.785+0000] {subprocess.py:93} INFO - [notice] A new release of pip is available: 23.0.1 -> 23.3.1
[2023-11-05T21:28:21.787+0000] {subprocess.py:93} INFO - [notice] To update, run: pip install --upgrade pip
[2023-11-05T21:28:22.334+0000] {subprocess.py:97} INFO - Command exited with return code 0
[2023-11-05T21:28:22.401+0000] {taskinstance.py:1400} INFO - Marking task as SUCCESS. dag_id=fetch_google_data_v03, task_id=14th_task, execution_date=20231105T212755, start_date=20231105T212807, end_date=20231105T212822
[2023-11-05T21:28:23.411+0000] {local_task_job_runner.py:228} INFO - Task exited with return code 0
[2023-11-05T21:28:23.452+0000] {taskinstance.py:2778} INFO - 1 downstream tasks scheduled from follow-on schedule check
